
 cat-1 tab-post2 cmttab-comment2Empty thread:    

 cat-1 tab-post2 cmttab-comment2Empty thread: eQJvsjn9EeWJaxK5AT4frw eQJvsjn9EeWJaxK5AT4frw~IqdJbBz2EeaHYQrA6vK1PQ 109 

 cat-1 tab-post2 cmttab-comment2Empty thread: eQJvsjn9EeWJaxK5AT4frw eQJvsjn9EeWJaxK5AT4frw~0Cqbzx58Eeag6wpD-92Rcw 119 

 cat-1 tab-post2 cmttab-comment2Empty thread: eQJvsjn9EeWJaxK5AT4frw eQJvsjn9EeWJaxK5AT4frw~hRUPHxlwEea8qw7iXbJ_IQ 56 

 cat-1 tab-post2 cmttab-comment2Empty thread: eQJvsjn9EeWJaxK5AT4frw eQJvsjn9EeWJaxK5AT4frw~3vsuCBz0Eea7ohIwwrERow 104 

 cat-1 tab-post2 cmttab-comment2Empty thread: eQJvsjn9EeWJaxK5AT4frw eQJvsjn9EeWJaxK5AT4frw~hOQLsBkpEea8qw7iXbJ_IQ 115 

 cat-1 tab-post2 cmttab-comment2Empty thread: eQJvsjn9EeWJaxK5AT4frw eQJvsjn9EeWJaxK5AT4frw~M5VDCRgnEeagYwrS71wzzQ 85 

 cat-1 tab-post2 cmttab-comment2Empty thread: eQJvsjn9EeWJaxK5AT4frw eQJvsjn9EeWJaxK5AT4frw~ZDgEnStmEeabdwp3JVSF9w 43 

 cat-1 tab-post2 cmttab-comment2Empty thread: eQJvsjn9EeWJaxK5AT4frw eQJvsjn9EeWJaxK5AT4frw~cDF5LhubEeaLhQ74Ufc-sQ 52 

 cat-1 tab-post2 cmttab-comment2Empty thread: eQJvsjn9EeWJaxK5AT4frw eQJvsjn9EeWJaxK5AT4frw~VwICXhBWEeaxsBIihWq87Q 25 

 cat-1 tab-post2 cmttab-comment2Empty thread: eQJvsjn9EeWJaxK5AT4frw eQJvsjn9EeWJaxK5AT4frw~EdNXJh0kEeaNSw6v6KnGpw 19 

 cat-1 tab-post2 cmttab-comment2Empty thread: eQJvsjn9EeWJaxK5AT4frw eQJvsjn9EeWJaxK5AT4frw~98dqZBt6EeauxQoPktIdZw 75 

 cat-1 tab-post2 cmttab-comment2Empty thread: eQJvsjn9EeWJaxK5AT4frw eQJvsjn9EeWJaxK5AT4frw~-Qr9eSP3EearfA7hVcWeXw 5 

 cat-1 tab-post2 cmttab-comment2Empty thread: eQJvsjn9EeWJaxK5AT4frw eQJvsjn9EeWJaxK5AT4frw~kXqcAxLeEeavcw5bns7DCQ 59 

 cat-1 tab-post2 cmttab-comment2Empty thread: eQJvsjn9EeWJaxK5AT4frw eQJvsjn9EeWJaxK5AT4frw~6Sc7lTDNEeay0BJyTA_AJw 33 

 cat-1 tab-post2 cmttab-comment2Empty thread: eQJvsjn9EeWJaxK5AT4frw eQJvsjn9EeWJaxK5AT4frw~5gpytRecEeauxQoPktIdZw 116 

 cat-1 tab-post2 cmttab-comment2Empty thread: eQJvsjn9EeWJaxK5AT4frw eQJvsjn9EeWJaxK5AT4frw~eNdTBRs2EeawBQpBGS9q9w 127 

 cat-1 tab-post2 cmttab-comment2Empty thread: eQJvsjn9EeWJaxK5AT4frw eQJvsjn9EeWJaxK5AT4frw~F14sNBOzEeaO1w7d1s7iLw 23 

 cat-1 tab-post2 cmttab-comment2Empty thread: eQJvsjn9EeWJaxK5AT4frw eQJvsjn9EeWJaxK5AT4frw~Nd6qXhM4Eea63hJ3Ni_BAw 62 

 cat-1 tab-post2 cmttab-comment2Empty thread: eQJvsjn9EeWJaxK5AT4frw eQJvsjn9EeWJaxK5AT4frw~U7yq8hCPEea84w5Krj7Aqw 18 

 cat-1 tab-post2 cmttab-comment2Empty thread: eQJvsjn9EeWJaxK5AT4frw eQJvsjn9EeWJaxK5AT4frw~hfgTGhEdEea0FgrDsuIyMQ 81 

 cat-1 tab-post2 cmttab-comment2Empty thread: eQJvsjn9EeWJaxK5AT4frw eQJvsjn9EeWJaxK5AT4frw~MpFx5xrJEea8qw7iXbJ_IQ 76 

 cat-1 tab-post2 cmttab-comment2Empty thread: eQJvsjn9EeWJaxK5AT4frw eQJvsjn9EeWJaxK5AT4frw~ajpSzCGrEea7ohIwwrERow 51 

 cat-1 tab-post2 cmttab-comment2Empty thread: eQJvsjn9EeWJaxK5AT4frw eQJvsjn9EeWJaxK5AT4frw~bGy72SgNEeaKAhJC1hWxEQ 64 

 cat-1 tab-post2 cmttab-comment2Empty thread: eQJvsjn9EeWJaxK5AT4frw eQJvsjn9EeWJaxK5AT4frw~WeVYqB06EeaiOA521kQqww 49 

 cat-1 tab-post2 cmttab-comment2Empty thread: eQJvsjn9EeWJaxK5AT4frw eQJvsjn9EeWJaxK5AT4frw~1BY5lxqeEeaQWw7GElusZw 80 

 cat-1 tab-post2 cmttab-comment2Empty thread: eQJvsjn9EeWJaxK5AT4frw eQJvsjn9EeWJaxK5AT4frw~K2CunxicEeaQWw7GElusZw 54 

 cat-1 tab-post2 cmttab-comment2Empty thread: eQJvsjn9EeWJaxK5AT4frw eQJvsjn9EeWJaxK5AT4frw~4FucfSCIEeaiOA521kQqww 120 

 cat-1 tab-post2 cmttab-comment2Empty thread: eQJvsjn9EeWJaxK5AT4frw eQJvsjn9EeWJaxK5AT4frw~rszblyKDEeaGvwq7P--E0Q 47 

 cat-1 tab-post2 cmttab-comment2Empty thread: eQJvsjn9EeWJaxK5AT4frw eQJvsjn9EeWJaxK5AT4frw~txDZlRxoEeaIERIKn_tddw 126 

 cat-1 tab-post2 cmttab-comment2Empty thread: eQJvsjn9EeWJaxK5AT4frw eQJvsjn9EeWJaxK5AT4frw~YHxuch1SEeaxVRJ-Fv2Eqw 128 

 cat-1 tab-post2 cmttab-comment2Empty thread: eQJvsjn9EeWJaxK5AT4frw eQJvsjn9EeWJaxK5AT4frw~K0X6Fx-lEeaNSw6v6KnGpw 124 

 cat-1 tab-post2 cmttab-comment2Empty thread: eQJvsjn9EeWJaxK5AT4frw eQJvsjn9EeWJaxK5AT4frw~2cfh1hJpEeaxsBIihWq87Q 24 

 cat-1 tab-post2 cmttab-comment2Empty thread: eQJvsjn9EeWJaxK5AT4frw eQJvsjn9EeWJaxK5AT4frw~2-vUxSq9EeayaAoFBq8aPw 45 

 cat-1 tab-post2 cmttab-comment2Empty thread: eQJvsjn9EeWJaxK5AT4frw eQJvsjn9EeWJaxK5AT4frw~DWaeXxoAEeaP6xImEh3H8w 21 

 cat-1 tab-post2 cmttab-comment2Empty thread: eQJvsjn9EeWJaxK5AT4frw eQJvsjn9EeWJaxK5AT4frw~BdpvIx-9EeaZ7Q5tseGlgQ 96 

 cat-1 tab-post2 cmttab-comment2Empty thread: eQJvsjn9EeWJaxK5AT4frw eQJvsjn9EeWJaxK5AT4frw~XHYgYxrKEeaVGhJkV5uBJw 9 

 cat-1 tab-post2 cmttab-comment2Empty thread: eQJvsjn9EeWJaxK5AT4frw eQJvsjn9EeWJaxK5AT4frw~qe5F4x6pEeag6wpD-92Rcw 101 

 cat-1 tab-post2 cmttab-comment2Empty thread: eQJvsjn9EeWJaxK5AT4frw eQJvsjn9EeWJaxK5AT4frw~4ej3IiQLEeaZ7Q5tseGlgQ 46 

 cat-1 tab-post2 cmttab-comment2Empty thread: eQJvsjn9EeWJaxK5AT4frw eQJvsjn9EeWJaxK5AT4frw~xdp4iBZ2EeaotQoPyNtt_Q 117 

 cat-1 tab-post2 cmttab-comment2Empty thread: eQJvsjn9EeWJaxK5AT4frw eQJvsjn9EeWJaxK5AT4frw~XIJpPBnuEeaP6xImEh3H8w 69 

 cat-1 tab-post2 cmttab-comment2Empty thread: eQJvsjn9EeWJaxK5AT4frw eQJvsjn9EeWJaxK5AT4frw~CaiEzRF6Eeaqig5uXwUeGw 113 

 cat-1 tab-post2 cmttab-comment2Empty thread: eQJvsjn9EeWJaxK5AT4frw eQJvsjn9EeWJaxK5AT4frw~Q4VGYR6qEea_TAo4ODIo0w 66 

 cat-1 tab-post2 cmttab-comment2Empty thread: eQJvsjn9EeWJaxK5AT4frw eQJvsjn9EeWJaxK5AT4frw~C2UUnizCEea0DRLrrvCCTQ 36 

 cat-1 tab-post2 cmttab-comment2Empty thread: eQJvsjn9EeWJaxK5AT4frw eQJvsjn9EeWJaxK5AT4frw~MTo2sxiOEeaP6xImEh3H8w 13 

 cat-1 tab-post2 cmttab-comment2Empty thread: eQJvsjn9EeWJaxK5AT4frw eQJvsjn9EeWJaxK5AT4frw~1nbP4dFIEeaIhQofVhmyRg 28 

 cat-1 tab-post2 cmttab-comment2Empty thread: eQJvsjn9EeWJaxK5AT4frw eQJvsjn9EeWJaxK5AT4frw~7Fn1sRraEeasSgqcZTBEmw 79 

 cat-1 tab-post2 cmttab-comment2Empty thread: eQJvsjn9EeWJaxK5AT4frw eQJvsjn9EeWJaxK5AT4frw~_kYz3h9_EeanEw4Bwn2GsQ 7 

 cat-1 tab-post2 cmttab-comment2Empty thread: eQJvsjn9EeWJaxK5AT4frw eQJvsjn9EeWJaxK5AT4frw~U1AMniB7EeaVDxK4na7kAw 38 

 cat-1 tab-post2 cmttab-comment2Empty thread: eQJvsjn9EeWJaxK5AT4frw eQJvsjn9EeWJaxK5AT4frw~FlW27hb6Eeac7Ao-bdNLhQ 86 

 cat-1 tab-post2 cmttab-comment2Empty thread: eQJvsjn9EeWJaxK5AT4frw eQJvsjn9EeWJaxK5AT4frw~jOtmARapEeaNagrozOF-VQ 91 

 cat-1 tab-post2 cmttab-comment2Empty thread: eQJvsjn9EeWJaxK5AT4frw eQJvsjn9EeWJaxK5AT4frw~BUqa0RN3EeaotQoPyNtt_Q 50 

 cat-1 tab-post2 cmttab-comment2Empty thread: eQJvsjn9EeWJaxK5AT4frw eQJvsjn9EeWJaxK5AT4frw~icT1DxCQEeaxsBIihWq87Q 26 

 cat-1 tab-post2 cmttab-comment2Empty thread: eQJvsjn9EeWJaxK5AT4frw eQJvsjn9EeWJaxK5AT4frw~_6iwnR-HEeaiOA521kQqww 105 

 cat-1 tab-post2 cmttab-comment2Empty thread: eQJvsjn9EeWJaxK5AT4frw eQJvsjn9EeWJaxK5AT4frw~Z1SYpdQfEeW9ug73QL_FVQ 3 

 cat-1 tab-post2 cmttab-comment2Empty thread: eQJvsjn9EeWJaxK5AT4frw eQJvsjn9EeWJaxK5AT4frw~KqFfFRqqEeagYwrS71wzzQ 114 

 cat-1 tab-post2 cmttab-comment2Empty thread: eQJvsjn9EeWJaxK5AT4frw eQJvsjn9EeWJaxK5AT4frw~m90ipRrxEeaLhQ74Ufc-sQ 112 

 cat-1 tab-post2 cmttab-comment2Empty thread: eQJvsjn9EeWJaxK5AT4frw eQJvsjn9EeWJaxK5AT4frw~U1juKx-EEeaiOA521kQqww 106 

 cat-1 tab-post2 cmttab-comment2Empty thread: eQJvsjn9EeWJaxK5AT4frw eQJvsjn9EeWJaxK5AT4frw~yNbs7ieJEeaaVA48G_0dEQ 39 

 cat-1 tab-post2 cmttab-comment2Empty thread: eQJvsjn9EeWJaxK5AT4frw eQJvsjn9EeWJaxK5AT4frw~ht4RKulvEeWFuw7QEATDpw 63 

 cat-1 tab-post2 cmttab-comment2Empty thread: eQJvsjn9EeWJaxK5AT4frw eQJvsjn9EeWJaxK5AT4frw~1otouxshEeasSgqcZTBEmw 67 

 cat-1 tab-post2 cmttab-comment2Empty thread: eQJvsjn9EeWJaxK5AT4frw eQJvsjn9EeWJaxK5AT4frw~Ws4jtCGoEeaNSw6v6KnGpw 122 

 cat-1 tab-post2 cmttab-comment2Empty thread: eQJvsjn9EeWJaxK5AT4frw eQJvsjn9EeWJaxK5AT4frw~SURQab_dEeaN_w7XVB3P7A 29 

 cat-1 tab-post2 cmttab-comment2Empty thread: eQJvsjn9EeWJaxK5AT4frw eQJvsjn9EeWJaxK5AT4frw~olA5Bh-lEeaHYQrA6vK1PQ 125 

 cat-1 tab-post2 cmttab-comment2Empty thread: eQJvsjn9EeWJaxK5AT4frw eQJvsjn9EeWJaxK5AT4frw~DOVIZxvMEeaxVRJ-Fv2Eqw 53 

 cat-1 tab-post2 cmttab-comment2Empty thread: eQJvsjn9EeWJaxK5AT4frw eQJvsjn9EeWJaxK5AT4frw~ivQ1ysgJEea7thLw1oXWkA 1 

 cat-1 tab-post2 cmttab-comment2Empty thread: eQJvsjn9EeWJaxK5AT4frw eQJvsjn9EeWJaxK5AT4frw~AYg3SDClEea3ThLvjcf5Xw 32 

 cat-1 tab-post2 cmttab-comment2Empty thread: eQJvsjn9EeWJaxK5AT4frw eQJvsjn9EeWJaxK5AT4frw~oy1LWytjEea2MgrBjcQhKw 37 

 cat-1 tab-post2 cmttab-comment2Empty thread: eQJvsjn9EeWJaxK5AT4frw eQJvsjn9EeWJaxK5AT4frw~My2y3huCEea2HQ7RJsoMiQ 65 

 cat-1 tab-post2 cmttab-comment2Empty thread: eQJvsjn9EeWJaxK5AT4frw eQJvsjn9EeWJaxK5AT4frw~2Be5BBr9EeauxQoPktIdZw 20 

 cat-1 tab-post2 cmttab-comment2Empty thread: eQJvsjn9EeWJaxK5AT4frw eQJvsjn9EeWJaxK5AT4frw~2LnfWiUrEeawRg6_aDBdWw 44 

 cat-1 tab-post2 cmttab-comment2Empty thread: eQJvsjn9EeWJaxK5AT4frw eQJvsjn9EeWJaxK5AT4frw~fRqq2ysBEealng5zBIyoKQ 40 

 cat-1 tab-post2 cmttab-comment2Empty thread: eQJvsjn9EeWJaxK5AT4frw eQJvsjn9EeWJaxK5AT4frw~SBS4rhLvEeavcw5bns7DCQ 16 

 cat-1 tab-post2 cmttab-comment2Empty thread: eQJvsjn9EeWJaxK5AT4frw eQJvsjn9EeWJaxK5AT4frw~S77MU4UoEearVhJfoMXTAQ 2 

 cat-1 tab-post2 cmttab-comment2Empty thread: eQJvsjn9EeWJaxK5AT4frw eQJvsjn9EeWJaxK5AT4frw~Tu47cxpFEeagYwrS71wzzQ 110 

 cat-1 tab-post2 cmttab-comment2Empty thread: eQJvsjn9EeWJaxK5AT4frw eQJvsjn9EeWJaxK5AT4frw~jgUahxuIEeawBQpBGS9q9w 111 

 cat-1 tab-post2 cmttab-comment2Empty thread: eQJvsjn9EeWJaxK5AT4frw eQJvsjn9EeWJaxK5AT4frw~Givf3iPjEeaVDxK4na7kAw 48 

 cat-1 tab-post2 cmttab-comment2Empty thread: eQJvsjn9EeWJaxK5AT4frw eQJvsjn9EeWJaxK5AT4frw~snnIKCEEEea_TAo4ODIo0w 6 

 cat-1 tab-post2 cmttab-comment2Empty thread: eQJvsjn9EeWJaxK5AT4frw eQJvsjn9EeWJaxK5AT4frw~60xhOCAHEearfA7hVcWeXw 102 

 cat-1 tab-post2 cmttab-comment2Empty thread: eQJvsjn9EeWJaxK5AT4frw eQJvsjn9EeWJaxK5AT4frw~Fm3ILh5MEeaiOA521kQqww 107 

 cat-1 tab-post2 cmttab-comment2Empty thread: eQJvsjn9EeWJaxK5AT4frw eQJvsjn9EeWJaxK5AT4frw~QDDL9RC6EeaNagrozOF-VQ 22 

 cat-1 tab-post2 cmttab-comment2Empty thread: eQJvsjn9EeWJaxK5AT4frw eQJvsjn9EeWJaxK5AT4frw~oYt44R-REeaVDxK4na7kAw 103 

 cat-1 tab-post2 cmttab-comment2Empty thread: eQJvsjn9EeWJaxK5AT4frw eQJvsjn9EeWJaxK5AT4frw~kDtguhnuEeagmg7UfyjMTw 78 

 cat-1 tab-post2 cmttab-comment2Empty thread: eQJvsjn9EeWJaxK5AT4frw eQJvsjn9EeWJaxK5AT4frw~ZwLX5yzTEeay0BJyTA_AJw 35 

 cat-1 tab-post2 cmttab-comment2Empty thread: eQJvsjn9EeWJaxK5AT4frw eQJvsjn9EeWJaxK5AT4frw~wdFMkxxBEea_TAo4ODIo0w 108 

 cat-1 tab-post2 cmttab-comment2Empty thread: eQJvsjn9EeWJaxK5AT4frw eQJvsjn9EeWJaxK5AT4frw~eeNm6BJtEea63hJ3Ni_BAw 94 

 cat-1 tab-post2 cmttab-comment2Empty thread: eQJvsjn9EeWJaxK5AT4frw eQJvsjn9EeWJaxK5AT4frw~_8IdJBJvEeaNagrozOF-VQ 10 

 cat-1 tab-post2 cmttab-comment2Empty thread: eQJvsjn9EeWJaxK5AT4frw eQJvsjn9EeWJaxK5AT4frw~xiygyB6WEeag6wpD-92Rcw 99 

 cat-1 tab-post2 cmttab-comment2Empty thread: eQJvsjn9EeWJaxK5AT4frw eQJvsjn9EeWJaxK5AT4frw~1kiTI6QfEeWF6gpqp4BTmQ 30 

 cat-1 tab-post2 cmttab-comment2Empty thread: eQJvsjn9EeWJaxK5AT4frw eQJvsjn9EeWJaxK5AT4frw~lD7p9iQLEeaPqRI66g-Cyw 42 

 cat-1 tab-post2 cmttab-comment2Empty thread: eQJvsjn9EeWJaxK5AT4frw eQJvsjn9EeWJaxK5AT4frw~xawRiiCLEea3JA6-1_N9Kw 98 

 cat-1 tab-post2 cmttab-comment2Empty thread: eQJvsjn9EeWJaxK5AT4frw eQJvsjn9EeWJaxK5AT4frw~yIAs9NFUEeaojBLaZc925A 27 

 cat-1 tab-post2 cmttab-comment2Empty thread: eQJvsjn9EeWJaxK5AT4frw eQJvsjn9EeWJaxK5AT4frw~l79mkiDtEeaxVRJ-Fv2Eqw 123 

 Warning unigrams are undef for eQJvsjn9EeWJaxK5AT4frw~h-Bd3xn8EeaVGhJkV5uBJw 	 eQJvsjn9EeWJaxK5AT4frw 	 83 	 post2 	 #posts 2term_vector is empty! for eQJvsjn9EeWJaxK5AT4frw~h-Bd3xn8EeaVGhJkV5uBJw in eQJvsjn9EeWJaxK5AT4frw

 cat-1 tab-post2 cmttab-comment2
 Empty thread: eQJvsjn9EeWJaxK5AT4frw eQJvsjn9EeWJaxK5AT4frw~IqdJbBz2EeaHYQrA6vK1PQ 109 Lecture 

 cat-1 tab-post2 cmttab-comment2
 Empty thread: eQJvsjn9EeWJaxK5AT4frw eQJvsjn9EeWJaxK5AT4frw~0Cqbzx58Eeag6wpD-92Rcw 119 Lecture 

 Warning unigrams are undef for eQJvsjn9EeWJaxK5AT4frw~KCiCNBLbEeavcw5bns7DCQ 	 eQJvsjn9EeWJaxK5AT4frw 	 17 	 post2 	 #posts 1term_vector is empty! for eQJvsjn9EeWJaxK5AT4frw~KCiCNBLbEeavcw5bns7DCQ in eQJvsjn9EeWJaxK5AT4frw

 cat-1 tab-post2 cmttab-comment2
 Empty thread: eQJvsjn9EeWJaxK5AT4frw eQJvsjn9EeWJaxK5AT4frw~hRUPHxlwEea8qw7iXbJ_IQ 56 Lecture 

 cat-1 tab-post2 cmttab-comment2
 Empty thread: eQJvsjn9EeWJaxK5AT4frw eQJvsjn9EeWJaxK5AT4frw~3vsuCBz0Eea7ohIwwrERow 104 Lecture 

 cat-1 tab-post2 cmttab-comment2
 Empty thread: eQJvsjn9EeWJaxK5AT4frw eQJvsjn9EeWJaxK5AT4frw~hOQLsBkpEea8qw7iXbJ_IQ 115 Lecture 

 cat-1 tab-post2 cmttab-comment2
 Empty thread: eQJvsjn9EeWJaxK5AT4frw eQJvsjn9EeWJaxK5AT4frw~M5VDCRgnEeagYwrS71wzzQ 85 Lecture 

 cat-1 tab-post2 cmttab-comment2
 Empty thread: eQJvsjn9EeWJaxK5AT4frw eQJvsjn9EeWJaxK5AT4frw~ZDgEnStmEeabdwp3JVSF9w 43 Lecture 

 Warning unigrams are undef for eQJvsjn9EeWJaxK5AT4frw~twGJKBw-Eea3JA6-1_N9Kw 	 eQJvsjn9EeWJaxK5AT4frw 	 4 	 post2 	 #posts 1term_vector is empty! for eQJvsjn9EeWJaxK5AT4frw~twGJKBw-Eea3JA6-1_N9Kw in eQJvsjn9EeWJaxK5AT4frw

 cat-1 tab-post2 cmttab-comment2
 Empty thread: eQJvsjn9EeWJaxK5AT4frw eQJvsjn9EeWJaxK5AT4frw~cDF5LhubEeaLhQ74Ufc-sQ 52 Lecture 

 cat-1 tab-post2 cmttab-comment2
 Empty thread: eQJvsjn9EeWJaxK5AT4frw eQJvsjn9EeWJaxK5AT4frw~VwICXhBWEeaxsBIihWq87Q 25 Lecture 

 cat-1 tab-post2 cmttab-comment2
 Empty thread: eQJvsjn9EeWJaxK5AT4frw eQJvsjn9EeWJaxK5AT4frw~EdNXJh0kEeaNSw6v6KnGpw 19 Lecture 

 cat-1 tab-post2 cmttab-comment2
 Empty thread: eQJvsjn9EeWJaxK5AT4frw eQJvsjn9EeWJaxK5AT4frw~98dqZBt6EeauxQoPktIdZw 75 Lecture 

 cat-1 tab-post2 cmttab-comment2
 Empty thread: eQJvsjn9EeWJaxK5AT4frw eQJvsjn9EeWJaxK5AT4frw~-Qr9eSP3EearfA7hVcWeXw 5 Lecture 

 cat-1 tab-post2 cmttab-comment2
 Empty thread: eQJvsjn9EeWJaxK5AT4frw eQJvsjn9EeWJaxK5AT4frw~kXqcAxLeEeavcw5bns7DCQ 59 Lecture 

 cat-1 tab-post2 cmttab-comment2
 Empty thread: eQJvsjn9EeWJaxK5AT4frw eQJvsjn9EeWJaxK5AT4frw~6Sc7lTDNEeay0BJyTA_AJw 33 Lecture 

 cat-1 tab-post2 cmttab-comment2
 Empty thread: eQJvsjn9EeWJaxK5AT4frw eQJvsjn9EeWJaxK5AT4frw~5gpytRecEeauxQoPktIdZw 116 Lecture 

 cat-1 tab-post2 cmttab-comment2
 Empty thread: eQJvsjn9EeWJaxK5AT4frw eQJvsjn9EeWJaxK5AT4frw~eNdTBRs2EeawBQpBGS9q9w 127 Lecture 

 cat-1 tab-post2 cmttab-comment2
 Empty thread: eQJvsjn9EeWJaxK5AT4frw eQJvsjn9EeWJaxK5AT4frw~F14sNBOzEeaO1w7d1s7iLw 23 Lecture 

 cat-1 tab-post2 cmttab-comment2
 Empty thread: eQJvsjn9EeWJaxK5AT4frw eQJvsjn9EeWJaxK5AT4frw~Nd6qXhM4Eea63hJ3Ni_BAw 62 Lecture 

 cat-1 tab-post2 cmttab-comment2
 Empty thread: eQJvsjn9EeWJaxK5AT4frw eQJvsjn9EeWJaxK5AT4frw~U7yq8hCPEea84w5Krj7Aqw 18 Lecture 

 cat-1 tab-post2 cmttab-comment2
 Empty thread: eQJvsjn9EeWJaxK5AT4frw eQJvsjn9EeWJaxK5AT4frw~hfgTGhEdEea0FgrDsuIyMQ 81 Lecture 

 cat-1 tab-post2 cmttab-comment2
 Empty thread: eQJvsjn9EeWJaxK5AT4frw eQJvsjn9EeWJaxK5AT4frw~MpFx5xrJEea8qw7iXbJ_IQ 76 Lecture 

 cat-1 tab-post2 cmttab-comment2
 Empty thread: eQJvsjn9EeWJaxK5AT4frw eQJvsjn9EeWJaxK5AT4frw~ajpSzCGrEea7ohIwwrERow 51 Lecture 

 cat-1 tab-post2 cmttab-comment2
 Empty thread: eQJvsjn9EeWJaxK5AT4frw eQJvsjn9EeWJaxK5AT4frw~bGy72SgNEeaKAhJC1hWxEQ 64 Lecture 

 cat-1 tab-post2 cmttab-comment2
 Empty thread: eQJvsjn9EeWJaxK5AT4frw eQJvsjn9EeWJaxK5AT4frw~WeVYqB06EeaiOA521kQqww 49 Lecture 

 Warning unigrams are undef for eQJvsjn9EeWJaxK5AT4frw~myqCRhazEeaqig5uXwUeGw 	 eQJvsjn9EeWJaxK5AT4frw 	 89 	 post2 	 #posts 1term_vector is empty! for eQJvsjn9EeWJaxK5AT4frw~myqCRhazEeaqig5uXwUeGw in eQJvsjn9EeWJaxK5AT4frw

 cat-1 tab-post2 cmttab-comment2
 Empty thread: eQJvsjn9EeWJaxK5AT4frw eQJvsjn9EeWJaxK5AT4frw~1BY5lxqeEeaQWw7GElusZw 80 Lecture 

 Warning unigrams are undef for eQJvsjn9EeWJaxK5AT4frw~48lPYBbtEeaQWw7GElusZw 	 eQJvsjn9EeWJaxK5AT4frw 	 92 	 post2 	 #posts 1term_vector is empty! for eQJvsjn9EeWJaxK5AT4frw~48lPYBbtEeaQWw7GElusZw in eQJvsjn9EeWJaxK5AT4frw

 cat-1 tab-post2 cmttab-comment2
 Empty thread: eQJvsjn9EeWJaxK5AT4frw eQJvsjn9EeWJaxK5AT4frw~K2CunxicEeaQWw7GElusZw 54 Lecture 

 cat-1 tab-post2 cmttab-comment2
 Empty thread: eQJvsjn9EeWJaxK5AT4frw eQJvsjn9EeWJaxK5AT4frw~4FucfSCIEeaiOA521kQqww 120 Lecture 

 cat-1 tab-post2 cmttab-comment2
 Empty thread: eQJvsjn9EeWJaxK5AT4frw eQJvsjn9EeWJaxK5AT4frw~rszblyKDEeaGvwq7P--E0Q 47 Lecture 

 cat-1 tab-post2 cmttab-comment2
 Empty thread: eQJvsjn9EeWJaxK5AT4frw eQJvsjn9EeWJaxK5AT4frw~txDZlRxoEeaIERIKn_tddw 126 Lecture 

 cat-1 tab-post2 cmttab-comment2
 Empty thread: eQJvsjn9EeWJaxK5AT4frw eQJvsjn9EeWJaxK5AT4frw~YHxuch1SEeaxVRJ-Fv2Eqw 128 Lecture 

 cat-1 tab-post2 cmttab-comment2
 Empty thread: eQJvsjn9EeWJaxK5AT4frw eQJvsjn9EeWJaxK5AT4frw~K0X6Fx-lEeaNSw6v6KnGpw 124 Lecture 

 cat-1 tab-post2 cmttab-comment2
 Empty thread: eQJvsjn9EeWJaxK5AT4frw eQJvsjn9EeWJaxK5AT4frw~2cfh1hJpEeaxsBIihWq87Q 24 Lecture 

 cat-1 tab-post2 cmttab-comment2
 Empty thread: eQJvsjn9EeWJaxK5AT4frw eQJvsjn9EeWJaxK5AT4frw~2-vUxSq9EeayaAoFBq8aPw 45 Lecture 

 cat-1 tab-post2 cmttab-comment2
 Empty thread: eQJvsjn9EeWJaxK5AT4frw eQJvsjn9EeWJaxK5AT4frw~DWaeXxoAEeaP6xImEh3H8w 21 Lecture 

 cat-1 tab-post2 cmttab-comment2
 Empty thread: eQJvsjn9EeWJaxK5AT4frw eQJvsjn9EeWJaxK5AT4frw~BdpvIx-9EeaZ7Q5tseGlgQ 96 Lecture 

 Warning unigrams are undef for eQJvsjn9EeWJaxK5AT4frw~AVPmHhVjEeawWRJ2-Hqumw 	 eQJvsjn9EeWJaxK5AT4frw 	 93 	 post2 	 #posts 1term_vector is empty! for eQJvsjn9EeWJaxK5AT4frw~AVPmHhVjEeawWRJ2-Hqumw in eQJvsjn9EeWJaxK5AT4frw

 cat-1 tab-post2 cmttab-comment2
 Empty thread: eQJvsjn9EeWJaxK5AT4frw eQJvsjn9EeWJaxK5AT4frw~XHYgYxrKEeaVGhJkV5uBJw 9 Lecture 

 cat-1 tab-post2 cmttab-comment2
 Empty thread: eQJvsjn9EeWJaxK5AT4frw eQJvsjn9EeWJaxK5AT4frw~qe5F4x6pEeag6wpD-92Rcw 101 Lecture 

 Warning unigrams are undef for eQJvsjn9EeWJaxK5AT4frw~YQGRIBybEeag6wpD-92Rcw 	 eQJvsjn9EeWJaxK5AT4frw 	 70 	 post2 	 #posts 1term_vector is empty! for eQJvsjn9EeWJaxK5AT4frw~YQGRIBybEeag6wpD-92Rcw in eQJvsjn9EeWJaxK5AT4frw

 cat-1 tab-post2 cmttab-comment2
 Empty thread: eQJvsjn9EeWJaxK5AT4frw eQJvsjn9EeWJaxK5AT4frw~4ej3IiQLEeaZ7Q5tseGlgQ 46 Lecture 

 cat-1 tab-post2 cmttab-comment2
 Empty thread: eQJvsjn9EeWJaxK5AT4frw eQJvsjn9EeWJaxK5AT4frw~xdp4iBZ2EeaotQoPyNtt_Q 117 Lecture 

 cat-1 tab-post2 cmttab-comment2
 Empty thread: eQJvsjn9EeWJaxK5AT4frw eQJvsjn9EeWJaxK5AT4frw~XIJpPBnuEeaP6xImEh3H8w 69 Lecture 

 Warning unigrams are undef for eQJvsjn9EeWJaxK5AT4frw~hEIG-hRpEeaNagrozOF-VQ 	 eQJvsjn9EeWJaxK5AT4frw 	 15 	 post2 	 #posts 1term_vector is empty! for eQJvsjn9EeWJaxK5AT4frw~hEIG-hRpEeaNagrozOF-VQ in eQJvsjn9EeWJaxK5AT4frw

 cat-1 tab-post2 cmttab-comment2
 Empty thread: eQJvsjn9EeWJaxK5AT4frw eQJvsjn9EeWJaxK5AT4frw~CaiEzRF6Eeaqig5uXwUeGw 113 Lecture 

 Warning unigrams are undef for eQJvsjn9EeWJaxK5AT4frw~1ruLkRY9EeaxsBIihWq87Q 	 eQJvsjn9EeWJaxK5AT4frw 	 88 	 post2 	 #posts 2term_vector is empty! for eQJvsjn9EeWJaxK5AT4frw~1ruLkRY9EeaxsBIihWq87Q in eQJvsjn9EeWJaxK5AT4frw

 cat-1 tab-post2 cmttab-comment2
 Empty thread: eQJvsjn9EeWJaxK5AT4frw eQJvsjn9EeWJaxK5AT4frw~Q4VGYR6qEea_TAo4ODIo0w 66 Lecture 

 Warning unigrams are undef for eQJvsjn9EeWJaxK5AT4frw~pD6pBhm6EeagYwrS71wzzQ 	 eQJvsjn9EeWJaxK5AT4frw 	 77 	 post2 	 #posts 1term_vector is empty! for eQJvsjn9EeWJaxK5AT4frw~pD6pBhm6EeagYwrS71wzzQ in eQJvsjn9EeWJaxK5AT4frw

 cat-1 tab-post2 cmttab-comment2
 Empty thread: eQJvsjn9EeWJaxK5AT4frw eQJvsjn9EeWJaxK5AT4frw~C2UUnizCEea0DRLrrvCCTQ 36 Lecture 

 cat-1 tab-post2 cmttab-comment2
 Empty thread: eQJvsjn9EeWJaxK5AT4frw eQJvsjn9EeWJaxK5AT4frw~MTo2sxiOEeaP6xImEh3H8w 13 Lecture 

 cat-1 tab-post2 cmttab-comment2
 Empty thread: eQJvsjn9EeWJaxK5AT4frw eQJvsjn9EeWJaxK5AT4frw~1nbP4dFIEeaIhQofVhmyRg 28 Lecture 

 cat-1 tab-post2 cmttab-comment2
 Empty thread: eQJvsjn9EeWJaxK5AT4frw eQJvsjn9EeWJaxK5AT4frw~7Fn1sRraEeasSgqcZTBEmw 79 Lecture 

 cat-1 tab-post2 cmttab-comment2
 Empty thread: eQJvsjn9EeWJaxK5AT4frw eQJvsjn9EeWJaxK5AT4frw~_kYz3h9_EeanEw4Bwn2GsQ 7 Lecture 

 Warning unigrams are undef for eQJvsjn9EeWJaxK5AT4frw~x7YHThpQEeaBXxJTkdMcSQ 	 eQJvsjn9EeWJaxK5AT4frw 	 73 	 post2 	 #posts 5term_vector is empty! for eQJvsjn9EeWJaxK5AT4frw~x7YHThpQEeaBXxJTkdMcSQ in eQJvsjn9EeWJaxK5AT4frw

 cat-1 tab-post2 cmttab-comment2
 Empty thread: eQJvsjn9EeWJaxK5AT4frw eQJvsjn9EeWJaxK5AT4frw~U1AMniB7EeaVDxK4na7kAw 38 Lecture 

 cat-1 tab-post2 cmttab-comment2
 Empty thread: eQJvsjn9EeWJaxK5AT4frw eQJvsjn9EeWJaxK5AT4frw~FlW27hb6Eeac7Ao-bdNLhQ 86 Lecture 

 cat-1 tab-post2 cmttab-comment2
 Empty thread: eQJvsjn9EeWJaxK5AT4frw eQJvsjn9EeWJaxK5AT4frw~jOtmARapEeaNagrozOF-VQ 91 Lecture 

 Warning unigrams are undef for eQJvsjn9EeWJaxK5AT4frw~VbqKxRQmEea0FgrDsuIyMQ 	 eQJvsjn9EeWJaxK5AT4frw 	 12 	 post2 	 #posts 1term_vector is empty! for eQJvsjn9EeWJaxK5AT4frw~VbqKxRQmEea0FgrDsuIyMQ in eQJvsjn9EeWJaxK5AT4frw

 Warning unigrams are undef for eQJvsjn9EeWJaxK5AT4frw~qmjblRpgEea2HQ7RJsoMiQ 	 eQJvsjn9EeWJaxK5AT4frw 	 71 	 post2 	 #posts 7term_vector is empty! for eQJvsjn9EeWJaxK5AT4frw~qmjblRpgEea2HQ7RJsoMiQ in eQJvsjn9EeWJaxK5AT4frw

 cat-1 tab-post2 cmttab-comment2
 Empty thread: eQJvsjn9EeWJaxK5AT4frw eQJvsjn9EeWJaxK5AT4frw~BUqa0RN3EeaotQoPyNtt_Q 50 Lecture 

 cat-1 tab-post2 cmttab-comment2
 Empty thread: eQJvsjn9EeWJaxK5AT4frw eQJvsjn9EeWJaxK5AT4frw~icT1DxCQEeaxsBIihWq87Q 26 Lecture 

 cat-1 tab-post2 cmttab-comment2
 Empty thread: eQJvsjn9EeWJaxK5AT4frw eQJvsjn9EeWJaxK5AT4frw~_6iwnR-HEeaiOA521kQqww 105 Lecture 

 cat-1 tab-post2 cmttab-comment2
 Empty thread: eQJvsjn9EeWJaxK5AT4frw eQJvsjn9EeWJaxK5AT4frw~Z1SYpdQfEeW9ug73QL_FVQ 3 Lecture 

 cat-1 tab-post2 cmttab-comment2
 Empty thread: eQJvsjn9EeWJaxK5AT4frw eQJvsjn9EeWJaxK5AT4frw~KqFfFRqqEeagYwrS71wzzQ 114 Lecture 

 cat-1 tab-post2 cmttab-comment2
 Empty thread: eQJvsjn9EeWJaxK5AT4frw eQJvsjn9EeWJaxK5AT4frw~m90ipRrxEeaLhQ74Ufc-sQ 112 Lecture 

 cat-1 tab-post2 cmttab-comment2
 Empty thread: eQJvsjn9EeWJaxK5AT4frw eQJvsjn9EeWJaxK5AT4frw~U1juKx-EEeaiOA521kQqww 106 Lecture 

 cat-1 tab-post2 cmttab-comment2
 Empty thread: eQJvsjn9EeWJaxK5AT4frw eQJvsjn9EeWJaxK5AT4frw~yNbs7ieJEeaaVA48G_0dEQ 39 Lecture 

 cat-1 tab-post2 cmttab-comment2
 Empty thread: eQJvsjn9EeWJaxK5AT4frw eQJvsjn9EeWJaxK5AT4frw~ht4RKulvEeWFuw7QEATDpw 63 Lecture 

 Warning unigrams are undef for eQJvsjn9EeWJaxK5AT4frw~Nrou7Ri0EeaP6xImEh3H8w 	 eQJvsjn9EeWJaxK5AT4frw 	 84 	 post2 	 #posts 1term_vector is empty! for eQJvsjn9EeWJaxK5AT4frw~Nrou7Ri0EeaP6xImEh3H8w in eQJvsjn9EeWJaxK5AT4frw

 cat-1 tab-post2 cmttab-comment2
 Empty thread: eQJvsjn9EeWJaxK5AT4frw eQJvsjn9EeWJaxK5AT4frw~1otouxshEeasSgqcZTBEmw 67 Lecture 

 cat-1 tab-post2 cmttab-comment2
 Empty thread: eQJvsjn9EeWJaxK5AT4frw eQJvsjn9EeWJaxK5AT4frw~Ws4jtCGoEeaNSw6v6KnGpw 122 Lecture 

 cat-1 tab-post2 cmttab-comment2
 Empty thread: eQJvsjn9EeWJaxK5AT4frw eQJvsjn9EeWJaxK5AT4frw~SURQab_dEeaN_w7XVB3P7A 29 Lecture 

 cat-1 tab-post2 cmttab-comment2
 Empty thread: eQJvsjn9EeWJaxK5AT4frw eQJvsjn9EeWJaxK5AT4frw~olA5Bh-lEeaHYQrA6vK1PQ 125 Lecture 

 cat-1 tab-post2 cmttab-comment2
 Empty thread: eQJvsjn9EeWJaxK5AT4frw eQJvsjn9EeWJaxK5AT4frw~DOVIZxvMEeaxVRJ-Fv2Eqw 53 Lecture 

 cat-1 tab-post2 cmttab-comment2
 Empty thread: eQJvsjn9EeWJaxK5AT4frw eQJvsjn9EeWJaxK5AT4frw~ivQ1ysgJEea7thLw1oXWkA 1 Lecture 

 cat-1 tab-post2 cmttab-comment2
 Empty thread: eQJvsjn9EeWJaxK5AT4frw eQJvsjn9EeWJaxK5AT4frw~AYg3SDClEea3ThLvjcf5Xw 32 Lecture 

 cat-1 tab-post2 cmttab-comment2
 Empty thread: eQJvsjn9EeWJaxK5AT4frw eQJvsjn9EeWJaxK5AT4frw~oy1LWytjEea2MgrBjcQhKw 37 Lecture 

 cat-1 tab-post2 cmttab-comment2
 Empty thread: eQJvsjn9EeWJaxK5AT4frw eQJvsjn9EeWJaxK5AT4frw~My2y3huCEea2HQ7RJsoMiQ 65 Lecture 

 cat-1 tab-post2 cmttab-comment2
 Empty thread: eQJvsjn9EeWJaxK5AT4frw eQJvsjn9EeWJaxK5AT4frw~2Be5BBr9EeauxQoPktIdZw 20 Lecture 

 Warning unigrams are undef for eQJvsjn9EeWJaxK5AT4frw~vggJxxivEeagmg7UfyjMTw 	 eQJvsjn9EeWJaxK5AT4frw 	 11 	 post2 	 #posts 1term_vector is empty! for eQJvsjn9EeWJaxK5AT4frw~vggJxxivEeagmg7UfyjMTw in eQJvsjn9EeWJaxK5AT4frw

 cat-1 tab-post2 cmttab-comment2
 Empty thread: eQJvsjn9EeWJaxK5AT4frw eQJvsjn9EeWJaxK5AT4frw~2LnfWiUrEeawRg6_aDBdWw 44 Lecture 

 cat-1 tab-post2 cmttab-comment2
 Empty thread: eQJvsjn9EeWJaxK5AT4frw eQJvsjn9EeWJaxK5AT4frw~fRqq2ysBEealng5zBIyoKQ 40 Lecture 

 cat-1 tab-post2 cmttab-comment2
 Empty thread: eQJvsjn9EeWJaxK5AT4frw eQJvsjn9EeWJaxK5AT4frw~SBS4rhLvEeavcw5bns7DCQ 16 Lecture 

 cat-1 tab-post2 cmttab-comment2
 Empty thread: eQJvsjn9EeWJaxK5AT4frw eQJvsjn9EeWJaxK5AT4frw~S77MU4UoEearVhJfoMXTAQ 2 Lecture 

 Warning unigrams are undef for eQJvsjn9EeWJaxK5AT4frw~c-cUUh0DEeaiOA521kQqww 	 eQJvsjn9EeWJaxK5AT4frw 	 8 	 post2 	 #posts 1term_vector is empty! for eQJvsjn9EeWJaxK5AT4frw~c-cUUh0DEeaiOA521kQqww in eQJvsjn9EeWJaxK5AT4frw

 cat-1 tab-post2 cmttab-comment2
 Empty thread: eQJvsjn9EeWJaxK5AT4frw eQJvsjn9EeWJaxK5AT4frw~Tu47cxpFEeagYwrS71wzzQ 110 Lecture 

 cat-1 tab-post2 cmttab-comment2
 Empty thread: eQJvsjn9EeWJaxK5AT4frw eQJvsjn9EeWJaxK5AT4frw~jgUahxuIEeawBQpBGS9q9w 111 Lecture 

 cat-1 tab-post2 cmttab-comment2
 Empty thread: eQJvsjn9EeWJaxK5AT4frw eQJvsjn9EeWJaxK5AT4frw~Givf3iPjEeaVDxK4na7kAw 48 Lecture 

 cat-1 tab-post2 cmttab-comment2
 Empty thread: eQJvsjn9EeWJaxK5AT4frw eQJvsjn9EeWJaxK5AT4frw~snnIKCEEEea_TAo4ODIo0w 6 Lecture 

 cat-1 tab-post2 cmttab-comment2
 Empty thread: eQJvsjn9EeWJaxK5AT4frw eQJvsjn9EeWJaxK5AT4frw~60xhOCAHEearfA7hVcWeXw 102 Lecture 

 cat-1 tab-post2 cmttab-comment2
 Empty thread: eQJvsjn9EeWJaxK5AT4frw eQJvsjn9EeWJaxK5AT4frw~Fm3ILh5MEeaiOA521kQqww 107 Lecture 

 cat-1 tab-post2 cmttab-comment2
 Empty thread: eQJvsjn9EeWJaxK5AT4frw eQJvsjn9EeWJaxK5AT4frw~QDDL9RC6EeaNagrozOF-VQ 22 Lecture 

 cat-1 tab-post2 cmttab-comment2
 Empty thread: eQJvsjn9EeWJaxK5AT4frw eQJvsjn9EeWJaxK5AT4frw~oYt44R-REeaVDxK4na7kAw 103 Lecture 

 cat-1 tab-post2 cmttab-comment2
 Empty thread: eQJvsjn9EeWJaxK5AT4frw eQJvsjn9EeWJaxK5AT4frw~kDtguhnuEeagmg7UfyjMTw 78 Lecture 

 cat-1 tab-post2 cmttab-comment2
 Empty thread: eQJvsjn9EeWJaxK5AT4frw eQJvsjn9EeWJaxK5AT4frw~ZwLX5yzTEeay0BJyTA_AJw 35 Lecture 

 Warning unigrams are undef for eQJvsjn9EeWJaxK5AT4frw~C3QnXRY4Eea84w5Krj7Aqw 	 eQJvsjn9EeWJaxK5AT4frw 	 14 	 post2 	 #posts 1term_vector is empty! for eQJvsjn9EeWJaxK5AT4frw~C3QnXRY4Eea84w5Krj7Aqw in eQJvsjn9EeWJaxK5AT4frw

 cat-1 tab-post2 cmttab-comment2
 Empty thread: eQJvsjn9EeWJaxK5AT4frw eQJvsjn9EeWJaxK5AT4frw~wdFMkxxBEea_TAo4ODIo0w 108 Lecture 

 cat-1 tab-post2 cmttab-comment2
 Empty thread: eQJvsjn9EeWJaxK5AT4frw eQJvsjn9EeWJaxK5AT4frw~eeNm6BJtEea63hJ3Ni_BAw 94 Lecture 

 cat-1 tab-post2 cmttab-comment2
 Empty thread: eQJvsjn9EeWJaxK5AT4frw eQJvsjn9EeWJaxK5AT4frw~_8IdJBJvEeaNagrozOF-VQ 10 Lecture 

 cat-1 tab-post2 cmttab-comment2
 Empty thread: eQJvsjn9EeWJaxK5AT4frw eQJvsjn9EeWJaxK5AT4frw~xiygyB6WEeag6wpD-92Rcw 99 Lecture 

 cat-1 tab-post2 cmttab-comment2
 Empty thread: eQJvsjn9EeWJaxK5AT4frw eQJvsjn9EeWJaxK5AT4frw~1kiTI6QfEeWF6gpqp4BTmQ 30 Lecture 

 Warning unigrams are undef for eQJvsjn9EeWJaxK5AT4frw~Ngychhj8EeaQWw7GElusZw 	 eQJvsjn9EeWJaxK5AT4frw 	 82 	 post2 	 #posts 1term_vector is empty! for eQJvsjn9EeWJaxK5AT4frw~Ngychhj8EeaQWw7GElusZw in eQJvsjn9EeWJaxK5AT4frw

 Warning unigrams are undef for eQJvsjn9EeWJaxK5AT4frw~caOw7B0kEea_TAo4ODIo0w 	 eQJvsjn9EeWJaxK5AT4frw 	 68 	 post2 	 #posts 1term_vector is empty! for eQJvsjn9EeWJaxK5AT4frw~caOw7B0kEea_TAo4ODIo0w in eQJvsjn9EeWJaxK5AT4frw

 cat-1 tab-post2 cmttab-comment2
 Empty thread: eQJvsjn9EeWJaxK5AT4frw eQJvsjn9EeWJaxK5AT4frw~lD7p9iQLEeaPqRI66g-Cyw 42 Lecture 

 cat-1 tab-post2 cmttab-comment2
 Empty thread: eQJvsjn9EeWJaxK5AT4frw eQJvsjn9EeWJaxK5AT4frw~xawRiiCLEea3JA6-1_N9Kw 98 Lecture 

 cat-1 tab-post2 cmttab-comment2
 Empty thread: eQJvsjn9EeWJaxK5AT4frw eQJvsjn9EeWJaxK5AT4frw~yIAs9NFUEeaojBLaZc925A 27 Lecture 

 cat-1 tab-post2 cmttab-comment2
 Empty thread: eQJvsjn9EeWJaxK5AT4frw eQJvsjn9EeWJaxK5AT4frw~l79mkiDtEeaxVRJ-Fv2Eqw 123 Lecture 
