
 Using database file at C:/Users/kevin/OneDrive/Documents/FYP/Muthu_api/lib4moocdata/coursera/bin/../data/coursera
 threadtype.. noinst	 tftab: termFreqC14noinst 	 posttab: post_new 	 commenttab: comment_new 
 Initializing terms...
 initializing DFTerms ...


 select distinct term,termid from termDF 
 81285 terms found in the DF table
select distinct term, forumid, courseid, df from termDF   where   courseid  in (  'eQJvsjn9EeWJaxK5AT4frw' ) 
 Initialization complete.


 Current term counter 81930
 Using data from Errata, Lecture, Homework, Exam forumtypes
 Picking threads where an instructor has **not** replied

 Starting to loop over all the threads for eQJvsjn9EeWJaxK5AT4frw 	 dfSoKyj3EeaZ8Apto8QB_w 

 eQJvsjn9EeWJaxK5AT4frw~eNdTBRs2EeawBQpBGS9q9w : eQJvsjn9EeWJaxK5AT4frw :eQJvsjn9EeWJaxK5AT4frw~USnwYR8BEeaVDxK4na7kAw : 1 
 eQJvsjn9EeWJaxK5AT4frw~eNdTBRs2EeawBQpBGS9q9w : eQJvsjn9EeWJaxK5AT4frw :eQJvsjn9EeWJaxK5AT4frw~CUAFyRwvEeaxVRJ-Fv2Eqw : 1 
 eQJvsjn9EeWJaxK5AT4frw~eNdTBRs2EeawBQpBGS9q9w : eQJvsjn9EeWJaxK5AT4frw :eQJvsjn9EeWJaxK5AT4frw~CUAFyRwvEeaxVRJ-Fv2Eqw : 0 
 eQJvsjn9EeWJaxK5AT4frw~eNdTBRs2EeawBQpBGS9q9w : eQJvsjn9EeWJaxK5AT4frw :eQJvsjn9EeWJaxK5AT4frw~tXkPthwrEeaiOA521kQqww : 1 
 eQJvsjn9EeWJaxK5AT4frw~eNdTBRs2EeawBQpBGS9q9w : eQJvsjn9EeWJaxK5AT4frw :eQJvsjn9EeWJaxK5AT4frw~eNdTBRs2EeawBQpBGS9q9w : 1 
 eQJvsjn9EeWJaxK5AT4frw~txDZlRxoEeaIERIKn_tddw : eQJvsjn9EeWJaxK5AT4frw :eQJvsjn9EeWJaxK5AT4frw~qfpEih-jEea3JA6-1_N9Kw : 1 
 eQJvsjn9EeWJaxK5AT4frw~txDZlRxoEeaIERIKn_tddw : eQJvsjn9EeWJaxK5AT4frw :eQJvsjn9EeWJaxK5AT4frw~ctdq3hxqEeaGvwq7P--E0Q : 1 
 eQJvsjn9EeWJaxK5AT4frw~txDZlRxoEeaIERIKn_tddw : eQJvsjn9EeWJaxK5AT4frw :eQJvsjn9EeWJaxK5AT4frw~hdqfnhxpEeaPqRI66g-Cyw : 1 
 eQJvsjn9EeWJaxK5AT4frw~txDZlRxoEeaIERIKn_tddw : eQJvsjn9EeWJaxK5AT4frw :eQJvsjn9EeWJaxK5AT4frw~UfCs4hxpEea3JA6-1_N9Kw : 1 
 eQJvsjn9EeWJaxK5AT4frw~txDZlRxoEeaIERIKn_tddw : eQJvsjn9EeWJaxK5AT4frw :eQJvsjn9EeWJaxK5AT4frw~RjorzhxpEearfA7hVcWeXw : 1 
 eQJvsjn9EeWJaxK5AT4frw~txDZlRxoEeaIERIKn_tddw : eQJvsjn9EeWJaxK5AT4frw :eQJvsjn9EeWJaxK5AT4frw~NBmEKBxpEeaxVRJ-Fv2Eqw : 1 
 eQJvsjn9EeWJaxK5AT4frw~txDZlRxoEeaIERIKn_tddw : eQJvsjn9EeWJaxK5AT4frw :eQJvsjn9EeWJaxK5AT4frw~txDZlRxoEeaIERIKn_tddw : 1 
 eQJvsjn9EeWJaxK5AT4frw~YHxuch1SEeaxVRJ-Fv2Eqw : eQJvsjn9EeWJaxK5AT4frw :eQJvsjn9EeWJaxK5AT4frw~lOPZqx8AEeaNSw6v6KnGpw : 1 
 eQJvsjn9EeWJaxK5AT4frw~YHxuch1SEeaxVRJ-Fv2Eqw : eQJvsjn9EeWJaxK5AT4frw :eQJvsjn9EeWJaxK5AT4frw~YHxuch1SEeaxVRJ-Fv2Eqw : 1 
 eQJvsjn9EeWJaxK5AT4frw~0Cqbzx58Eeag6wpD-92Rcw : eQJvsjn9EeWJaxK5AT4frw :eQJvsjn9EeWJaxK5AT4frw~NL_oPiKHEeaNSw6v6KnGpw : 1 
 eQJvsjn9EeWJaxK5AT4frw~0Cqbzx58Eeag6wpD-92Rcw : eQJvsjn9EeWJaxK5AT4frw :eQJvsjn9EeWJaxK5AT4frw~NL_oPiKHEeaNSw6v6KnGpw : 0 
 eQJvsjn9EeWJaxK5AT4frw~0Cqbzx58Eeag6wpD-92Rcw : eQJvsjn9EeWJaxK5AT4frw :eQJvsjn9EeWJaxK5AT4frw~NL_oPiKHEeaNSw6v6KnGpw : 0 
 eQJvsjn9EeWJaxK5AT4frw~0Cqbzx58Eeag6wpD-92Rcw : eQJvsjn9EeWJaxK5AT4frw :eQJvsjn9EeWJaxK5AT4frw~NL_oPiKHEeaNSw6v6KnGpw : 0 
 eQJvsjn9EeWJaxK5AT4frw~0Cqbzx58Eeag6wpD-92Rcw : eQJvsjn9EeWJaxK5AT4frw :eQJvsjn9EeWJaxK5AT4frw~NL_oPiKHEeaNSw6v6KnGpw : 0 
 eQJvsjn9EeWJaxK5AT4frw~0Cqbzx58Eeag6wpD-92Rcw : eQJvsjn9EeWJaxK5AT4frw :eQJvsjn9EeWJaxK5AT4frw~NL_oPiKHEeaNSw6v6KnGpw : 0 
 eQJvsjn9EeWJaxK5AT4frw~0Cqbzx58Eeag6wpD-92Rcw : eQJvsjn9EeWJaxK5AT4frw :eQJvsjn9EeWJaxK5AT4frw~NL_oPiKHEeaNSw6v6KnGpw : 0 
 eQJvsjn9EeWJaxK5AT4frw~0Cqbzx58Eeag6wpD-92Rcw : eQJvsjn9EeWJaxK5AT4frw :eQJvsjn9EeWJaxK5AT4frw~NL_oPiKHEeaNSw6v6KnGpw : 0 
 eQJvsjn9EeWJaxK5AT4frw~0Cqbzx58Eeag6wpD-92Rcw : eQJvsjn9EeWJaxK5AT4frw :eQJvsjn9EeWJaxK5AT4frw~NL_oPiKHEeaNSw6v6KnGpw : 0 
 eQJvsjn9EeWJaxK5AT4frw~0Cqbzx58Eeag6wpD-92Rcw : eQJvsjn9EeWJaxK5AT4frw :eQJvsjn9EeWJaxK5AT4frw~NXx3CCKGEeaGvwq7P--E0Q : 1 
 eQJvsjn9EeWJaxK5AT4frw~0Cqbzx58Eeag6wpD-92Rcw : eQJvsjn9EeWJaxK5AT4frw :eQJvsjn9EeWJaxK5AT4frw~6zbu1iIsEea7ohIwwrERow : 1 
 eQJvsjn9EeWJaxK5AT4frw~0Cqbzx58Eeag6wpD-92Rcw : eQJvsjn9EeWJaxK5AT4frw :eQJvsjn9EeWJaxK5AT4frw~6zbu1iIsEea7ohIwwrERow : 0 
 eQJvsjn9EeWJaxK5AT4frw~0Cqbzx58Eeag6wpD-92Rcw : eQJvsjn9EeWJaxK5AT4frw :eQJvsjn9EeWJaxK5AT4frw~6zbu1iIsEea7ohIwwrERow : 0 
 eQJvsjn9EeWJaxK5AT4frw~0Cqbzx58Eeag6wpD-92Rcw : eQJvsjn9EeWJaxK5AT4frw :eQJvsjn9EeWJaxK5AT4frw~6zbu1iIsEea7ohIwwrERow : 0 
 eQJvsjn9EeWJaxK5AT4frw~0Cqbzx58Eeag6wpD-92Rcw : eQJvsjn9EeWJaxK5AT4frw :eQJvsjn9EeWJaxK5AT4frw~6zbu1iIsEea7ohIwwrERow : 0 
 eQJvsjn9EeWJaxK5AT4frw~0Cqbzx58Eeag6wpD-92Rcw : eQJvsjn9EeWJaxK5AT4frw :eQJvsjn9EeWJaxK5AT4frw~6zbu1iIsEea7ohIwwrERow : 0 
 eQJvsjn9EeWJaxK5AT4frw~0Cqbzx58Eeag6wpD-92Rcw : eQJvsjn9EeWJaxK5AT4frw :eQJvsjn9EeWJaxK5AT4frw~6zbu1iIsEea7ohIwwrERow : 0 
 eQJvsjn9EeWJaxK5AT4frw~0Cqbzx58Eeag6wpD-92Rcw : eQJvsjn9EeWJaxK5AT4frw :eQJvsjn9EeWJaxK5AT4frw~6zbu1iIsEea7ohIwwrERow : 0 
 eQJvsjn9EeWJaxK5AT4frw~0Cqbzx58Eeag6wpD-92Rcw : eQJvsjn9EeWJaxK5AT4frw :eQJvsjn9EeWJaxK5AT4frw~6zbu1iIsEea7ohIwwrERow : 0 
 eQJvsjn9EeWJaxK5AT4frw~0Cqbzx58Eeag6wpD-92Rcw : eQJvsjn9EeWJaxK5AT4frw :eQJvsjn9EeWJaxK5AT4frw~6zbu1iIsEea7ohIwwrERow : 0 
 eQJvsjn9EeWJaxK5AT4frw~0Cqbzx58Eeag6wpD-92Rcw : eQJvsjn9EeWJaxK5AT4frw :eQJvsjn9EeWJaxK5AT4frw~-1EZ5iIhEeaVDxK4na7kAw : 1 
 eQJvsjn9EeWJaxK5AT4frw~0Cqbzx58Eeag6wpD-92Rcw : eQJvsjn9EeWJaxK5AT4frw :eQJvsjn9EeWJaxK5AT4frw~WM_4wiIZEeaSbhIJy3C38Q : 1 
 eQJvsjn9EeWJaxK5AT4frw~0Cqbzx58Eeag6wpD-92Rcw : eQJvsjn9EeWJaxK5AT4frw :eQJvsjn9EeWJaxK5AT4frw~wnWosiH6EeaPqRI66g-Cyw : 1 
 eQJvsjn9EeWJaxK5AT4frw~0Cqbzx58Eeag6wpD-92Rcw : eQJvsjn9EeWJaxK5AT4frw :eQJvsjn9EeWJaxK5AT4frw~bLnm6yH3EeaHYQrA6vK1PQ : 1 
 eQJvsjn9EeWJaxK5AT4frw~0Cqbzx58Eeag6wpD-92Rcw : eQJvsjn9EeWJaxK5AT4frw :eQJvsjn9EeWJaxK5AT4frw~wWnhYiHzEea0fgo0T3qZ0Q : 1 
 eQJvsjn9EeWJaxK5AT4frw~0Cqbzx58Eeag6wpD-92Rcw : eQJvsjn9EeWJaxK5AT4frw :eQJvsjn9EeWJaxK5AT4frw~FroT1CGmEea_TAo4ODIo0w : 1 
 eQJvsjn9EeWJaxK5AT4frw~0Cqbzx58Eeag6wpD-92Rcw : eQJvsjn9EeWJaxK5AT4frw :eQJvsjn9EeWJaxK5AT4frw~0HMp9CFPEeag6wpD-92Rcw : 1 
 eQJvsjn9EeWJaxK5AT4frw~0Cqbzx58Eeag6wpD-92Rcw : eQJvsjn9EeWJaxK5AT4frw :eQJvsjn9EeWJaxK5AT4frw~0HMp9CFPEeag6wpD-92Rcw : 0 
 eQJvsjn9EeWJaxK5AT4frw~0Cqbzx58Eeag6wpD-92Rcw : eQJvsjn9EeWJaxK5AT4frw :eQJvsjn9EeWJaxK5AT4frw~EhvlvSCWEea_TAo4ODIo0w : 1 
 eQJvsjn9EeWJaxK5AT4frw~0Cqbzx58Eeag6wpD-92Rcw : eQJvsjn9EeWJaxK5AT4frw :eQJvsjn9EeWJaxK5AT4frw~HFf5Sx7_Eea3JA6-1_N9Kw : 1 
 eQJvsjn9EeWJaxK5AT4frw~0Cqbzx58Eeag6wpD-92Rcw : eQJvsjn9EeWJaxK5AT4frw :eQJvsjn9EeWJaxK5AT4frw~0Cqbzx58Eeag6wpD-92Rcw : 1 
 eQJvsjn9EeWJaxK5AT4frw~K0X6Fx-lEeaNSw6v6KnGpw : eQJvsjn9EeWJaxK5AT4frw :eQJvsjn9EeWJaxK5AT4frw~QHqUQCDqEeaG3QqLdYDICw : 1 
 eQJvsjn9EeWJaxK5AT4frw~K0X6Fx-lEeaNSw6v6KnGpw : eQJvsjn9EeWJaxK5AT4frw :eQJvsjn9EeWJaxK5AT4frw~hI4oih-mEea3JA6-1_N9Kw : 1 
 eQJvsjn9EeWJaxK5AT4frw~K0X6Fx-lEeaNSw6v6KnGpw : eQJvsjn9EeWJaxK5AT4frw :eQJvsjn9EeWJaxK5AT4frw~K0X6Fx-lEeaNSw6v6KnGpw : 1 
 eQJvsjn9EeWJaxK5AT4frw~olA5Bh-lEeaHYQrA6vK1PQ : eQJvsjn9EeWJaxK5AT4frw :eQJvsjn9EeWJaxK5AT4frw~bHDHmyB9EeaNSw6v6KnGpw : 1 
 eQJvsjn9EeWJaxK5AT4frw~olA5Bh-lEeaHYQrA6vK1PQ : eQJvsjn9EeWJaxK5AT4frw :eQJvsjn9EeWJaxK5AT4frw~olA5Bh-lEeaHYQrA6vK1PQ : 1 
 eQJvsjn9EeWJaxK5AT4frw~4FucfSCIEeaiOA521kQqww : eQJvsjn9EeWJaxK5AT4frw :eQJvsjn9EeWJaxK5AT4frw~PnWPrCFUEeaPqRI66g-Cyw : 1 
 eQJvsjn9EeWJaxK5AT4frw~4FucfSCIEeaiOA521kQqww : eQJvsjn9EeWJaxK5AT4frw :eQJvsjn9EeWJaxK5AT4frw~PnWPrCFUEeaPqRI66g-Cyw : 0 
 eQJvsjn9EeWJaxK5AT4frw~4FucfSCIEeaiOA521kQqww : eQJvsjn9EeWJaxK5AT4frw :eQJvsjn9EeWJaxK5AT4frw~PnWPrCFUEeaPqRI66g-Cyw : 0 
 eQJvsjn9EeWJaxK5AT4frw~4FucfSCIEeaiOA521kQqww : eQJvsjn9EeWJaxK5AT4frw :eQJvsjn9EeWJaxK5AT4frw~PnWPrCFUEeaPqRI66g-Cyw : 0 
 eQJvsjn9EeWJaxK5AT4frw~4FucfSCIEeaiOA521kQqww : eQJvsjn9EeWJaxK5AT4frw :eQJvsjn9EeWJaxK5AT4frw~PnWPrCFUEeaPqRI66g-Cyw : 0 
 eQJvsjn9EeWJaxK5AT4frw~4FucfSCIEeaiOA521kQqww : eQJvsjn9EeWJaxK5AT4frw :eQJvsjn9EeWJaxK5AT4frw~e3-dwSCMEearfA7hVcWeXw : 1 
 eQJvsjn9EeWJaxK5AT4frw~4FucfSCIEeaiOA521kQqww : eQJvsjn9EeWJaxK5AT4frw :eQJvsjn9EeWJaxK5AT4frw~4FucfSCIEeaiOA521kQqww : 1 
 eQJvsjn9EeWJaxK5AT4frw~l79mkiDtEeaxVRJ-Fv2Eqw : eQJvsjn9EeWJaxK5AT4frw :eQJvsjn9EeWJaxK5AT4frw~l79mkiDtEeaxVRJ-Fv2Eqw : 1 
 eQJvsjn9EeWJaxK5AT4frw~Ws4jtCGoEeaNSw6v6KnGpw : eQJvsjn9EeWJaxK5AT4frw :eQJvsjn9EeWJaxK5AT4frw~Lj3h4yHFEeaG3QqLdYDICw : 1 
 eQJvsjn9EeWJaxK5AT4frw~Ws4jtCGoEeaNSw6v6KnGpw : eQJvsjn9EeWJaxK5AT4frw :eQJvsjn9EeWJaxK5AT4frw~Ws4jtCGoEeaNSw6v6KnGpw : 1 
 Picking threads where an instructor has **not** replied

 Starting to loop over all the threads for eQJvsjn9EeWJaxK5AT4frw 	 ddvv7Cj3Eea7jBLLHPwd0w 

 eQJvsjn9EeWJaxK5AT4frw~kXqcAxLeEeavcw5bns7DCQ : eQJvsjn9EeWJaxK5AT4frw :eQJvsjn9EeWJaxK5AT4frw~ecEeGyKrEeaGvwq7P--E0Q : 1 
 eQJvsjn9EeWJaxK5AT4frw~kXqcAxLeEeavcw5bns7DCQ : eQJvsjn9EeWJaxK5AT4frw :eQJvsjn9EeWJaxK5AT4frw~kXqcAxLeEeavcw5bns7DCQ : 1 
 eQJvsjn9EeWJaxK5AT4frw~Nd6qXhM4Eea63hJ3Ni_BAw : eQJvsjn9EeWJaxK5AT4frw :eQJvsjn9EeWJaxK5AT4frw~6tc93hv5EeaPqRI66g-Cyw : 1 
 eQJvsjn9EeWJaxK5AT4frw~Nd6qXhM4Eea63hJ3Ni_BAw : eQJvsjn9EeWJaxK5AT4frw :eQJvsjn9EeWJaxK5AT4frw~hRpShhc8EeawBQpBGS9q9w : 1 
 eQJvsjn9EeWJaxK5AT4frw~Nd6qXhM4Eea63hJ3Ni_BAw : eQJvsjn9EeWJaxK5AT4frw :eQJvsjn9EeWJaxK5AT4frw~hRpShhc8EeawBQpBGS9q9w : 0 
 eQJvsjn9EeWJaxK5AT4frw~Nd6qXhM4Eea63hJ3Ni_BAw : eQJvsjn9EeWJaxK5AT4frw :eQJvsjn9EeWJaxK5AT4frw~js4gLBavEeaSqwpdV4Ekkw : 1 
 eQJvsjn9EeWJaxK5AT4frw~Nd6qXhM4Eea63hJ3Ni_BAw : eQJvsjn9EeWJaxK5AT4frw :eQJvsjn9EeWJaxK5AT4frw~Nd6qXhM4Eea63hJ3Ni_BAw : 1 
 Picking threads where an instructor has **not** replied

 Starting to loop over all the threads for eQJvsjn9EeWJaxK5AT4frw 	 deun1Sj3Eea8jw6UvTi2Tw 

 eQJvsjn9EeWJaxK5AT4frw~CaiEzRF6Eeaqig5uXwUeGw : eQJvsjn9EeWJaxK5AT4frw :eQJvsjn9EeWJaxK5AT4frw~kmL2yRutEeaP6xImEh3H8w : 1 
 eQJvsjn9EeWJaxK5AT4frw~CaiEzRF6Eeaqig5uXwUeGw : eQJvsjn9EeWJaxK5AT4frw :eQJvsjn9EeWJaxK5AT4frw~CaiEzRF6Eeaqig5uXwUeGw : 1 
 eQJvsjn9EeWJaxK5AT4frw~xdp4iBZ2EeaotQoPyNtt_Q : eQJvsjn9EeWJaxK5AT4frw :eQJvsjn9EeWJaxK5AT4frw~cUCTshl-EeasSgqcZTBEmw : 1 
 eQJvsjn9EeWJaxK5AT4frw~xdp4iBZ2EeaotQoPyNtt_Q : eQJvsjn9EeWJaxK5AT4frw :eQJvsjn9EeWJaxK5AT4frw~xdp4iBZ2EeaotQoPyNtt_Q : 1 
 eQJvsjn9EeWJaxK5AT4frw~5gpytRecEeauxQoPktIdZw : eQJvsjn9EeWJaxK5AT4frw :eQJvsjn9EeWJaxK5AT4frw~Hd-kRBnLEeaIJBLsrsqR1Q : 1 
 eQJvsjn9EeWJaxK5AT4frw~5gpytRecEeauxQoPktIdZw : eQJvsjn9EeWJaxK5AT4frw :eQJvsjn9EeWJaxK5AT4frw~5gpytRecEeauxQoPktIdZw : 1 
 eQJvsjn9EeWJaxK5AT4frw~hOQLsBkpEea8qw7iXbJ_IQ : eQJvsjn9EeWJaxK5AT4frw :eQJvsjn9EeWJaxK5AT4frw~XXjOzxpGEeac7Ao-bdNLhQ : 1 
 eQJvsjn9EeWJaxK5AT4frw~hOQLsBkpEea8qw7iXbJ_IQ : eQJvsjn9EeWJaxK5AT4frw :eQJvsjn9EeWJaxK5AT4frw~hOQLsBkpEea8qw7iXbJ_IQ : 1 
 eQJvsjn9EeWJaxK5AT4frw~Tu47cxpFEeagYwrS71wzzQ : eQJvsjn9EeWJaxK5AT4frw :eQJvsjn9EeWJaxK5AT4frw~GNOM2xvVEearfA7hVcWeXw : 1 
 eQJvsjn9EeWJaxK5AT4frw~Tu47cxpFEeagYwrS71wzzQ : eQJvsjn9EeWJaxK5AT4frw :eQJvsjn9EeWJaxK5AT4frw~Tu47cxpFEeagYwrS71wzzQ : 1 
 eQJvsjn9EeWJaxK5AT4frw~KqFfFRqqEeagYwrS71wzzQ : eQJvsjn9EeWJaxK5AT4frw :eQJvsjn9EeWJaxK5AT4frw~Qv6EqxusEeasSgqcZTBEmw : 1 
 eQJvsjn9EeWJaxK5AT4frw~KqFfFRqqEeagYwrS71wzzQ : eQJvsjn9EeWJaxK5AT4frw :eQJvsjn9EeWJaxK5AT4frw~jIfIfRtuEeac7Ao-bdNLhQ : 1 
 eQJvsjn9EeWJaxK5AT4frw~KqFfFRqqEeagYwrS71wzzQ : eQJvsjn9EeWJaxK5AT4frw :eQJvsjn9EeWJaxK5AT4frw~2BBFLRrgEeaIJBLsrsqR1Q : 1 
 eQJvsjn9EeWJaxK5AT4frw~KqFfFRqqEeagYwrS71wzzQ : eQJvsjn9EeWJaxK5AT4frw :eQJvsjn9EeWJaxK5AT4frw~KqFfFRqqEeagYwrS71wzzQ : 1 
 eQJvsjn9EeWJaxK5AT4frw~m90ipRrxEeaLhQ74Ufc-sQ : eQJvsjn9EeWJaxK5AT4frw :eQJvsjn9EeWJaxK5AT4frw~vzWquBuzEeac7Ao-bdNLhQ : 1 
 eQJvsjn9EeWJaxK5AT4frw~m90ipRrxEeaLhQ74Ufc-sQ : eQJvsjn9EeWJaxK5AT4frw :eQJvsjn9EeWJaxK5AT4frw~vzWquBuzEeac7Ao-bdNLhQ : 0 
 eQJvsjn9EeWJaxK5AT4frw~m90ipRrxEeaLhQ74Ufc-sQ : eQJvsjn9EeWJaxK5AT4frw :eQJvsjn9EeWJaxK5AT4frw~9MpdlxunEeagYwrS71wzzQ : 1 
 eQJvsjn9EeWJaxK5AT4frw~m90ipRrxEeaLhQ74Ufc-sQ : eQJvsjn9EeWJaxK5AT4frw :eQJvsjn9EeWJaxK5AT4frw~9MpdlxunEeagYwrS71wzzQ : 0 
 eQJvsjn9EeWJaxK5AT4frw~m90ipRrxEeaLhQ74Ufc-sQ : eQJvsjn9EeWJaxK5AT4frw :eQJvsjn9EeWJaxK5AT4frw~9MpdlxunEeagYwrS71wzzQ : 0 
 eQJvsjn9EeWJaxK5AT4frw~m90ipRrxEeaLhQ74Ufc-sQ : eQJvsjn9EeWJaxK5AT4frw :eQJvsjn9EeWJaxK5AT4frw~9MpdlxunEeagYwrS71wzzQ : 0 
 eQJvsjn9EeWJaxK5AT4frw~m90ipRrxEeaLhQ74Ufc-sQ : eQJvsjn9EeWJaxK5AT4frw :eQJvsjn9EeWJaxK5AT4frw~m90ipRrxEeaLhQ74Ufc-sQ : 1 
 eQJvsjn9EeWJaxK5AT4frw~jgUahxuIEeawBQpBGS9q9w : eQJvsjn9EeWJaxK5AT4frw :eQJvsjn9EeWJaxK5AT4frw~iihSiBvOEeag6wpD-92Rcw : 1 
 eQJvsjn9EeWJaxK5AT4frw~jgUahxuIEeawBQpBGS9q9w : eQJvsjn9EeWJaxK5AT4frw :eQJvsjn9EeWJaxK5AT4frw~Nd763hvNEea_TAo4ODIo0w : 1 
 eQJvsjn9EeWJaxK5AT4frw~jgUahxuIEeawBQpBGS9q9w : eQJvsjn9EeWJaxK5AT4frw :eQJvsjn9EeWJaxK5AT4frw~z9wFiRvMEearfA7hVcWeXw : 1 
 eQJvsjn9EeWJaxK5AT4frw~jgUahxuIEeawBQpBGS9q9w : eQJvsjn9EeWJaxK5AT4frw :eQJvsjn9EeWJaxK5AT4frw~jgUahxuIEeawBQpBGS9q9w : 1 
 eQJvsjn9EeWJaxK5AT4frw~wdFMkxxBEea_TAo4ODIo0w : eQJvsjn9EeWJaxK5AT4frw :eQJvsjn9EeWJaxK5AT4frw~9-CmDhz8EeaPqRI66g-Cyw : 1 
 eQJvsjn9EeWJaxK5AT4frw~wdFMkxxBEea_TAo4ODIo0w : eQJvsjn9EeWJaxK5AT4frw :eQJvsjn9EeWJaxK5AT4frw~lXjDGhyLEea7ohIwwrERow : 1 
 eQJvsjn9EeWJaxK5AT4frw~wdFMkxxBEea_TAo4ODIo0w : eQJvsjn9EeWJaxK5AT4frw :eQJvsjn9EeWJaxK5AT4frw~wdFMkxxBEea_TAo4ODIo0w : 1 
 eQJvsjn9EeWJaxK5AT4frw~3vsuCBz0Eea7ohIwwrERow : eQJvsjn9EeWJaxK5AT4frw :eQJvsjn9EeWJaxK5AT4frw~y1EhwB8IEeaxVRJ-Fv2Eqw : 1 
 eQJvsjn9EeWJaxK5AT4frw~3vsuCBz0Eea7ohIwwrERow : eQJvsjn9EeWJaxK5AT4frw :eQJvsjn9EeWJaxK5AT4frw~t6Nc5x3IEeaPqRI66g-Cyw : 1 
 eQJvsjn9EeWJaxK5AT4frw~3vsuCBz0Eea7ohIwwrERow : eQJvsjn9EeWJaxK5AT4frw :eQJvsjn9EeWJaxK5AT4frw~t6Nc5x3IEeaPqRI66g-Cyw : 0 
 eQJvsjn9EeWJaxK5AT4frw~3vsuCBz0Eea7ohIwwrERow : eQJvsjn9EeWJaxK5AT4frw :eQJvsjn9EeWJaxK5AT4frw~GXc0pR0VEeaPqRI66g-Cyw : 1 
 eQJvsjn9EeWJaxK5AT4frw~3vsuCBz0Eea7ohIwwrERow : eQJvsjn9EeWJaxK5AT4frw :eQJvsjn9EeWJaxK5AT4frw~3vsuCBz0Eea7ohIwwrERow : 1 
 eQJvsjn9EeWJaxK5AT4frw~IqdJbBz2EeaHYQrA6vK1PQ : eQJvsjn9EeWJaxK5AT4frw :eQJvsjn9EeWJaxK5AT4frw~IqdJbBz2EeaHYQrA6vK1PQ : 1 
 eQJvsjn9EeWJaxK5AT4frw~Fm3ILh5MEeaiOA521kQqww : eQJvsjn9EeWJaxK5AT4frw :eQJvsjn9EeWJaxK5AT4frw~InPqsx93EeaiOA521kQqww : 1 
 eQJvsjn9EeWJaxK5AT4frw~Fm3ILh5MEeaiOA521kQqww : eQJvsjn9EeWJaxK5AT4frw :eQJvsjn9EeWJaxK5AT4frw~Fm3ILh5MEeaiOA521kQqww : 1 
 eQJvsjn9EeWJaxK5AT4frw~xiygyB6WEeag6wpD-92Rcw : eQJvsjn9EeWJaxK5AT4frw :eQJvsjn9EeWJaxK5AT4frw~pV9A9iDIEeanEw4Bwn2GsQ : 1 
 eQJvsjn9EeWJaxK5AT4frw~xiygyB6WEeag6wpD-92Rcw : eQJvsjn9EeWJaxK5AT4frw :eQJvsjn9EeWJaxK5AT4frw~qe7qKB8VEeaPqRI66g-Cyw : 1 
 eQJvsjn9EeWJaxK5AT4frw~xiygyB6WEeag6wpD-92Rcw : eQJvsjn9EeWJaxK5AT4frw :eQJvsjn9EeWJaxK5AT4frw~xiygyB6WEeag6wpD-92Rcw : 1 
 eQJvsjn9EeWJaxK5AT4frw~qe5F4x6pEeag6wpD-92Rcw : eQJvsjn9EeWJaxK5AT4frw :eQJvsjn9EeWJaxK5AT4frw~yUNMUyBnEea7ohIwwrERow : 1 
 eQJvsjn9EeWJaxK5AT4frw~qe5F4x6pEeag6wpD-92Rcw : eQJvsjn9EeWJaxK5AT4frw :eQJvsjn9EeWJaxK5AT4frw~qe5F4x6pEeag6wpD-92Rcw : 1 
 eQJvsjn9EeWJaxK5AT4frw~U1juKx-EEeaiOA521kQqww : eQJvsjn9EeWJaxK5AT4frw :eQJvsjn9EeWJaxK5AT4frw~z-QEsR-EEeag6wpD-92Rcw : 1 
 eQJvsjn9EeWJaxK5AT4frw~U1juKx-EEeaiOA521kQqww : eQJvsjn9EeWJaxK5AT4frw :eQJvsjn9EeWJaxK5AT4frw~U1juKx-EEeaiOA521kQqww : 1 
 eQJvsjn9EeWJaxK5AT4frw~_6iwnR-HEeaiOA521kQqww : eQJvsjn9EeWJaxK5AT4frw :eQJvsjn9EeWJaxK5AT4frw~j0OJ2R-IEeaPqRI66g-Cyw : 1 
 eQJvsjn9EeWJaxK5AT4frw~_6iwnR-HEeaiOA521kQqww : eQJvsjn9EeWJaxK5AT4frw :eQJvsjn9EeWJaxK5AT4frw~_6iwnR-HEeaiOA521kQqww : 1 
 eQJvsjn9EeWJaxK5AT4frw~oYt44R-REeaVDxK4na7kAw : eQJvsjn9EeWJaxK5AT4frw :eQJvsjn9EeWJaxK5AT4frw~LA0Xkh_REeaG3QqLdYDICw : 1 
 eQJvsjn9EeWJaxK5AT4frw~oYt44R-REeaVDxK4na7kAw : eQJvsjn9EeWJaxK5AT4frw :eQJvsjn9EeWJaxK5AT4frw~5ReIDR_NEea3JA6-1_N9Kw : 1 
 eQJvsjn9EeWJaxK5AT4frw~oYt44R-REeaVDxK4na7kAw : eQJvsjn9EeWJaxK5AT4frw :eQJvsjn9EeWJaxK5AT4frw~i6Hkrx_FEeaxVRJ-Fv2Eqw : 1 
 eQJvsjn9EeWJaxK5AT4frw~oYt44R-REeaVDxK4na7kAw : eQJvsjn9EeWJaxK5AT4frw :eQJvsjn9EeWJaxK5AT4frw~c3XpcR-pEea_TAo4ODIo0w : 1 
 eQJvsjn9EeWJaxK5AT4frw~oYt44R-REeaVDxK4na7kAw : eQJvsjn9EeWJaxK5AT4frw :eQJvsjn9EeWJaxK5AT4frw~oYt44R-REeaVDxK4na7kAw : 1 
 eQJvsjn9EeWJaxK5AT4frw~BdpvIx-9EeaZ7Q5tseGlgQ : eQJvsjn9EeWJaxK5AT4frw :eQJvsjn9EeWJaxK5AT4frw~Jqf9-CQMEea0fgo0T3qZ0Q : 1 
 eQJvsjn9EeWJaxK5AT4frw~BdpvIx-9EeaZ7Q5tseGlgQ : eQJvsjn9EeWJaxK5AT4frw :eQJvsjn9EeWJaxK5AT4frw~Vdkglh_FEearfA7hVcWeXw : 1 
 eQJvsjn9EeWJaxK5AT4frw~BdpvIx-9EeaZ7Q5tseGlgQ : eQJvsjn9EeWJaxK5AT4frw :eQJvsjn9EeWJaxK5AT4frw~BdpvIx-9EeaZ7Q5tseGlgQ : 1 
 eQJvsjn9EeWJaxK5AT4frw~60xhOCAHEearfA7hVcWeXw : eQJvsjn9EeWJaxK5AT4frw :eQJvsjn9EeWJaxK5AT4frw~60xhOCAHEearfA7hVcWeXw : 1 
 eQJvsjn9EeWJaxK5AT4frw~xawRiiCLEea3JA6-1_N9Kw : eQJvsjn9EeWJaxK5AT4frw :eQJvsjn9EeWJaxK5AT4frw~0P7vxSIIEeaZ7Q5tseGlgQ : 1 
 eQJvsjn9EeWJaxK5AT4frw~xawRiiCLEea3JA6-1_N9Kw : eQJvsjn9EeWJaxK5AT4frw :eQJvsjn9EeWJaxK5AT4frw~qdtq9SCPEeaPqRI66g-Cyw : 1 
 eQJvsjn9EeWJaxK5AT4frw~xawRiiCLEea3JA6-1_N9Kw : eQJvsjn9EeWJaxK5AT4frw :eQJvsjn9EeWJaxK5AT4frw~xawRiiCLEea3JA6-1_N9Kw : 1 
 Picking threads where an instructor has **not** replied

 Starting to loop over all the threads for eQJvsjn9EeWJaxK5AT4frw 	 ddSdZCj3Eea8jw6UvTi2Tw 

 eQJvsjn9EeWJaxK5AT4frw~1kiTI6QfEeWF6gpqp4BTmQ : eQJvsjn9EeWJaxK5AT4frw :eQJvsjn9EeWJaxK5AT4frw~hLv1LuVVEeas3AqmJwT3CA : 1 
 eQJvsjn9EeWJaxK5AT4frw~1kiTI6QfEeWF6gpqp4BTmQ : eQJvsjn9EeWJaxK5AT4frw :eQJvsjn9EeWJaxK5AT4frw~hLv1LuVVEeas3AqmJwT3CA : 0 
 eQJvsjn9EeWJaxK5AT4frw~1kiTI6QfEeWF6gpqp4BTmQ : eQJvsjn9EeWJaxK5AT4frw :eQJvsjn9EeWJaxK5AT4frw~hLv1LuVVEeas3AqmJwT3CA : 0 
 eQJvsjn9EeWJaxK5AT4frw~1kiTI6QfEeWF6gpqp4BTmQ : eQJvsjn9EeWJaxK5AT4frw :eQJvsjn9EeWJaxK5AT4frw~t-hCWuSkEeahWwqGBXLpsA : 1 
 eQJvsjn9EeWJaxK5AT4frw~1kiTI6QfEeWF6gpqp4BTmQ : eQJvsjn9EeWJaxK5AT4frw :eQJvsjn9EeWJaxK5AT4frw~oaHZGOQaEea2ng5zHgMBQg : 1 
 eQJvsjn9EeWJaxK5AT4frw~1kiTI6QfEeWF6gpqp4BTmQ : eQJvsjn9EeWJaxK5AT4frw :eQJvsjn9EeWJaxK5AT4frw~oaHZGOQaEea2ng5zHgMBQg : 0 
 eQJvsjn9EeWJaxK5AT4frw~1kiTI6QfEeWF6gpqp4BTmQ : eQJvsjn9EeWJaxK5AT4frw :eQJvsjn9EeWJaxK5AT4frw~tU7e_OJDEea61QofgoD2zA : 1 
 eQJvsjn9EeWJaxK5AT4frw~1kiTI6QfEeWF6gpqp4BTmQ : eQJvsjn9EeWJaxK5AT4frw :eQJvsjn9EeWJaxK5AT4frw~tU7e_OJDEea61QofgoD2zA : 0 
 eQJvsjn9EeWJaxK5AT4frw~1kiTI6QfEeWF6gpqp4BTmQ : eQJvsjn9EeWJaxK5AT4frw :eQJvsjn9EeWJaxK5AT4frw~tU7e_OJDEea61QofgoD2zA : 0 
 eQJvsjn9EeWJaxK5AT4frw~1kiTI6QfEeWF6gpqp4BTmQ : eQJvsjn9EeWJaxK5AT4frw :eQJvsjn9EeWJaxK5AT4frw~DbiwUOCiEeaKiQqUomqA8g : 1 
 eQJvsjn9EeWJaxK5AT4frw~1kiTI6QfEeWF6gpqp4BTmQ : eQJvsjn9EeWJaxK5AT4frw :eQJvsjn9EeWJaxK5AT4frw~DbiwUOCiEeaKiQqUomqA8g : 0 
 eQJvsjn9EeWJaxK5AT4frw~1kiTI6QfEeWF6gpqp4BTmQ : eQJvsjn9EeWJaxK5AT4frw :eQJvsjn9EeWJaxK5AT4frw~nGbi9t2WEea9bRJuhhP9Rg : 1 
 eQJvsjn9EeWJaxK5AT4frw~1kiTI6QfEeWF6gpqp4BTmQ : eQJvsjn9EeWJaxK5AT4frw :eQJvsjn9EeWJaxK5AT4frw~nGbi9t2WEea9bRJuhhP9Rg : 0 
 eQJvsjn9EeWJaxK5AT4frw~1kiTI6QfEeWF6gpqp4BTmQ : eQJvsjn9EeWJaxK5AT4frw :eQJvsjn9EeWJaxK5AT4frw~N4U_WdxcEeaPxwrRq-spMg : 1 
 eQJvsjn9EeWJaxK5AT4frw~1kiTI6QfEeWF6gpqp4BTmQ : eQJvsjn9EeWJaxK5AT4frw :eQJvsjn9EeWJaxK5AT4frw~N4U_WdxcEeaPxwrRq-spMg : 0 
 eQJvsjn9EeWJaxK5AT4frw~1kiTI6QfEeWF6gpqp4BTmQ : eQJvsjn9EeWJaxK5AT4frw :eQJvsjn9EeWJaxK5AT4frw~N4U_WdxcEeaPxwrRq-spMg : 0 
 eQJvsjn9EeWJaxK5AT4frw~1kiTI6QfEeWF6gpqp4BTmQ : eQJvsjn9EeWJaxK5AT4frw :eQJvsjn9EeWJaxK5AT4frw~JL53-tXoEea3ghKSTUcx7A : 1 
 eQJvsjn9EeWJaxK5AT4frw~1kiTI6QfEeWF6gpqp4BTmQ : eQJvsjn9EeWJaxK5AT4frw :eQJvsjn9EeWJaxK5AT4frw~JL53-tXoEea3ghKSTUcx7A : 0 
 eQJvsjn9EeWJaxK5AT4frw~1kiTI6QfEeWF6gpqp4BTmQ : eQJvsjn9EeWJaxK5AT4frw :eQJvsjn9EeWJaxK5AT4frw~JL53-tXoEea3ghKSTUcx7A : 0 
 eQJvsjn9EeWJaxK5AT4frw~1kiTI6QfEeWF6gpqp4BTmQ : eQJvsjn9EeWJaxK5AT4frw :eQJvsjn9EeWJaxK5AT4frw~iHJlE9U1EeaouAp5IFpiJA : 1 
 eQJvsjn9EeWJaxK5AT4frw~1kiTI6QfEeWF6gpqp4BTmQ : eQJvsjn9EeWJaxK5AT4frw :eQJvsjn9EeWJaxK5AT4frw~iHJlE9U1EeaouAp5IFpiJA : 0 
 eQJvsjn9EeWJaxK5AT4frw~1kiTI6QfEeWF6gpqp4BTmQ : eQJvsjn9EeWJaxK5AT4frw :eQJvsjn9EeWJaxK5AT4frw~okVn7dUxEea35hIKSjU0uA : 1 
 eQJvsjn9EeWJaxK5AT4frw~1kiTI6QfEeWF6gpqp4BTmQ : eQJvsjn9EeWJaxK5AT4frw :eQJvsjn9EeWJaxK5AT4frw~okVn7dUxEea35hIKSjU0uA : 0 
 eQJvsjn9EeWJaxK5AT4frw~1kiTI6QfEeWF6gpqp4BTmQ : eQJvsjn9EeWJaxK5AT4frw :eQJvsjn9EeWJaxK5AT4frw~ILIaL9QaEea35hIKSjU0uA : 1 
 eQJvsjn9EeWJaxK5AT4frw~1kiTI6QfEeWF6gpqp4BTmQ : eQJvsjn9EeWJaxK5AT4frw :eQJvsjn9EeWJaxK5AT4frw~ILIaL9QaEea35hIKSjU0uA : 0 
 eQJvsjn9EeWJaxK5AT4frw~1kiTI6QfEeWF6gpqp4BTmQ : eQJvsjn9EeWJaxK5AT4frw :eQJvsjn9EeWJaxK5AT4frw~jf7GCNEoEea-_A50t2T43g : 1 
 eQJvsjn9EeWJaxK5AT4frw~1kiTI6QfEeWF6gpqp4BTmQ : eQJvsjn9EeWJaxK5AT4frw :eQJvsjn9EeWJaxK5AT4frw~jf7GCNEoEea-_A50t2T43g : 0 
 eQJvsjn9EeWJaxK5AT4frw~1kiTI6QfEeWF6gpqp4BTmQ : eQJvsjn9EeWJaxK5AT4frw :eQJvsjn9EeWJaxK5AT4frw~-eY9NdB3EeaBeg5U4yHl7A : 1 
 eQJvsjn9EeWJaxK5AT4frw~1kiTI6QfEeWF6gpqp4BTmQ : eQJvsjn9EeWJaxK5AT4frw :eQJvsjn9EeWJaxK5AT4frw~-eY9NdB3EeaBeg5U4yHl7A : 0 
 eQJvsjn9EeWJaxK5AT4frw~1kiTI6QfEeWF6gpqp4BTmQ : eQJvsjn9EeWJaxK5AT4frw :eQJvsjn9EeWJaxK5AT4frw~SecJVs3IEeaXohJCQP2IMA : 1 
 eQJvsjn9EeWJaxK5AT4frw~1kiTI6QfEeWF6gpqp4BTmQ : eQJvsjn9EeWJaxK5AT4frw :eQJvsjn9EeWJaxK5AT4frw~SecJVs3IEeaXohJCQP2IMA : 0 
 eQJvsjn9EeWJaxK5AT4frw~1kiTI6QfEeWF6gpqp4BTmQ : eQJvsjn9EeWJaxK5AT4frw :eQJvsjn9EeWJaxK5AT4frw~muD5hcy5Eea0zwpn63qgwg : 1 
 eQJvsjn9EeWJaxK5AT4frw~1kiTI6QfEeWF6gpqp4BTmQ : eQJvsjn9EeWJaxK5AT4frw :eQJvsjn9EeWJaxK5AT4frw~muD5hcy5Eea0zwpn63qgwg : 0 
 eQJvsjn9EeWJaxK5AT4frw~1kiTI6QfEeWF6gpqp4BTmQ : eQJvsjn9EeWJaxK5AT4frw :eQJvsjn9EeWJaxK5AT4frw~QJU4WMylEeaLlxIxQzb3sA : 1 
 eQJvsjn9EeWJaxK5AT4frw~1kiTI6QfEeWF6gpqp4BTmQ : eQJvsjn9EeWJaxK5AT4frw :eQJvsjn9EeWJaxK5AT4frw~6L0ZdcxHEeaXohJCQP2IMA : 1 
 eQJvsjn9EeWJaxK5AT4frw~1kiTI6QfEeWF6gpqp4BTmQ : eQJvsjn9EeWJaxK5AT4frw :eQJvsjn9EeWJaxK5AT4frw~gFlkWcvAEea0zwpn63qgwg : 1 
 eQJvsjn9EeWJaxK5AT4frw~1kiTI6QfEeWF6gpqp4BTmQ : eQJvsjn9EeWJaxK5AT4frw :eQJvsjn9EeWJaxK5AT4frw~3d6vTsm5Eea8mgpjoXGCsg : 1 
 eQJvsjn9EeWJaxK5AT4frw~1kiTI6QfEeWF6gpqp4BTmQ : eQJvsjn9EeWJaxK5AT4frw :eQJvsjn9EeWJaxK5AT4frw~9GyBv8gcEeaFyhIY_gUU0g : 1 
 eQJvsjn9EeWJaxK5AT4frw~1kiTI6QfEeWF6gpqp4BTmQ : eQJvsjn9EeWJaxK5AT4frw :eQJvsjn9EeWJaxK5AT4frw~Wl0A-cd-Eea9yw4Q36mASg : 1 
 eQJvsjn9EeWJaxK5AT4frw~1kiTI6QfEeWF6gpqp4BTmQ : eQJvsjn9EeWJaxK5AT4frw :eQJvsjn9EeWJaxK5AT4frw~qX2k0sa2EeaGMhL6_lg_XA : 1 
 eQJvsjn9EeWJaxK5AT4frw~1kiTI6QfEeWF6gpqp4BTmQ : eQJvsjn9EeWJaxK5AT4frw :eQJvsjn9EeWJaxK5AT4frw~9Cgq58QREeaCSwqkqBgvoA : 1 
 eQJvsjn9EeWJaxK5AT4frw~1kiTI6QfEeWF6gpqp4BTmQ : eQJvsjn9EeWJaxK5AT4frw :eQJvsjn9EeWJaxK5AT4frw~ODs8xcLJEeavShIAFgB4-A : 1 
 eQJvsjn9EeWJaxK5AT4frw~1kiTI6QfEeWF6gpqp4BTmQ : eQJvsjn9EeWJaxK5AT4frw :eQJvsjn9EeWJaxK5AT4frw~v5uHSsJyEeaIRw7T1E5tHA : 1 
 eQJvsjn9EeWJaxK5AT4frw~1kiTI6QfEeWF6gpqp4BTmQ : eQJvsjn9EeWJaxK5AT4frw :eQJvsjn9EeWJaxK5AT4frw~VL4RfL_vEeaT3ArPm3YMvA : 1 
 eQJvsjn9EeWJaxK5AT4frw~1kiTI6QfEeWF6gpqp4BTmQ : eQJvsjn9EeWJaxK5AT4frw :eQJvsjn9EeWJaxK5AT4frw~6CXDzr_fEeaVegrLvStXDg : 1 
 eQJvsjn9EeWJaxK5AT4frw~1kiTI6QfEeWF6gpqp4BTmQ : eQJvsjn9EeWJaxK5AT4frw :eQJvsjn9EeWJaxK5AT4frw~fpCNo76mEeaYcRJ-aKpq1A : 1 
 eQJvsjn9EeWJaxK5AT4frw~1kiTI6QfEeWF6gpqp4BTmQ : eQJvsjn9EeWJaxK5AT4frw :eQJvsjn9EeWJaxK5AT4frw~ZSlZsr0KEeaYHgpNzSKpMA : 1 
 eQJvsjn9EeWJaxK5AT4frw~1kiTI6QfEeWF6gpqp4BTmQ : eQJvsjn9EeWJaxK5AT4frw :eQJvsjn9EeWJaxK5AT4frw~LqRCGLv_EeaYcRJ-aKpq1A : 1 
 eQJvsjn9EeWJaxK5AT4frw~1kiTI6QfEeWF6gpqp4BTmQ : eQJvsjn9EeWJaxK5AT4frw :eQJvsjn9EeWJaxK5AT4frw~NkK6JLqIEeaVegrLvStXDg : 1 
 eQJvsjn9EeWJaxK5AT4frw~1kiTI6QfEeWF6gpqp4BTmQ : eQJvsjn9EeWJaxK5AT4frw :eQJvsjn9EeWJaxK5AT4frw~dKjZkrlvEeaYcRJ-aKpq1A : 1 
 eQJvsjn9EeWJaxK5AT4frw~1kiTI6QfEeWF6gpqp4BTmQ : eQJvsjn9EeWJaxK5AT4frw :eQJvsjn9EeWJaxK5AT4frw~XJ-5OrKDEeaN_w7XVB3P7A : 1 
 eQJvsjn9EeWJaxK5AT4frw~1kiTI6QfEeWF6gpqp4BTmQ : eQJvsjn9EeWJaxK5AT4frw :eQJvsjn9EeWJaxK5AT4frw~9MXgqK74Eeabrw6CQe0vwA : 1 
 eQJvsjn9EeWJaxK5AT4frw~1kiTI6QfEeWF6gpqp4BTmQ : eQJvsjn9EeWJaxK5AT4frw :eQJvsjn9EeWJaxK5AT4frw~L-Vc3a5hEeauPA5wF__Kwg : 1 
 eQJvsjn9EeWJaxK5AT4frw~1kiTI6QfEeWF6gpqp4BTmQ : eQJvsjn9EeWJaxK5AT4frw :eQJvsjn9EeWJaxK5AT4frw~w8DxWK1BEeaRDQrTMIoXiA : 1 
 eQJvsjn9EeWJaxK5AT4frw~1kiTI6QfEeWF6gpqp4BTmQ : eQJvsjn9EeWJaxK5AT4frw :eQJvsjn9EeWJaxK5AT4frw~ANJbv6w8Eea6iw4EXvzCZA : 1 
 eQJvsjn9EeWJaxK5AT4frw~1kiTI6QfEeWF6gpqp4BTmQ : eQJvsjn9EeWJaxK5AT4frw :eQJvsjn9EeWJaxK5AT4frw~8GulNaUDEeadhwrR3lohrA : 1 
 eQJvsjn9EeWJaxK5AT4frw~1kiTI6QfEeWF6gpqp4BTmQ : eQJvsjn9EeWJaxK5AT4frw :eQJvsjn9EeWJaxK5AT4frw~kze5paQVEeaprQ4LnRHZcg : 1 
 eQJvsjn9EeWJaxK5AT4frw~1kiTI6QfEeWF6gpqp4BTmQ : eQJvsjn9EeWJaxK5AT4frw :eQJvsjn9EeWJaxK5AT4frw~Z1l3EaOgEeaJsxK88fW92A : 1 
 eQJvsjn9EeWJaxK5AT4frw~1kiTI6QfEeWF6gpqp4BTmQ : eQJvsjn9EeWJaxK5AT4frw :eQJvsjn9EeWJaxK5AT4frw~UuyKwZoAEeaBcQptP0ZNwg : 1 
 eQJvsjn9EeWJaxK5AT4frw~1kiTI6QfEeWF6gpqp4BTmQ : eQJvsjn9EeWJaxK5AT4frw :eQJvsjn9EeWJaxK5AT4frw~2AfyQpW0EeaxvRLoQ7NHzw : 1 
 eQJvsjn9EeWJaxK5AT4frw~1kiTI6QfEeWF6gpqp4BTmQ : eQJvsjn9EeWJaxK5AT4frw :eQJvsjn9EeWJaxK5AT4frw~l--Kw5IXEeaQYRKcXQcKHQ : 1 
 eQJvsjn9EeWJaxK5AT4frw~1kiTI6QfEeWF6gpqp4BTmQ : eQJvsjn9EeWJaxK5AT4frw :eQJvsjn9EeWJaxK5AT4frw~w39i9pIWEeaIFA6Ij_MgHw : 1 
 eQJvsjn9EeWJaxK5AT4frw~1kiTI6QfEeWF6gpqp4BTmQ : eQJvsjn9EeWJaxK5AT4frw :eQJvsjn9EeWJaxK5AT4frw~7EbMf5EsEear0Q47QbDuLw : 1 
 eQJvsjn9EeWJaxK5AT4frw~1kiTI6QfEeWF6gpqp4BTmQ : eQJvsjn9EeWJaxK5AT4frw :eQJvsjn9EeWJaxK5AT4frw~MPhpko-EEeau6AqOJYpH0w : 1 
 eQJvsjn9EeWJaxK5AT4frw~1kiTI6QfEeWF6gpqp4BTmQ : eQJvsjn9EeWJaxK5AT4frw :eQJvsjn9EeWJaxK5AT4frw~x_7hk47FEea8RAoAZIJsnw : 1 
 eQJvsjn9EeWJaxK5AT4frw~1kiTI6QfEeWF6gpqp4BTmQ : eQJvsjn9EeWJaxK5AT4frw :eQJvsjn9EeWJaxK5AT4frw~25RcJ4yuEeaHRwr5_eYMew : 1 
 eQJvsjn9EeWJaxK5AT4frw~1kiTI6QfEeWF6gpqp4BTmQ : eQJvsjn9EeWJaxK5AT4frw :eQJvsjn9EeWJaxK5AT4frw~_cF8ooykEeaQYRKcXQcKHQ : 1 
 eQJvsjn9EeWJaxK5AT4frw~1kiTI6QfEeWF6gpqp4BTmQ : eQJvsjn9EeWJaxK5AT4frw :eQJvsjn9EeWJaxK5AT4frw~cJX8KoyHEeaaWxLhic_FFQ : 1 
 eQJvsjn9EeWJaxK5AT4frw~1kiTI6QfEeWF6gpqp4BTmQ : eQJvsjn9EeWJaxK5AT4frw :eQJvsjn9EeWJaxK5AT4frw~O7iua4x1Eeau6AqOJYpH0w : 1 
 eQJvsjn9EeWJaxK5AT4frw~1kiTI6QfEeWF6gpqp4BTmQ : eQJvsjn9EeWJaxK5AT4frw :eQJvsjn9EeWJaxK5AT4frw~hbd0nowlEeaHRwr5_eYMew : 1 
 eQJvsjn9EeWJaxK5AT4frw~1kiTI6QfEeWF6gpqp4BTmQ : eQJvsjn9EeWJaxK5AT4frw :eQJvsjn9EeWJaxK5AT4frw~ubKkRYvmEeaEMQ4qyS4RFQ : 1 
 eQJvsjn9EeWJaxK5AT4frw~1kiTI6QfEeWF6gpqp4BTmQ : eQJvsjn9EeWJaxK5AT4frw :eQJvsjn9EeWJaxK5AT4frw~AqqsjImZEeaWXQqx7Pax1Q : 1 
 eQJvsjn9EeWJaxK5AT4frw~1kiTI6QfEeWF6gpqp4BTmQ : eQJvsjn9EeWJaxK5AT4frw :eQJvsjn9EeWJaxK5AT4frw~mUzwXobzEeaA2w6K8vqKqQ : 1 
 eQJvsjn9EeWJaxK5AT4frw~1kiTI6QfEeWF6gpqp4BTmQ : eQJvsjn9EeWJaxK5AT4frw :eQJvsjn9EeWJaxK5AT4frw~6ouFEYWHEeayFAo0dkfdgQ : 1 
 eQJvsjn9EeWJaxK5AT4frw~1kiTI6QfEeWF6gpqp4BTmQ : eQJvsjn9EeWJaxK5AT4frw :eQJvsjn9EeWJaxK5AT4frw~6KY5c4S6EeaCLQquMHJNjw : 1 
 eQJvsjn9EeWJaxK5AT4frw~1kiTI6QfEeWF6gpqp4BTmQ : eQJvsjn9EeWJaxK5AT4frw :eQJvsjn9EeWJaxK5AT4frw~YBd5toNnEeaBoRLD76N51Q : 1 
 eQJvsjn9EeWJaxK5AT4frw~1kiTI6QfEeWF6gpqp4BTmQ : eQJvsjn9EeWJaxK5AT4frw :eQJvsjn9EeWJaxK5AT4frw~mJ60zYNXEeaw-g6ZiAq0pw : 1 
 eQJvsjn9EeWJaxK5AT4frw~1kiTI6QfEeWF6gpqp4BTmQ : eQJvsjn9EeWJaxK5AT4frw :eQJvsjn9EeWJaxK5AT4frw~shdrCIMgEeaw-g6ZiAq0pw : 1 
 eQJvsjn9EeWJaxK5AT4frw~1kiTI6QfEeWF6gpqp4BTmQ : eQJvsjn9EeWJaxK5AT4frw :eQJvsjn9EeWJaxK5AT4frw~lJalmoFWEea1EQ4e4zXu3w : 1 
 eQJvsjn9EeWJaxK5AT4frw~1kiTI6QfEeWF6gpqp4BTmQ : eQJvsjn9EeWJaxK5AT4frw :eQJvsjn9EeWJaxK5AT4frw~2HbzJX7FEeaddQrHvCk7lw : 1 
 eQJvsjn9EeWJaxK5AT4frw~1kiTI6QfEeWF6gpqp4BTmQ : eQJvsjn9EeWJaxK5AT4frw :eQJvsjn9EeWJaxK5AT4frw~dpgP_3nkEeaXAxLCt5OplQ : 1 
 eQJvsjn9EeWJaxK5AT4frw~1kiTI6QfEeWF6gpqp4BTmQ : eQJvsjn9EeWJaxK5AT4frw :eQJvsjn9EeWJaxK5AT4frw~8_T_knlrEea4cg6xUtC71w : 1 
 eQJvsjn9EeWJaxK5AT4frw~1kiTI6QfEeWF6gpqp4BTmQ : eQJvsjn9EeWJaxK5AT4frw :eQJvsjn9EeWJaxK5AT4frw~7iYMpXW1Eea8kRJCfdBtPQ : 1 
 eQJvsjn9EeWJaxK5AT4frw~1kiTI6QfEeWF6gpqp4BTmQ : eQJvsjn9EeWJaxK5AT4frw :eQJvsjn9EeWJaxK5AT4frw~xSPj9nFDEeay8A4F7Z7mqQ : 1 
 eQJvsjn9EeWJaxK5AT4frw~1kiTI6QfEeWF6gpqp4BTmQ : eQJvsjn9EeWJaxK5AT4frw :eQJvsjn9EeWJaxK5AT4frw~K6W1A3DPEeaYLQ4GZ413oQ : 1 
 eQJvsjn9EeWJaxK5AT4frw~1kiTI6QfEeWF6gpqp4BTmQ : eQJvsjn9EeWJaxK5AT4frw :eQJvsjn9EeWJaxK5AT4frw~mTtc83COEea8hBI6Erv2mQ : 1 
 eQJvsjn9EeWJaxK5AT4frw~1kiTI6QfEeWF6gpqp4BTmQ : eQJvsjn9EeWJaxK5AT4frw :eQJvsjn9EeWJaxK5AT4frw~H80Kz28QEeaFzArqnwxFdw : 1 
 eQJvsjn9EeWJaxK5AT4frw~1kiTI6QfEeWF6gpqp4BTmQ : eQJvsjn9EeWJaxK5AT4frw :eQJvsjn9EeWJaxK5AT4frw~2XxN7mrREeaNzxLq5G6s3w : 1 
 eQJvsjn9EeWJaxK5AT4frw~1kiTI6QfEeWF6gpqp4BTmQ : eQJvsjn9EeWJaxK5AT4frw :eQJvsjn9EeWJaxK5AT4frw~6vnIV2poEeaouRL2oEm6Gw : 1 
 eQJvsjn9EeWJaxK5AT4frw~1kiTI6QfEeWF6gpqp4BTmQ : eQJvsjn9EeWJaxK5AT4frw :eQJvsjn9EeWJaxK5AT4frw~n8CSe2nfEeaIlAqed3yWaw : 1 
 eQJvsjn9EeWJaxK5AT4frw~1kiTI6QfEeWF6gpqp4BTmQ : eQJvsjn9EeWJaxK5AT4frw :eQJvsjn9EeWJaxK5AT4frw~eYtVm2nPEeaMKQ4sYRHqqQ : 1 
 eQJvsjn9EeWJaxK5AT4frw~1kiTI6QfEeWF6gpqp4BTmQ : eQJvsjn9EeWJaxK5AT4frw :eQJvsjn9EeWJaxK5AT4frw~_T2NmWI_EeaYTRITYU0Rww : 1 
 eQJvsjn9EeWJaxK5AT4frw~1kiTI6QfEeWF6gpqp4BTmQ : eQJvsjn9EeWJaxK5AT4frw :eQJvsjn9EeWJaxK5AT4frw~JZ2Tu2EKEeaCxw4CtnLVoQ : 1 
 eQJvsjn9EeWJaxK5AT4frw~1kiTI6QfEeWF6gpqp4BTmQ : eQJvsjn9EeWJaxK5AT4frw :eQJvsjn9EeWJaxK5AT4frw~3nrVk1vhEea1DBKPs6xA5Q : 1 
 eQJvsjn9EeWJaxK5AT4frw~1kiTI6QfEeWF6gpqp4BTmQ : eQJvsjn9EeWJaxK5AT4frw :eQJvsjn9EeWJaxK5AT4frw~t5WGRlqXEeaO2hIhP0uHRw : 1 
 eQJvsjn9EeWJaxK5AT4frw~1kiTI6QfEeWF6gpqp4BTmQ : eQJvsjn9EeWJaxK5AT4frw :eQJvsjn9EeWJaxK5AT4frw~bCixHFKGEeapzxJxWSpIxw : 1 
 eQJvsjn9EeWJaxK5AT4frw~1kiTI6QfEeWF6gpqp4BTmQ : eQJvsjn9EeWJaxK5AT4frw :eQJvsjn9EeWJaxK5AT4frw~ZmdNz1IxEea-GBJm_sJCcw : 1 
 eQJvsjn9EeWJaxK5AT4frw~1kiTI6QfEeWF6gpqp4BTmQ : eQJvsjn9EeWJaxK5AT4frw :eQJvsjn9EeWJaxK5AT4frw~ks4bzFDmEeaciBIdw_qN3w : 1 
 eQJvsjn9EeWJaxK5AT4frw~1kiTI6QfEeWF6gpqp4BTmQ : eQJvsjn9EeWJaxK5AT4frw :eQJvsjn9EeWJaxK5AT4frw~BDt7Ak_EEeaM0ApCgtOItw : 1 
 eQJvsjn9EeWJaxK5AT4frw~1kiTI6QfEeWF6gpqp4BTmQ : eQJvsjn9EeWJaxK5AT4frw :eQJvsjn9EeWJaxK5AT4frw~H_-MEkuvEeaQYwrcKTQWAQ : 1 
 eQJvsjn9EeWJaxK5AT4frw~1kiTI6QfEeWF6gpqp4BTmQ : eQJvsjn9EeWJaxK5AT4frw :eQJvsjn9EeWJaxK5AT4frw~oBnFi0uhEeaSvQr5rWp-YQ : 1 
 eQJvsjn9EeWJaxK5AT4frw~1kiTI6QfEeWF6gpqp4BTmQ : eQJvsjn9EeWJaxK5AT4frw :eQJvsjn9EeWJaxK5AT4frw~qCSiFUmQEeajOxLxiFQ2FQ : 1 
 eQJvsjn9EeWJaxK5AT4frw~1kiTI6QfEeWF6gpqp4BTmQ : eQJvsjn9EeWJaxK5AT4frw :eQJvsjn9EeWJaxK5AT4frw~oanxeUa2EeazPQoUWGdJ9Q : 1 
 eQJvsjn9EeWJaxK5AT4frw~1kiTI6QfEeWF6gpqp4BTmQ : eQJvsjn9EeWJaxK5AT4frw :eQJvsjn9EeWJaxK5AT4frw~4viV7EYNEeaS0w6RXgoWAw : 1 
 eQJvsjn9EeWJaxK5AT4frw~1kiTI6QfEeWF6gpqp4BTmQ : eQJvsjn9EeWJaxK5AT4frw :eQJvsjn9EeWJaxK5AT4frw~jkLZ-UI-EeaXyw5hjmsWew : 1 
 eQJvsjn9EeWJaxK5AT4frw~1kiTI6QfEeWF6gpqp4BTmQ : eQJvsjn9EeWJaxK5AT4frw :eQJvsjn9EeWJaxK5AT4frw~V7KlxEI-EeaJZA6Ew5-W7Q : 1 
 eQJvsjn9EeWJaxK5AT4frw~1kiTI6QfEeWF6gpqp4BTmQ : eQJvsjn9EeWJaxK5AT4frw :eQJvsjn9EeWJaxK5AT4frw~NZycgTw4Eeai1RIqHM9jYQ : 1 
 eQJvsjn9EeWJaxK5AT4frw~1kiTI6QfEeWF6gpqp4BTmQ : eQJvsjn9EeWJaxK5AT4frw :eQJvsjn9EeWJaxK5AT4frw~dlglBTvgEeaDRA5SxbW7qQ : 1 
 eQJvsjn9EeWJaxK5AT4frw~1kiTI6QfEeWF6gpqp4BTmQ : eQJvsjn9EeWJaxK5AT4frw :eQJvsjn9EeWJaxK5AT4frw~C3mijTmgEeaSvQr5rWp-YQ : 1 
 eQJvsjn9EeWJaxK5AT4frw~1kiTI6QfEeWF6gpqp4BTmQ : eQJvsjn9EeWJaxK5AT4frw :eQJvsjn9EeWJaxK5AT4frw~27OFhzbYEeaJAAqDwR2raQ : 1 
 eQJvsjn9EeWJaxK5AT4frw~1kiTI6QfEeWF6gpqp4BTmQ : eQJvsjn9EeWJaxK5AT4frw :eQJvsjn9EeWJaxK5AT4frw~FJZ_kTSJEeauJQoDUqhIHw : 1 
 eQJvsjn9EeWJaxK5AT4frw~1kiTI6QfEeWF6gpqp4BTmQ : eQJvsjn9EeWJaxK5AT4frw :eQJvsjn9EeWJaxK5AT4frw~RgsIcDIcEea0DRLrrvCCTQ : 1 
 eQJvsjn9EeWJaxK5AT4frw~1kiTI6QfEeWF6gpqp4BTmQ : eQJvsjn9EeWJaxK5AT4frw :eQJvsjn9EeWJaxK5AT4frw~MR7C_TDMEeaKAhJC1hWxEQ : 1 
 eQJvsjn9EeWJaxK5AT4frw~1kiTI6QfEeWF6gpqp4BTmQ : eQJvsjn9EeWJaxK5AT4frw :eQJvsjn9EeWJaxK5AT4frw~VwtwBi4fEea2MgrBjcQhKw : 1 
 eQJvsjn9EeWJaxK5AT4frw~1kiTI6QfEeWF6gpqp4BTmQ : eQJvsjn9EeWJaxK5AT4frw :eQJvsjn9EeWJaxK5AT4frw~HXQKTC4PEeaHEgowKm82Aw : 1 
 eQJvsjn9EeWJaxK5AT4frw~1kiTI6QfEeWF6gpqp4BTmQ : eQJvsjn9EeWJaxK5AT4frw :eQJvsjn9EeWJaxK5AT4frw~7f_R_C2oEeaaVA48G_0dEQ : 1 
 eQJvsjn9EeWJaxK5AT4frw~1kiTI6QfEeWF6gpqp4BTmQ : eQJvsjn9EeWJaxK5AT4frw :eQJvsjn9EeWJaxK5AT4frw~CqxmuCrVEeaaVA48G_0dEQ : 1 
 eQJvsjn9EeWJaxK5AT4frw~1kiTI6QfEeWF6gpqp4BTmQ : eQJvsjn9EeWJaxK5AT4frw :eQJvsjn9EeWJaxK5AT4frw~YWp71yhNEea2MgrBjcQhKw : 1 
 eQJvsjn9EeWJaxK5AT4frw~1kiTI6QfEeWF6gpqp4BTmQ : eQJvsjn9EeWJaxK5AT4frw :eQJvsjn9EeWJaxK5AT4frw~iRejISgkEeaoXg7YgQ2Cfw : 1 
 eQJvsjn9EeWJaxK5AT4frw~1kiTI6QfEeWF6gpqp4BTmQ : eQJvsjn9EeWJaxK5AT4frw :eQJvsjn9EeWJaxK5AT4frw~B3KXeigAEeay0BJyTA_AJw : 1 
 eQJvsjn9EeWJaxK5AT4frw~1kiTI6QfEeWF6gpqp4BTmQ : eQJvsjn9EeWJaxK5AT4frw :eQJvsjn9EeWJaxK5AT4frw~SJy9BibgEeaRtQpho9OEXw : 1 
 eQJvsjn9EeWJaxK5AT4frw~1kiTI6QfEeWF6gpqp4BTmQ : eQJvsjn9EeWJaxK5AT4frw :eQJvsjn9EeWJaxK5AT4frw~23sDxCZ1EeacKhJ2Eiev7Q : 1 
 eQJvsjn9EeWJaxK5AT4frw~1kiTI6QfEeWF6gpqp4BTmQ : eQJvsjn9EeWJaxK5AT4frw :eQJvsjn9EeWJaxK5AT4frw~QAjxtySPEeaUkQpCWfYnAQ : 1 
 eQJvsjn9EeWJaxK5AT4frw~1kiTI6QfEeWF6gpqp4BTmQ : eQJvsjn9EeWJaxK5AT4frw :eQJvsjn9EeWJaxK5AT4frw~KYU5eSDyEeaG3QqLdYDICw : 1 
 eQJvsjn9EeWJaxK5AT4frw~1kiTI6QfEeWF6gpqp4BTmQ : eQJvsjn9EeWJaxK5AT4frw :eQJvsjn9EeWJaxK5AT4frw~2W1vex0iEeaIERIKn_tddw : 1 
 eQJvsjn9EeWJaxK5AT4frw~1kiTI6QfEeWF6gpqp4BTmQ : eQJvsjn9EeWJaxK5AT4frw :eQJvsjn9EeWJaxK5AT4frw~eETE5hv8EeaHYQrA6vK1PQ : 1 
 eQJvsjn9EeWJaxK5AT4frw~1kiTI6QfEeWF6gpqp4BTmQ : eQJvsjn9EeWJaxK5AT4frw :eQJvsjn9EeWJaxK5AT4frw~qHWCjRsiEeasSgqcZTBEmw : 1 
 eQJvsjn9EeWJaxK5AT4frw~1kiTI6QfEeWF6gpqp4BTmQ : eQJvsjn9EeWJaxK5AT4frw :eQJvsjn9EeWJaxK5AT4frw~B6DJ8BVVEeaxsBIihWq87Q : 1 
 eQJvsjn9EeWJaxK5AT4frw~1kiTI6QfEeWF6gpqp4BTmQ : eQJvsjn9EeWJaxK5AT4frw :eQJvsjn9EeWJaxK5AT4frw~WotkaRTLEeaAVhLVpQtKaw : 1 
 eQJvsjn9EeWJaxK5AT4frw~1kiTI6QfEeWF6gpqp4BTmQ : eQJvsjn9EeWJaxK5AT4frw :eQJvsjn9EeWJaxK5AT4frw~UoqQuBN2Eea0FgrDsuIyMQ : 1 
 eQJvsjn9EeWJaxK5AT4frw~1kiTI6QfEeWF6gpqp4BTmQ : eQJvsjn9EeWJaxK5AT4frw :eQJvsjn9EeWJaxK5AT4frw~PC5DqBHgEeaSqwpdV4Ekkw : 1 
 eQJvsjn9EeWJaxK5AT4frw~1kiTI6QfEeWF6gpqp4BTmQ : eQJvsjn9EeWJaxK5AT4frw :eQJvsjn9EeWJaxK5AT4frw~H3-uFA_ZEea0FgrDsuIyMQ : 1 
 eQJvsjn9EeWJaxK5AT4frw~1kiTI6QfEeWF6gpqp4BTmQ : eQJvsjn9EeWJaxK5AT4frw :eQJvsjn9EeWJaxK5AT4frw~HyVGJwZSEeaKcgo5QGzd4w : 1 
 eQJvsjn9EeWJaxK5AT4frw~1kiTI6QfEeWF6gpqp4BTmQ : eQJvsjn9EeWJaxK5AT4frw :eQJvsjn9EeWJaxK5AT4frw~NkPpGgWtEeajlxJZnaVADw : 1 
 eQJvsjn9EeWJaxK5AT4frw~1kiTI6QfEeWF6gpqp4BTmQ : eQJvsjn9EeWJaxK5AT4frw :eQJvsjn9EeWJaxK5AT4frw~YkJuXPzhEeWW0grgb0UTkQ : 1 
 eQJvsjn9EeWJaxK5AT4frw~1kiTI6QfEeWF6gpqp4BTmQ : eQJvsjn9EeWJaxK5AT4frw :eQJvsjn9EeWJaxK5AT4frw~EBoFJPzhEeWlQw7xlSHNnQ : 1 
 eQJvsjn9EeWJaxK5AT4frw~1kiTI6QfEeWF6gpqp4BTmQ : eQJvsjn9EeWJaxK5AT4frw :eQJvsjn9EeWJaxK5AT4frw~LPEmvfe5EeWnyw45DXyCTw : 1 
 eQJvsjn9EeWJaxK5AT4frw~1kiTI6QfEeWF6gpqp4BTmQ : eQJvsjn9EeWJaxK5AT4frw :eQJvsjn9EeWJaxK5AT4frw~q_TEQvNWEeWPyw7tSN6RVw : 1 
 eQJvsjn9EeWJaxK5AT4frw~1kiTI6QfEeWF6gpqp4BTmQ : eQJvsjn9EeWJaxK5AT4frw :eQJvsjn9EeWJaxK5AT4frw~ZEEUuvK_EeWCWg4sBTB7QQ : 1 
 eQJvsjn9EeWJaxK5AT4frw~1kiTI6QfEeWF6gpqp4BTmQ : eQJvsjn9EeWJaxK5AT4frw :eQJvsjn9EeWJaxK5AT4frw~WK1nlfJ2EeWnOBISxifLdw : 1 
 eQJvsjn9EeWJaxK5AT4frw~1kiTI6QfEeWF6gpqp4BTmQ : eQJvsjn9EeWJaxK5AT4frw :eQJvsjn9EeWJaxK5AT4frw~U42NM_GIEeWnOBISxifLdw : 1 
 eQJvsjn9EeWJaxK5AT4frw~1kiTI6QfEeWF6gpqp4BTmQ : eQJvsjn9EeWJaxK5AT4frw :eQJvsjn9EeWJaxK5AT4frw~R-FyO_EhEeWeyQ6xu8k3Vw : 1 
 eQJvsjn9EeWJaxK5AT4frw~1kiTI6QfEeWF6gpqp4BTmQ : eQJvsjn9EeWJaxK5AT4frw :eQJvsjn9EeWJaxK5AT4frw~IhTWYe-TEeWCWg4sBTB7QQ : 1 
 eQJvsjn9EeWJaxK5AT4frw~1kiTI6QfEeWF6gpqp4BTmQ : eQJvsjn9EeWJaxK5AT4frw :eQJvsjn9EeWJaxK5AT4frw~M6no0u-FEeWkUAr_DMJ5Lw : 1 
 eQJvsjn9EeWJaxK5AT4frw~1kiTI6QfEeWF6gpqp4BTmQ : eQJvsjn9EeWJaxK5AT4frw :eQJvsjn9EeWJaxK5AT4frw~my219e80EeWqSQ7kx0rpLQ : 1 
 eQJvsjn9EeWJaxK5AT4frw~1kiTI6QfEeWF6gpqp4BTmQ : eQJvsjn9EeWJaxK5AT4frw :eQJvsjn9EeWJaxK5AT4frw~wOEeZe8CEeWFuw7QEATDpw : 1 
 eQJvsjn9EeWJaxK5AT4frw~1kiTI6QfEeWF6gpqp4BTmQ : eQJvsjn9EeWJaxK5AT4frw :eQJvsjn9EeWJaxK5AT4frw~LO2NWuknEeWcTQpIg9bO1w : 1 
 eQJvsjn9EeWJaxK5AT4frw~1kiTI6QfEeWF6gpqp4BTmQ : eQJvsjn9EeWJaxK5AT4frw :eQJvsjn9EeWJaxK5AT4frw~NVuNvujnEeWkUAr_DMJ5Lw : 1 
 eQJvsjn9EeWJaxK5AT4frw~1kiTI6QfEeWF6gpqp4BTmQ : eQJvsjn9EeWJaxK5AT4frw :eQJvsjn9EeWJaxK5AT4frw~9j69i-b5EeWchRLuIyhEMw : 1 
 eQJvsjn9EeWJaxK5AT4frw~1kiTI6QfEeWF6gpqp4BTmQ : eQJvsjn9EeWJaxK5AT4frw :eQJvsjn9EeWJaxK5AT4frw~ekiTl-b5EeWMlw44hRNPDQ : 1 
 eQJvsjn9EeWJaxK5AT4frw~1kiTI6QfEeWF6gpqp4BTmQ : eQJvsjn9EeWJaxK5AT4frw :eQJvsjn9EeWJaxK5AT4frw~r8oP9eZSEeW9lxKw6HUZ1Q : 1 
 eQJvsjn9EeWJaxK5AT4frw~1kiTI6QfEeWF6gpqp4BTmQ : eQJvsjn9EeWJaxK5AT4frw :eQJvsjn9EeWJaxK5AT4frw~cZ-ycuWfEeWHFAp2VbXctw : 1 
 eQJvsjn9EeWJaxK5AT4frw~1kiTI6QfEeWF6gpqp4BTmQ : eQJvsjn9EeWJaxK5AT4frw :eQJvsjn9EeWJaxK5AT4frw~nlacaOWHEeWHFAp2VbXctw : 1 
 eQJvsjn9EeWJaxK5AT4frw~1kiTI6QfEeWF6gpqp4BTmQ : eQJvsjn9EeWJaxK5AT4frw :eQJvsjn9EeWJaxK5AT4frw~r93XD-PCEeWohBKTpGZ3Aw : 1 
 eQJvsjn9EeWJaxK5AT4frw~1kiTI6QfEeWF6gpqp4BTmQ : eQJvsjn9EeWJaxK5AT4frw :eQJvsjn9EeWJaxK5AT4frw~-H9RjOO0EeWFPAqzawk_tQ : 1 
 eQJvsjn9EeWJaxK5AT4frw~1kiTI6QfEeWF6gpqp4BTmQ : eQJvsjn9EeWJaxK5AT4frw :eQJvsjn9EeWJaxK5AT4frw~A5Ao8eJIEeWhmg4JHc-OZw : 1 
 eQJvsjn9EeWJaxK5AT4frw~1kiTI6QfEeWF6gpqp4BTmQ : eQJvsjn9EeWJaxK5AT4frw :eQJvsjn9EeWJaxK5AT4frw~XoBlKeGJEeWaJApBiZlwSQ : 1 
 eQJvsjn9EeWJaxK5AT4frw~1kiTI6QfEeWF6gpqp4BTmQ : eQJvsjn9EeWJaxK5AT4frw :eQJvsjn9EeWJaxK5AT4frw~s72JLd_REeW1UwrfWPIjtQ : 1 
 eQJvsjn9EeWJaxK5AT4frw~1kiTI6QfEeWF6gpqp4BTmQ : eQJvsjn9EeWJaxK5AT4frw :eQJvsjn9EeWJaxK5AT4frw~wcsOIt4uEeWg_AqAJ4-koQ : 1 
 eQJvsjn9EeWJaxK5AT4frw~1kiTI6QfEeWF6gpqp4BTmQ : eQJvsjn9EeWJaxK5AT4frw :eQJvsjn9EeWJaxK5AT4frw~Dkjhmt2OEeW_zQ7H7hvrAQ : 1 
 eQJvsjn9EeWJaxK5AT4frw~1kiTI6QfEeWF6gpqp4BTmQ : eQJvsjn9EeWJaxK5AT4frw :eQJvsjn9EeWJaxK5AT4frw~AatKQ907EeWHmA6xgXAddw : 1 
 eQJvsjn9EeWJaxK5AT4frw~1kiTI6QfEeWF6gpqp4BTmQ : eQJvsjn9EeWJaxK5AT4frw :eQJvsjn9EeWJaxK5AT4frw~jbgQ7tbQEeW-EQ6jzRFIow : 1 
 eQJvsjn9EeWJaxK5AT4frw~1kiTI6QfEeWF6gpqp4BTmQ : eQJvsjn9EeWJaxK5AT4frw :eQJvsjn9EeWJaxK5AT4frw~-eFjn9TNEeW17wrgkMLDIQ : 1 
 eQJvsjn9EeWJaxK5AT4frw~1kiTI6QfEeWF6gpqp4BTmQ : eQJvsjn9EeWJaxK5AT4frw :eQJvsjn9EeWJaxK5AT4frw~52X4ktPhEeWx_BI9PC2FcQ : 1 
 eQJvsjn9EeWJaxK5AT4frw~1kiTI6QfEeWF6gpqp4BTmQ : eQJvsjn9EeWJaxK5AT4frw :eQJvsjn9EeWJaxK5AT4frw~wEiyE9PhEeWA6BIeMfBWVQ : 1 
 eQJvsjn9EeWJaxK5AT4frw~1kiTI6QfEeWF6gpqp4BTmQ : eQJvsjn9EeWJaxK5AT4frw :eQJvsjn9EeWJaxK5AT4frw~gZmZN9LsEeWQzA7MOZsNDQ : 1 
 eQJvsjn9EeWJaxK5AT4frw~1kiTI6QfEeWF6gpqp4BTmQ : eQJvsjn9EeWJaxK5AT4frw :eQJvsjn9EeWJaxK5AT4frw~AAhgMtKfEeWA6BIeMfBWVQ : 1 
 eQJvsjn9EeWJaxK5AT4frw~1kiTI6QfEeWF6gpqp4BTmQ : eQJvsjn9EeWJaxK5AT4frw :eQJvsjn9EeWJaxK5AT4frw~3-uz59J5EeWlkRK6P5OGjQ : 1 
 eQJvsjn9EeWJaxK5AT4frw~1kiTI6QfEeWF6gpqp4BTmQ : eQJvsjn9EeWJaxK5AT4frw :eQJvsjn9EeWJaxK5AT4frw~sfwjEdHnEeW9ug73QL_FVQ : 1 
 eQJvsjn9EeWJaxK5AT4frw~1kiTI6QfEeWF6gpqp4BTmQ : eQJvsjn9EeWJaxK5AT4frw :eQJvsjn9EeWJaxK5AT4frw~Hu2yPND_EeWsaAqtPzxiow : 1 
 eQJvsjn9EeWJaxK5AT4frw~1kiTI6QfEeWF6gpqp4BTmQ : eQJvsjn9EeWJaxK5AT4frw :eQJvsjn9EeWJaxK5AT4frw~6gpf3tC-EeW01g7o8S6alw : 1 
 eQJvsjn9EeWJaxK5AT4frw~1kiTI6QfEeWF6gpqp4BTmQ : eQJvsjn9EeWJaxK5AT4frw :eQJvsjn9EeWJaxK5AT4frw~LmW0Ls_cEeWwoQrbIHhKaQ : 1 
 eQJvsjn9EeWJaxK5AT4frw~1kiTI6QfEeWF6gpqp4BTmQ : eQJvsjn9EeWJaxK5AT4frw :eQJvsjn9EeWJaxK5AT4frw~0hJ3dc_UEeWrJhKRHKXGQw : 1 
 eQJvsjn9EeWJaxK5AT4frw~1kiTI6QfEeWF6gpqp4BTmQ : eQJvsjn9EeWJaxK5AT4frw :eQJvsjn9EeWJaxK5AT4frw~hb9yr8iFEeWUXxL-L9OQmQ : 1 
 eQJvsjn9EeWJaxK5AT4frw~1kiTI6QfEeWF6gpqp4BTmQ : eQJvsjn9EeWJaxK5AT4frw :eQJvsjn9EeWJaxK5AT4frw~GEgdPsdtEeW-3A75XHu5kw : 1 
 eQJvsjn9EeWJaxK5AT4frw~1kiTI6QfEeWF6gpqp4BTmQ : eQJvsjn9EeWJaxK5AT4frw :eQJvsjn9EeWJaxK5AT4frw~lelm2sdfEeW0WApjqIVK7Q : 1 
 eQJvsjn9EeWJaxK5AT4frw~1kiTI6QfEeWF6gpqp4BTmQ : eQJvsjn9EeWJaxK5AT4frw :eQJvsjn9EeWJaxK5AT4frw~-49EWMRWEeWdGw5KNOdybw : 1 
 eQJvsjn9EeWJaxK5AT4frw~1kiTI6QfEeWF6gpqp4BTmQ : eQJvsjn9EeWJaxK5AT4frw :eQJvsjn9EeWJaxK5AT4frw~zkWgSsG8EeWb3QofSqIPlQ : 1 
 eQJvsjn9EeWJaxK5AT4frw~1kiTI6QfEeWF6gpqp4BTmQ : eQJvsjn9EeWJaxK5AT4frw :eQJvsjn9EeWJaxK5AT4frw~_Rj5_8B_EeW_UhLKov_F2Q : 1 
 eQJvsjn9EeWJaxK5AT4frw~1kiTI6QfEeWF6gpqp4BTmQ : eQJvsjn9EeWJaxK5AT4frw :eQJvsjn9EeWJaxK5AT4frw~Up141r5JEeWjxw7W9fJX5Q : 1 
 eQJvsjn9EeWJaxK5AT4frw~1kiTI6QfEeWF6gpqp4BTmQ : eQJvsjn9EeWJaxK5AT4frw :eQJvsjn9EeWJaxK5AT4frw~3mFlFb31EeWSsApeh9GXiQ : 1 
 eQJvsjn9EeWJaxK5AT4frw~1kiTI6QfEeWF6gpqp4BTmQ : eQJvsjn9EeWJaxK5AT4frw :eQJvsjn9EeWJaxK5AT4frw~WGMb_L2iEeWARArsHojuCw : 1 
 eQJvsjn9EeWJaxK5AT4frw~1kiTI6QfEeWF6gpqp4BTmQ : eQJvsjn9EeWJaxK5AT4frw :eQJvsjn9EeWJaxK5AT4frw~ow7zPrzVEeWjxw7W9fJX5Q : 1 
 eQJvsjn9EeWJaxK5AT4frw~1kiTI6QfEeWF6gpqp4BTmQ : eQJvsjn9EeWJaxK5AT4frw :eQJvsjn9EeWJaxK5AT4frw~LaKj87p9EeWXjwr0-3YODw : 1 
 eQJvsjn9EeWJaxK5AT4frw~1kiTI6QfEeWF6gpqp4BTmQ : eQJvsjn9EeWJaxK5AT4frw :eQJvsjn9EeWJaxK5AT4frw~s--tu7oFEeWizw6inkys_w : 1 
 eQJvsjn9EeWJaxK5AT4frw~1kiTI6QfEeWF6gpqp4BTmQ : eQJvsjn9EeWJaxK5AT4frw :eQJvsjn9EeWJaxK5AT4frw~1nMeNLkNEeWlQwoU9G612w : 1 
 eQJvsjn9EeWJaxK5AT4frw~1kiTI6QfEeWF6gpqp4BTmQ : eQJvsjn9EeWJaxK5AT4frw :eQJvsjn9EeWJaxK5AT4frw~aKI9CbgtEeWGphLhfbPAyQ : 1 
 eQJvsjn9EeWJaxK5AT4frw~1kiTI6QfEeWF6gpqp4BTmQ : eQJvsjn9EeWJaxK5AT4frw :eQJvsjn9EeWJaxK5AT4frw~lfZYprcpEeWi8RIB1mPJMw : 1 
 eQJvsjn9EeWJaxK5AT4frw~1kiTI6QfEeWF6gpqp4BTmQ : eQJvsjn9EeWJaxK5AT4frw :eQJvsjn9EeWJaxK5AT4frw~5kpplbb_EeWSBRJpSArseQ : 1 
 eQJvsjn9EeWJaxK5AT4frw~1kiTI6QfEeWF6gpqp4BTmQ : eQJvsjn9EeWJaxK5AT4frw :eQJvsjn9EeWJaxK5AT4frw~66Iq4rb-EeWjxw7W9fJX5Q : 1 
 eQJvsjn9EeWJaxK5AT4frw~1kiTI6QfEeWF6gpqp4BTmQ : eQJvsjn9EeWJaxK5AT4frw :eQJvsjn9EeWJaxK5AT4frw~JH8jR7bREeWJPQ76oZDWrw : 1 
 eQJvsjn9EeWJaxK5AT4frw~1kiTI6QfEeWF6gpqp4BTmQ : eQJvsjn9EeWJaxK5AT4frw :eQJvsjn9EeWJaxK5AT4frw~M1s8SrXFEeWG0xJGD15hdw : 1 
 eQJvsjn9EeWJaxK5AT4frw~1kiTI6QfEeWF6gpqp4BTmQ : eQJvsjn9EeWJaxK5AT4frw :eQJvsjn9EeWJaxK5AT4frw~VLZw4rRkEeWiXxLB9mtqCw : 1 
 eQJvsjn9EeWJaxK5AT4frw~1kiTI6QfEeWF6gpqp4BTmQ : eQJvsjn9EeWJaxK5AT4frw :eQJvsjn9EeWJaxK5AT4frw~rHI3z7ReEeW2LwpPVHyhww : 1 
 eQJvsjn9EeWJaxK5AT4frw~1kiTI6QfEeWF6gpqp4BTmQ : eQJvsjn9EeWJaxK5AT4frw :eQJvsjn9EeWJaxK5AT4frw~CJiE7rKhEeWfHwqjLjBT9w : 1 
 eQJvsjn9EeWJaxK5AT4frw~1kiTI6QfEeWF6gpqp4BTmQ : eQJvsjn9EeWJaxK5AT4frw :eQJvsjn9EeWJaxK5AT4frw~70GvDLKCEeWRTArgYkB6yQ : 1 
 eQJvsjn9EeWJaxK5AT4frw~1kiTI6QfEeWF6gpqp4BTmQ : eQJvsjn9EeWJaxK5AT4frw :eQJvsjn9EeWJaxK5AT4frw~AxsZTbHBEeWjcBKYJq1ZMQ : 1 
 eQJvsjn9EeWJaxK5AT4frw~1kiTI6QfEeWF6gpqp4BTmQ : eQJvsjn9EeWJaxK5AT4frw :eQJvsjn9EeWJaxK5AT4frw~Xio-4a-7EeWF2Q53QdZUbw : 1 
 eQJvsjn9EeWJaxK5AT4frw~1kiTI6QfEeWF6gpqp4BTmQ : eQJvsjn9EeWJaxK5AT4frw :eQJvsjn9EeWJaxK5AT4frw~zu1YAK62EeWacw7zR2f1aQ : 1 
 eQJvsjn9EeWJaxK5AT4frw~1kiTI6QfEeWF6gpqp4BTmQ : eQJvsjn9EeWJaxK5AT4frw :eQJvsjn9EeWJaxK5AT4frw~tMgd160KEeWF2Q53QdZUbw : 1 
 eQJvsjn9EeWJaxK5AT4frw~1kiTI6QfEeWF6gpqp4BTmQ : eQJvsjn9EeWJaxK5AT4frw :eQJvsjn9EeWJaxK5AT4frw~-pOZxqxWEeWHMgod_NjFNw : 1 
 eQJvsjn9EeWJaxK5AT4frw~1kiTI6QfEeWF6gpqp4BTmQ : eQJvsjn9EeWJaxK5AT4frw :eQJvsjn9EeWJaxK5AT4frw~xKQBRaqgEeW2LwpPVHyhww : 1 
 eQJvsjn9EeWJaxK5AT4frw~1kiTI6QfEeWF6gpqp4BTmQ : eQJvsjn9EeWJaxK5AT4frw :eQJvsjn9EeWJaxK5AT4frw~HrmY46nBEeW2NBLvq9LZHQ : 1 
 eQJvsjn9EeWJaxK5AT4frw~1kiTI6QfEeWF6gpqp4BTmQ : eQJvsjn9EeWJaxK5AT4frw :eQJvsjn9EeWJaxK5AT4frw~frSc56miEeWMNQ43fvJXFw : 1 
 eQJvsjn9EeWJaxK5AT4frw~1kiTI6QfEeWF6gpqp4BTmQ : eQJvsjn9EeWJaxK5AT4frw :eQJvsjn9EeWJaxK5AT4frw~EsUtWakJEeWMNQ43fvJXFw : 1 
 eQJvsjn9EeWJaxK5AT4frw~1kiTI6QfEeWF6gpqp4BTmQ : eQJvsjn9EeWJaxK5AT4frw :eQJvsjn9EeWJaxK5AT4frw~6XXfjKh-EeWacw7zR2f1aQ : 1 
 eQJvsjn9EeWJaxK5AT4frw~1kiTI6QfEeWF6gpqp4BTmQ : eQJvsjn9EeWJaxK5AT4frw :eQJvsjn9EeWJaxK5AT4frw~7ZiP6Kf2EeWacw7zR2f1aQ : 1 
 eQJvsjn9EeWJaxK5AT4frw~1kiTI6QfEeWF6gpqp4BTmQ : eQJvsjn9EeWJaxK5AT4frw :eQJvsjn9EeWJaxK5AT4frw~s1FNBqYSEeWG0xJGD15hdw : 1 
 eQJvsjn9EeWJaxK5AT4frw~1kiTI6QfEeWF6gpqp4BTmQ : eQJvsjn9EeWJaxK5AT4frw :eQJvsjn9EeWJaxK5AT4frw~JI-aGaYLEeWF6gpqp4BTmQ : 1 
 eQJvsjn9EeWJaxK5AT4frw~1kiTI6QfEeWF6gpqp4BTmQ : eQJvsjn9EeWJaxK5AT4frw :eQJvsjn9EeWJaxK5AT4frw~1kiTI6QfEeWF6gpqp4BTmQ : 1 
 eQJvsjn9EeWJaxK5AT4frw~BUqa0RN3EeaotQoPyNtt_Q : eQJvsjn9EeWJaxK5AT4frw :eQJvsjn9EeWJaxK5AT4frw~ruR45iLmEeaZ7Q5tseGlgQ : 1 
 eQJvsjn9EeWJaxK5AT4frw~BUqa0RN3EeaotQoPyNtt_Q : eQJvsjn9EeWJaxK5AT4frw :eQJvsjn9EeWJaxK5AT4frw~A5Go5BZJEeaO1w7d1s7iLw : 1 
 eQJvsjn9EeWJaxK5AT4frw~BUqa0RN3EeaotQoPyNtt_Q : eQJvsjn9EeWJaxK5AT4frw :eQJvsjn9EeWJaxK5AT4frw~A5Go5BZJEeaO1w7d1s7iLw : 0 
 eQJvsjn9EeWJaxK5AT4frw~BUqa0RN3EeaotQoPyNtt_Q : eQJvsjn9EeWJaxK5AT4frw :eQJvsjn9EeWJaxK5AT4frw~A5Go5BZJEeaO1w7d1s7iLw : 0 
 eQJvsjn9EeWJaxK5AT4frw~BUqa0RN3EeaotQoPyNtt_Q : eQJvsjn9EeWJaxK5AT4frw :eQJvsjn9EeWJaxK5AT4frw~BUqa0RN3EeaotQoPyNtt_Q : 1 
 eQJvsjn9EeWJaxK5AT4frw~K2CunxicEeaQWw7GElusZw : eQJvsjn9EeWJaxK5AT4frw :eQJvsjn9EeWJaxK5AT4frw~egfurBn5EeaQWw7GElusZw : 1 
 eQJvsjn9EeWJaxK5AT4frw~K2CunxicEeaQWw7GElusZw : eQJvsjn9EeWJaxK5AT4frw :eQJvsjn9EeWJaxK5AT4frw~K2CunxicEeaQWw7GElusZw : 1 
 eQJvsjn9EeWJaxK5AT4frw~hRUPHxlwEea8qw7iXbJ_IQ : eQJvsjn9EeWJaxK5AT4frw :eQJvsjn9EeWJaxK5AT4frw~dQwRqRlyEea8qw7iXbJ_IQ : 1 
 eQJvsjn9EeWJaxK5AT4frw~hRUPHxlwEea8qw7iXbJ_IQ : eQJvsjn9EeWJaxK5AT4frw :eQJvsjn9EeWJaxK5AT4frw~hRUPHxlwEea8qw7iXbJ_IQ : 1 
 eQJvsjn9EeWJaxK5AT4frw~cDF5LhubEeaLhQ74Ufc-sQ : eQJvsjn9EeWJaxK5AT4frw :eQJvsjn9EeWJaxK5AT4frw~0vTpSx3EEeag6wpD-92Rcw : 1 
 eQJvsjn9EeWJaxK5AT4frw~cDF5LhubEeaLhQ74Ufc-sQ : eQJvsjn9EeWJaxK5AT4frw :eQJvsjn9EeWJaxK5AT4frw~cDF5LhubEeaLhQ74Ufc-sQ : 1 
 eQJvsjn9EeWJaxK5AT4frw~DOVIZxvMEeaxVRJ-Fv2Eqw : eQJvsjn9EeWJaxK5AT4frw :eQJvsjn9EeWJaxK5AT4frw~Tp_N0xvNEeaxVRJ-Fv2Eqw : 1 
 eQJvsjn9EeWJaxK5AT4frw~DOVIZxvMEeaxVRJ-Fv2Eqw : eQJvsjn9EeWJaxK5AT4frw :eQJvsjn9EeWJaxK5AT4frw~DOVIZxvMEeaxVRJ-Fv2Eqw : 1 
 eQJvsjn9EeWJaxK5AT4frw~WeVYqB06EeaiOA521kQqww : eQJvsjn9EeWJaxK5AT4frw :eQJvsjn9EeWJaxK5AT4frw~X1WDeiLqEearfA7hVcWeXw : 1 
 eQJvsjn9EeWJaxK5AT4frw~WeVYqB06EeaiOA521kQqww : eQJvsjn9EeWJaxK5AT4frw :eQJvsjn9EeWJaxK5AT4frw~8jG9gSLlEeaGvwq7P--E0Q : 1 
 eQJvsjn9EeWJaxK5AT4frw~WeVYqB06EeaiOA521kQqww : eQJvsjn9EeWJaxK5AT4frw :eQJvsjn9EeWJaxK5AT4frw~WeVYqB06EeaiOA521kQqww : 1 
 eQJvsjn9EeWJaxK5AT4frw~U1AMniB7EeaVDxK4na7kAw : eQJvsjn9EeWJaxK5AT4frw :eQJvsjn9EeWJaxK5AT4frw~6kBzvyu7Eea88hLQJKBf0w : 1 
 eQJvsjn9EeWJaxK5AT4frw~U1AMniB7EeaVDxK4na7kAw : eQJvsjn9EeWJaxK5AT4frw :eQJvsjn9EeWJaxK5AT4frw~9Zo1RCCCEeaZ7Q5tseGlgQ : 1 
 eQJvsjn9EeWJaxK5AT4frw~U1AMniB7EeaVDxK4na7kAw : eQJvsjn9EeWJaxK5AT4frw :eQJvsjn9EeWJaxK5AT4frw~9Zo1RCCCEeaZ7Q5tseGlgQ : 0 
 eQJvsjn9EeWJaxK5AT4frw~U1AMniB7EeaVDxK4na7kAw : eQJvsjn9EeWJaxK5AT4frw :eQJvsjn9EeWJaxK5AT4frw~9Zo1RCCCEeaZ7Q5tseGlgQ : 0 
 eQJvsjn9EeWJaxK5AT4frw~U1AMniB7EeaVDxK4na7kAw : eQJvsjn9EeWJaxK5AT4frw :eQJvsjn9EeWJaxK5AT4frw~U1AMniB7EeaVDxK4na7kAw : 1 
 eQJvsjn9EeWJaxK5AT4frw~ajpSzCGrEea7ohIwwrERow : eQJvsjn9EeWJaxK5AT4frw :eQJvsjn9EeWJaxK5AT4frw~ajpSzCGrEea7ohIwwrERow : 1 
 eQJvsjn9EeWJaxK5AT4frw~rszblyKDEeaGvwq7P--E0Q : eQJvsjn9EeWJaxK5AT4frw :eQJvsjn9EeWJaxK5AT4frw~YZjLnyLkEeaiOA521kQqww : 1 
 eQJvsjn9EeWJaxK5AT4frw~rszblyKDEeaGvwq7P--E0Q : eQJvsjn9EeWJaxK5AT4frw :eQJvsjn9EeWJaxK5AT4frw~YZjLnyLkEeaiOA521kQqww : 0 
 eQJvsjn9EeWJaxK5AT4frw~rszblyKDEeaGvwq7P--E0Q : eQJvsjn9EeWJaxK5AT4frw :eQJvsjn9EeWJaxK5AT4frw~YZjLnyLkEeaiOA521kQqww : 0 
 eQJvsjn9EeWJaxK5AT4frw~rszblyKDEeaGvwq7P--E0Q : eQJvsjn9EeWJaxK5AT4frw :eQJvsjn9EeWJaxK5AT4frw~YZjLnyLkEeaiOA521kQqww : 0 
 eQJvsjn9EeWJaxK5AT4frw~rszblyKDEeaGvwq7P--E0Q : eQJvsjn9EeWJaxK5AT4frw :eQJvsjn9EeWJaxK5AT4frw~YZjLnyLkEeaiOA521kQqww : 0 
 eQJvsjn9EeWJaxK5AT4frw~rszblyKDEeaGvwq7P--E0Q : eQJvsjn9EeWJaxK5AT4frw :eQJvsjn9EeWJaxK5AT4frw~YZjLnyLkEeaiOA521kQqww : 0 
 eQJvsjn9EeWJaxK5AT4frw~rszblyKDEeaGvwq7P--E0Q : eQJvsjn9EeWJaxK5AT4frw :eQJvsjn9EeWJaxK5AT4frw~YZjLnyLkEeaiOA521kQqww : 0 
 eQJvsjn9EeWJaxK5AT4frw~rszblyKDEeaGvwq7P--E0Q : eQJvsjn9EeWJaxK5AT4frw :eQJvsjn9EeWJaxK5AT4frw~YZjLnyLkEeaiOA521kQqww : 0 
 eQJvsjn9EeWJaxK5AT4frw~rszblyKDEeaGvwq7P--E0Q : eQJvsjn9EeWJaxK5AT4frw :eQJvsjn9EeWJaxK5AT4frw~rszblyKDEeaGvwq7P--E0Q : 1 
 eQJvsjn9EeWJaxK5AT4frw~Givf3iPjEeaVDxK4na7kAw : eQJvsjn9EeWJaxK5AT4frw :eQJvsjn9EeWJaxK5AT4frw~Givf3iPjEeaVDxK4na7kAw : 1 
 eQJvsjn9EeWJaxK5AT4frw~lD7p9iQLEeaPqRI66g-Cyw : eQJvsjn9EeWJaxK5AT4frw :eQJvsjn9EeWJaxK5AT4frw~h40sRCubEea-YhKdNUv9pQ : 1 
 eQJvsjn9EeWJaxK5AT4frw~lD7p9iQLEeaPqRI66g-Cyw : eQJvsjn9EeWJaxK5AT4frw :eQJvsjn9EeWJaxK5AT4frw~lD7p9iQLEeaPqRI66g-Cyw : 1 
 eQJvsjn9EeWJaxK5AT4frw~4ej3IiQLEeaZ7Q5tseGlgQ : eQJvsjn9EeWJaxK5AT4frw :eQJvsjn9EeWJaxK5AT4frw~Pn5gaSQoEeaIERIKn_tddw : 1 
 eQJvsjn9EeWJaxK5AT4frw~4ej3IiQLEeaZ7Q5tseGlgQ : eQJvsjn9EeWJaxK5AT4frw :eQJvsjn9EeWJaxK5AT4frw~4ej3IiQLEeaZ7Q5tseGlgQ : 1 
 eQJvsjn9EeWJaxK5AT4frw~2LnfWiUrEeawRg6_aDBdWw : eQJvsjn9EeWJaxK5AT4frw :eQJvsjn9EeWJaxK5AT4frw~hqQhkSr7EeayaAoFBq8aPw : 1 
 eQJvsjn9EeWJaxK5AT4frw~2LnfWiUrEeawRg6_aDBdWw : eQJvsjn9EeWJaxK5AT4frw :eQJvsjn9EeWJaxK5AT4frw~eqA0ViX6EeawRg6_aDBdWw : 1 
 eQJvsjn9EeWJaxK5AT4frw~2LnfWiUrEeawRg6_aDBdWw : eQJvsjn9EeWJaxK5AT4frw :eQJvsjn9EeWJaxK5AT4frw~2LnfWiUrEeawRg6_aDBdWw : 1 
 eQJvsjn9EeWJaxK5AT4frw~yNbs7ieJEeaaVA48G_0dEQ : eQJvsjn9EeWJaxK5AT4frw :eQJvsjn9EeWJaxK5AT4frw~AVtUlyu7Eea2MgrBjcQhKw : 1 
 eQJvsjn9EeWJaxK5AT4frw~yNbs7ieJEeaaVA48G_0dEQ : eQJvsjn9EeWJaxK5AT4frw :eQJvsjn9EeWJaxK5AT4frw~_1OXGygOEea3ThLvjcf5Xw : 1 
 eQJvsjn9EeWJaxK5AT4frw~yNbs7ieJEeaaVA48G_0dEQ : eQJvsjn9EeWJaxK5AT4frw :eQJvsjn9EeWJaxK5AT4frw~yNbs7ieJEeaaVA48G_0dEQ : 1 
 eQJvsjn9EeWJaxK5AT4frw~2-vUxSq9EeayaAoFBq8aPw : eQJvsjn9EeWJaxK5AT4frw :eQJvsjn9EeWJaxK5AT4frw~LWUluirLEeay0BJyTA_AJw : 1 
 eQJvsjn9EeWJaxK5AT4frw~2-vUxSq9EeayaAoFBq8aPw : eQJvsjn9EeWJaxK5AT4frw :eQJvsjn9EeWJaxK5AT4frw~2-vUxSq9EeayaAoFBq8aPw : 1 
 eQJvsjn9EeWJaxK5AT4frw~fRqq2ysBEealng5zBIyoKQ : eQJvsjn9EeWJaxK5AT4frw :eQJvsjn9EeWJaxK5AT4frw~-0MwPyu4EeaaVA48G_0dEQ : 1 
 eQJvsjn9EeWJaxK5AT4frw~fRqq2ysBEealng5zBIyoKQ : eQJvsjn9EeWJaxK5AT4frw :eQJvsjn9EeWJaxK5AT4frw~fRqq2ysBEealng5zBIyoKQ : 1 
 eQJvsjn9EeWJaxK5AT4frw~oy1LWytjEea2MgrBjcQhKw : eQJvsjn9EeWJaxK5AT4frw :eQJvsjn9EeWJaxK5AT4frw~-4xLfyy_Eea2MgrBjcQhKw : 1 
 eQJvsjn9EeWJaxK5AT4frw~oy1LWytjEea2MgrBjcQhKw : eQJvsjn9EeWJaxK5AT4frw :eQJvsjn9EeWJaxK5AT4frw~Mx1VuCt0EeaHEgowKm82Aw : 1 
 eQJvsjn9EeWJaxK5AT4frw~oy1LWytjEea2MgrBjcQhKw : eQJvsjn9EeWJaxK5AT4frw :eQJvsjn9EeWJaxK5AT4frw~oy1LWytjEea2MgrBjcQhKw : 1 
 eQJvsjn9EeWJaxK5AT4frw~ZDgEnStmEeabdwp3JVSF9w : eQJvsjn9EeWJaxK5AT4frw :eQJvsjn9EeWJaxK5AT4frw~Y9noIityEeaCnQ4uxkc-rQ : 1 
 eQJvsjn9EeWJaxK5AT4frw~ZDgEnStmEeabdwp3JVSF9w : eQJvsjn9EeWJaxK5AT4frw :eQJvsjn9EeWJaxK5AT4frw~ZDgEnStmEeabdwp3JVSF9w : 1 
 eQJvsjn9EeWJaxK5AT4frw~C2UUnizCEea0DRLrrvCCTQ : eQJvsjn9EeWJaxK5AT4frw :eQJvsjn9EeWJaxK5AT4frw~C2UUnizCEea0DRLrrvCCTQ : 1 
 eQJvsjn9EeWJaxK5AT4frw~ZwLX5yzTEeay0BJyTA_AJw : eQJvsjn9EeWJaxK5AT4frw :eQJvsjn9EeWJaxK5AT4frw~ZwLX5yzTEeay0BJyTA_AJw : 1 
 eQJvsjn9EeWJaxK5AT4frw~AYg3SDClEea3ThLvjcf5Xw : eQJvsjn9EeWJaxK5AT4frw :eQJvsjn9EeWJaxK5AT4frw~sya5xDFrEeabdwp3JVSF9w : 1 
 eQJvsjn9EeWJaxK5AT4frw~AYg3SDClEea3ThLvjcf5Xw : eQJvsjn9EeWJaxK5AT4frw :eQJvsjn9EeWJaxK5AT4frw~dY2z7jDqEeaatw7rZVB3fw : 1 
 eQJvsjn9EeWJaxK5AT4frw~AYg3SDClEea3ThLvjcf5Xw : eQJvsjn9EeWJaxK5AT4frw :eQJvsjn9EeWJaxK5AT4frw~8eZTUTDgEea2MgrBjcQhKw : 1 
 eQJvsjn9EeWJaxK5AT4frw~AYg3SDClEea3ThLvjcf5Xw : eQJvsjn9EeWJaxK5AT4frw :eQJvsjn9EeWJaxK5AT4frw~im329zDNEea-YhKdNUv9pQ : 1 
 eQJvsjn9EeWJaxK5AT4frw~AYg3SDClEea3ThLvjcf5Xw : eQJvsjn9EeWJaxK5AT4frw :eQJvsjn9EeWJaxK5AT4frw~AYg3SDClEea3ThLvjcf5Xw : 1 
 eQJvsjn9EeWJaxK5AT4frw~6Sc7lTDNEeay0BJyTA_AJw : eQJvsjn9EeWJaxK5AT4frw :eQJvsjn9EeWJaxK5AT4frw~6Sc7lTDNEeay0BJyTA_AJw : 1 
 eQJvsjn9EeWJaxK5AT4frw~SURQab_dEeaN_w7XVB3P7A : eQJvsjn9EeWJaxK5AT4frw :eQJvsjn9EeWJaxK5AT4frw~SURQab_dEeaN_w7XVB3P7A : 1 
 eQJvsjn9EeWJaxK5AT4frw~1nbP4dFIEeaIhQofVhmyRg : eQJvsjn9EeWJaxK5AT4frw :eQJvsjn9EeWJaxK5AT4frw~SXOfkdneEeaEthJbD8ymiA : 1 
 eQJvsjn9EeWJaxK5AT4frw~1nbP4dFIEeaIhQofVhmyRg : eQJvsjn9EeWJaxK5AT4frw :eQJvsjn9EeWJaxK5AT4frw~1nbP4dFIEeaIhQofVhmyRg : 1 
 eQJvsjn9EeWJaxK5AT4frw~yIAs9NFUEeaojBLaZc925A : eQJvsjn9EeWJaxK5AT4frw :eQJvsjn9EeWJaxK5AT4frw~yoC7R9FYEeazcw6hvE_jtg : 1 
 eQJvsjn9EeWJaxK5AT4frw~yIAs9NFUEeaojBLaZc925A : eQJvsjn9EeWJaxK5AT4frw :eQJvsjn9EeWJaxK5AT4frw~nXiiUdFWEeaIhQofVhmyRg : 1 
 eQJvsjn9EeWJaxK5AT4frw~yIAs9NFUEeaojBLaZc925A : eQJvsjn9EeWJaxK5AT4frw :eQJvsjn9EeWJaxK5AT4frw~yIAs9NFUEeaojBLaZc925A : 1 
 Picking threads where an instructor has **not** replied

 Starting to loop over all the threads for eQJvsjn9EeWJaxK5AT4frw 	 deORDij3Eea7jBLLHPwd0w 

 eQJvsjn9EeWJaxK5AT4frw~ht4RKulvEeWFuw7QEATDpw : eQJvsjn9EeWJaxK5AT4frw :eQJvsjn9EeWJaxK5AT4frw~ht4RKulvEeWFuw7QEATDpw : 1 
 eQJvsjn9EeWJaxK5AT4frw~hfgTGhEdEea0FgrDsuIyMQ : eQJvsjn9EeWJaxK5AT4frw :eQJvsjn9EeWJaxK5AT4frw~LN4obhoZEeaP6xImEh3H8w : 1 
 eQJvsjn9EeWJaxK5AT4frw~hfgTGhEdEea0FgrDsuIyMQ : eQJvsjn9EeWJaxK5AT4frw :eQJvsjn9EeWJaxK5AT4frw~hfgTGhEdEea0FgrDsuIyMQ : 1 
 eQJvsjn9EeWJaxK5AT4frw~eeNm6BJtEea63hJ3Ni_BAw : eQJvsjn9EeWJaxK5AT4frw :eQJvsjn9EeWJaxK5AT4frw~gCBoHRNEEeaqig5uXwUeGw : 1 
 eQJvsjn9EeWJaxK5AT4frw~eeNm6BJtEea63hJ3Ni_BAw : eQJvsjn9EeWJaxK5AT4frw :eQJvsjn9EeWJaxK5AT4frw~Wi-vYBLUEeaxsBIihWq87Q : 1 
 eQJvsjn9EeWJaxK5AT4frw~eeNm6BJtEea63hJ3Ni_BAw : eQJvsjn9EeWJaxK5AT4frw :eQJvsjn9EeWJaxK5AT4frw~eeNm6BJtEea63hJ3Ni_BAw : 1 
 eQJvsjn9EeWJaxK5AT4frw~jOtmARapEeaNagrozOF-VQ : eQJvsjn9EeWJaxK5AT4frw :eQJvsjn9EeWJaxK5AT4frw~9GqhxhcgEeasSgqcZTBEmw : 1 
 eQJvsjn9EeWJaxK5AT4frw~jOtmARapEeaNagrozOF-VQ : eQJvsjn9EeWJaxK5AT4frw :eQJvsjn9EeWJaxK5AT4frw~wHJb6RcZEeaG9hJ5J1R7HQ : 1 
 eQJvsjn9EeWJaxK5AT4frw~jOtmARapEeaNagrozOF-VQ : eQJvsjn9EeWJaxK5AT4frw :eQJvsjn9EeWJaxK5AT4frw~thGWYxbgEea0FgrDsuIyMQ : 1 
 eQJvsjn9EeWJaxK5AT4frw~jOtmARapEeaNagrozOF-VQ : eQJvsjn9EeWJaxK5AT4frw :eQJvsjn9EeWJaxK5AT4frw~jOtmARapEeaNagrozOF-VQ : 1 
 eQJvsjn9EeWJaxK5AT4frw~FlW27hb6Eeac7Ao-bdNLhQ : eQJvsjn9EeWJaxK5AT4frw :eQJvsjn9EeWJaxK5AT4frw~GgSEhBeyEeaG9hJ5J1R7HQ : 1 
 eQJvsjn9EeWJaxK5AT4frw~FlW27hb6Eeac7Ao-bdNLhQ : eQJvsjn9EeWJaxK5AT4frw :eQJvsjn9EeWJaxK5AT4frw~UawfCRc8EeauxQoPktIdZw : 1 
 eQJvsjn9EeWJaxK5AT4frw~FlW27hb6Eeac7Ao-bdNLhQ : eQJvsjn9EeWJaxK5AT4frw :eQJvsjn9EeWJaxK5AT4frw~FlW27hb6Eeac7Ao-bdNLhQ : 1 
 eQJvsjn9EeWJaxK5AT4frw~M5VDCRgnEeagYwrS71wzzQ : eQJvsjn9EeWJaxK5AT4frw :eQJvsjn9EeWJaxK5AT4frw~JR7b0BhIEeaVGhJkV5uBJw : 1 
 eQJvsjn9EeWJaxK5AT4frw~M5VDCRgnEeagYwrS71wzzQ : eQJvsjn9EeWJaxK5AT4frw :eQJvsjn9EeWJaxK5AT4frw~um_yPxhEEea2HQ7RJsoMiQ : 1 
 eQJvsjn9EeWJaxK5AT4frw~M5VDCRgnEeagYwrS71wzzQ : eQJvsjn9EeWJaxK5AT4frw :eQJvsjn9EeWJaxK5AT4frw~M5VDCRgnEeagYwrS71wzzQ : 1 
 eQJvsjn9EeWJaxK5AT4frw~XIJpPBnuEeaP6xImEh3H8w : eQJvsjn9EeWJaxK5AT4frw :eQJvsjn9EeWJaxK5AT4frw~yrTYMRn1EeaIJBLsrsqR1Q : 1 
 eQJvsjn9EeWJaxK5AT4frw~XIJpPBnuEeaP6xImEh3H8w : eQJvsjn9EeWJaxK5AT4frw :eQJvsjn9EeWJaxK5AT4frw~yrTYMRn1EeaIJBLsrsqR1Q : 0 
 eQJvsjn9EeWJaxK5AT4frw~XIJpPBnuEeaP6xImEh3H8w : eQJvsjn9EeWJaxK5AT4frw :eQJvsjn9EeWJaxK5AT4frw~yrTYMRn1EeaIJBLsrsqR1Q : 0 
 eQJvsjn9EeWJaxK5AT4frw~XIJpPBnuEeaP6xImEh3H8w : eQJvsjn9EeWJaxK5AT4frw :eQJvsjn9EeWJaxK5AT4frw~yrTYMRn1EeaIJBLsrsqR1Q : 0 
 eQJvsjn9EeWJaxK5AT4frw~XIJpPBnuEeaP6xImEh3H8w : eQJvsjn9EeWJaxK5AT4frw :eQJvsjn9EeWJaxK5AT4frw~yrTYMRn1EeaIJBLsrsqR1Q : 0 
 eQJvsjn9EeWJaxK5AT4frw~XIJpPBnuEeaP6xImEh3H8w : eQJvsjn9EeWJaxK5AT4frw :eQJvsjn9EeWJaxK5AT4frw~XIJpPBnuEeaP6xImEh3H8w : 1 
 eQJvsjn9EeWJaxK5AT4frw~kDtguhnuEeagmg7UfyjMTw : eQJvsjn9EeWJaxK5AT4frw :eQJvsjn9EeWJaxK5AT4frw~Jy7NShr_EeasSgqcZTBEmw : 1 
 eQJvsjn9EeWJaxK5AT4frw~kDtguhnuEeagmg7UfyjMTw : eQJvsjn9EeWJaxK5AT4frw :eQJvsjn9EeWJaxK5AT4frw~Jy7NShr_EeasSgqcZTBEmw : 0 
 eQJvsjn9EeWJaxK5AT4frw~kDtguhnuEeagmg7UfyjMTw : eQJvsjn9EeWJaxK5AT4frw :eQJvsjn9EeWJaxK5AT4frw~Jy7NShr_EeasSgqcZTBEmw : 0 
 eQJvsjn9EeWJaxK5AT4frw~kDtguhnuEeagmg7UfyjMTw : eQJvsjn9EeWJaxK5AT4frw :eQJvsjn9EeWJaxK5AT4frw~Jy7NShr_EeasSgqcZTBEmw : 0 
 eQJvsjn9EeWJaxK5AT4frw~kDtguhnuEeagmg7UfyjMTw : eQJvsjn9EeWJaxK5AT4frw :eQJvsjn9EeWJaxK5AT4frw~Jy7NShr_EeasSgqcZTBEmw : 0 
 eQJvsjn9EeWJaxK5AT4frw~kDtguhnuEeagmg7UfyjMTw : eQJvsjn9EeWJaxK5AT4frw :eQJvsjn9EeWJaxK5AT4frw~Jy7NShr_EeasSgqcZTBEmw : 0 
 eQJvsjn9EeWJaxK5AT4frw~kDtguhnuEeagmg7UfyjMTw : eQJvsjn9EeWJaxK5AT4frw :eQJvsjn9EeWJaxK5AT4frw~Jy7NShr_EeasSgqcZTBEmw : 0 
 eQJvsjn9EeWJaxK5AT4frw~kDtguhnuEeagmg7UfyjMTw : eQJvsjn9EeWJaxK5AT4frw :eQJvsjn9EeWJaxK5AT4frw~Jy7NShr_EeasSgqcZTBEmw : 0 
 eQJvsjn9EeWJaxK5AT4frw~kDtguhnuEeagmg7UfyjMTw : eQJvsjn9EeWJaxK5AT4frw :eQJvsjn9EeWJaxK5AT4frw~Jy7NShr_EeasSgqcZTBEmw : 0 
 eQJvsjn9EeWJaxK5AT4frw~kDtguhnuEeagmg7UfyjMTw : eQJvsjn9EeWJaxK5AT4frw :eQJvsjn9EeWJaxK5AT4frw~lGbtLBr9EeaG9hJ5J1R7HQ : 1 
 eQJvsjn9EeWJaxK5AT4frw~kDtguhnuEeagmg7UfyjMTw : eQJvsjn9EeWJaxK5AT4frw :eQJvsjn9EeWJaxK5AT4frw~TxCTPBn_EeasSgqcZTBEmw : 1 
 eQJvsjn9EeWJaxK5AT4frw~kDtguhnuEeagmg7UfyjMTw : eQJvsjn9EeWJaxK5AT4frw :eQJvsjn9EeWJaxK5AT4frw~qVwIyRn9EeauxQoPktIdZw : 1 
 eQJvsjn9EeWJaxK5AT4frw~kDtguhnuEeagmg7UfyjMTw : eQJvsjn9EeWJaxK5AT4frw :eQJvsjn9EeWJaxK5AT4frw~MD5IqBn8EeaG9hJ5J1R7HQ : 1 
 eQJvsjn9EeWJaxK5AT4frw~kDtguhnuEeagmg7UfyjMTw : eQJvsjn9EeWJaxK5AT4frw :eQJvsjn9EeWJaxK5AT4frw~_A5paRn6EeaLhQ74Ufc-sQ : 1 
 eQJvsjn9EeWJaxK5AT4frw~kDtguhnuEeagmg7UfyjMTw : eQJvsjn9EeWJaxK5AT4frw :eQJvsjn9EeWJaxK5AT4frw~-15XhRnzEeaBXxJTkdMcSQ : 1 
 eQJvsjn9EeWJaxK5AT4frw~kDtguhnuEeagmg7UfyjMTw : eQJvsjn9EeWJaxK5AT4frw :eQJvsjn9EeWJaxK5AT4frw~kDtguhnuEeagmg7UfyjMTw : 1 
 eQJvsjn9EeWJaxK5AT4frw~1BY5lxqeEeaQWw7GElusZw : eQJvsjn9EeWJaxK5AT4frw :eQJvsjn9EeWJaxK5AT4frw~1BY5lxqeEeaQWw7GElusZw : 1 
 eQJvsjn9EeWJaxK5AT4frw~MpFx5xrJEea8qw7iXbJ_IQ : eQJvsjn9EeWJaxK5AT4frw :eQJvsjn9EeWJaxK5AT4frw~ciLkfBtYEeaBXxJTkdMcSQ : 1 
 eQJvsjn9EeWJaxK5AT4frw~MpFx5xrJEea8qw7iXbJ_IQ : eQJvsjn9EeWJaxK5AT4frw :eQJvsjn9EeWJaxK5AT4frw~n8fXWBrcEeagmg7UfyjMTw : 1 
 eQJvsjn9EeWJaxK5AT4frw~MpFx5xrJEea8qw7iXbJ_IQ : eQJvsjn9EeWJaxK5AT4frw :eQJvsjn9EeWJaxK5AT4frw~fw1PCRraEeasSgqcZTBEmw : 1 
 eQJvsjn9EeWJaxK5AT4frw~MpFx5xrJEea8qw7iXbJ_IQ : eQJvsjn9EeWJaxK5AT4frw :eQJvsjn9EeWJaxK5AT4frw~MpFx5xrJEea8qw7iXbJ_IQ : 1 
 eQJvsjn9EeWJaxK5AT4frw~7Fn1sRraEeasSgqcZTBEmw : eQJvsjn9EeWJaxK5AT4frw :eQJvsjn9EeWJaxK5AT4frw~7Fn1sRraEeasSgqcZTBEmw : 1 
 eQJvsjn9EeWJaxK5AT4frw~1otouxshEeasSgqcZTBEmw : eQJvsjn9EeWJaxK5AT4frw :eQJvsjn9EeWJaxK5AT4frw~BiNKHx59Eea_TAo4ODIo0w : 1 
 eQJvsjn9EeWJaxK5AT4frw~1otouxshEeasSgqcZTBEmw : eQJvsjn9EeWJaxK5AT4frw :eQJvsjn9EeWJaxK5AT4frw~26Eu1RuGEeawBQpBGS9q9w : 1 
 eQJvsjn9EeWJaxK5AT4frw~1otouxshEeasSgqcZTBEmw : eQJvsjn9EeWJaxK5AT4frw :eQJvsjn9EeWJaxK5AT4frw~1otouxshEeasSgqcZTBEmw : 1 
 eQJvsjn9EeWJaxK5AT4frw~98dqZBt6EeauxQoPktIdZw : eQJvsjn9EeWJaxK5AT4frw :eQJvsjn9EeWJaxK5AT4frw~gLTjfxuEEeac7Ao-bdNLhQ : 1 
 eQJvsjn9EeWJaxK5AT4frw~98dqZBt6EeauxQoPktIdZw : eQJvsjn9EeWJaxK5AT4frw :eQJvsjn9EeWJaxK5AT4frw~98dqZBt6EeauxQoPktIdZw : 1 
 eQJvsjn9EeWJaxK5AT4frw~My2y3huCEea2HQ7RJsoMiQ : eQJvsjn9EeWJaxK5AT4frw :eQJvsjn9EeWJaxK5AT4frw~aRmBgCEjEea_TAo4ODIo0w : 1 
 eQJvsjn9EeWJaxK5AT4frw~My2y3huCEea2HQ7RJsoMiQ : eQJvsjn9EeWJaxK5AT4frw :eQJvsjn9EeWJaxK5AT4frw~k9-tSRu8EeaLhQ74Ufc-sQ : 1 
 eQJvsjn9EeWJaxK5AT4frw~My2y3huCEea2HQ7RJsoMiQ : eQJvsjn9EeWJaxK5AT4frw :eQJvsjn9EeWJaxK5AT4frw~My2y3huCEea2HQ7RJsoMiQ : 1 
 eQJvsjn9EeWJaxK5AT4frw~Q4VGYR6qEea_TAo4ODIo0w : eQJvsjn9EeWJaxK5AT4frw :eQJvsjn9EeWJaxK5AT4frw~Q4VGYR6qEea_TAo4ODIo0w : 1 
 eQJvsjn9EeWJaxK5AT4frw~bGy72SgNEeaKAhJC1hWxEQ : eQJvsjn9EeWJaxK5AT4frw :eQJvsjn9EeWJaxK5AT4frw~bGy72SgNEeaKAhJC1hWxEQ : 1 
 Picking threads where an instructor has **not** replied

 Starting to loop over all the threads for eQJvsjn9EeWJaxK5AT4frw 	 daavFyj3Eea7jBLLHPwd0w 

 eQJvsjn9EeWJaxK5AT4frw~VwICXhBWEeaxsBIihWq87Q : eQJvsjn9EeWJaxK5AT4frw :eQJvsjn9EeWJaxK5AT4frw~UYnxkBEcEeaAVhLVpQtKaw : 1 
 eQJvsjn9EeWJaxK5AT4frw~VwICXhBWEeaxsBIihWq87Q : eQJvsjn9EeWJaxK5AT4frw :eQJvsjn9EeWJaxK5AT4frw~hyXGYhC6EeaVPQ6kCMKyuQ : 1 
 eQJvsjn9EeWJaxK5AT4frw~VwICXhBWEeaxsBIihWq87Q : eQJvsjn9EeWJaxK5AT4frw :eQJvsjn9EeWJaxK5AT4frw~VwICXhBWEeaxsBIihWq87Q : 1 
 eQJvsjn9EeWJaxK5AT4frw~icT1DxCQEeaxsBIihWq87Q : eQJvsjn9EeWJaxK5AT4frw :eQJvsjn9EeWJaxK5AT4frw~xxlFbxEbEeaotQoPyNtt_Q : 1 
 eQJvsjn9EeWJaxK5AT4frw~icT1DxCQEeaxsBIihWq87Q : eQJvsjn9EeWJaxK5AT4frw :eQJvsjn9EeWJaxK5AT4frw~2OuSLBEOEeawWRJ2-Hqumw : 1 
 eQJvsjn9EeWJaxK5AT4frw~icT1DxCQEeaxsBIihWq87Q : eQJvsjn9EeWJaxK5AT4frw :eQJvsjn9EeWJaxK5AT4frw~k4ACWhC6Eea84w5Krj7Aqw : 1 
 eQJvsjn9EeWJaxK5AT4frw~icT1DxCQEeaxsBIihWq87Q : eQJvsjn9EeWJaxK5AT4frw :eQJvsjn9EeWJaxK5AT4frw~bgs7MxC6EeaxsBIihWq87Q : 1 
 eQJvsjn9EeWJaxK5AT4frw~icT1DxCQEeaxsBIihWq87Q : eQJvsjn9EeWJaxK5AT4frw :eQJvsjn9EeWJaxK5AT4frw~icT1DxCQEeaxsBIihWq87Q : 1 
 eQJvsjn9EeWJaxK5AT4frw~QDDL9RC6EeaNagrozOF-VQ : eQJvsjn9EeWJaxK5AT4frw :eQJvsjn9EeWJaxK5AT4frw~ztazQxiGEeaIJBLsrsqR1Q : 1 
 eQJvsjn9EeWJaxK5AT4frw~QDDL9RC6EeaNagrozOF-VQ : eQJvsjn9EeWJaxK5AT4frw :eQJvsjn9EeWJaxK5AT4frw~SIoyphRZEea44Qp49aJR6w : 1 
 eQJvsjn9EeWJaxK5AT4frw~QDDL9RC6EeaNagrozOF-VQ : eQJvsjn9EeWJaxK5AT4frw :eQJvsjn9EeWJaxK5AT4frw~YQ8uFxOyEeaqig5uXwUeGw : 1 
 eQJvsjn9EeWJaxK5AT4frw~QDDL9RC6EeaNagrozOF-VQ : eQJvsjn9EeWJaxK5AT4frw :eQJvsjn9EeWJaxK5AT4frw~QDDL9RC6EeaNagrozOF-VQ : 1 
 eQJvsjn9EeWJaxK5AT4frw~2cfh1hJpEeaxsBIihWq87Q : eQJvsjn9EeWJaxK5AT4frw :eQJvsjn9EeWJaxK5AT4frw~2cfh1hJpEeaxsBIihWq87Q : 1 
 eQJvsjn9EeWJaxK5AT4frw~F14sNBOzEeaO1w7d1s7iLw : eQJvsjn9EeWJaxK5AT4frw :eQJvsjn9EeWJaxK5AT4frw~F14sNBOzEeaO1w7d1s7iLw : 1 
 eQJvsjn9EeWJaxK5AT4frw~DWaeXxoAEeaP6xImEh3H8w : eQJvsjn9EeWJaxK5AT4frw :eQJvsjn9EeWJaxK5AT4frw~DWaeXxoAEeaP6xImEh3H8w : 1 
 eQJvsjn9EeWJaxK5AT4frw~2Be5BBr9EeauxQoPktIdZw : eQJvsjn9EeWJaxK5AT4frw :eQJvsjn9EeWJaxK5AT4frw~2Be5BBr9EeauxQoPktIdZw : 1 
 eQJvsjn9EeWJaxK5AT4frw~EdNXJh0kEeaNSw6v6KnGpw : eQJvsjn9EeWJaxK5AT4frw :eQJvsjn9EeWJaxK5AT4frw~EdNXJh0kEeaNSw6v6KnGpw : 1 
 Picking threads where an instructor has **not** replied

 Starting to loop over all the threads for eQJvsjn9EeWJaxK5AT4frw 	 da_-BSj3EeaZ8Apto8QB_w 

 eQJvsjn9EeWJaxK5AT4frw~Z1SYpdQfEeW9ug73QL_FVQ : eQJvsjn9EeWJaxK5AT4frw :eQJvsjn9EeWJaxK5AT4frw~Z1SYpdQfEeW9ug73QL_FVQ : 1 
 eQJvsjn9EeWJaxK5AT4frw~U7yq8hCPEea84w5Krj7Aqw : eQJvsjn9EeWJaxK5AT4frw :eQJvsjn9EeWJaxK5AT4frw~U7yq8hCPEea84w5Krj7Aqw : 1 
 eQJvsjn9EeWJaxK5AT4frw~_8IdJBJvEeaNagrozOF-VQ : eQJvsjn9EeWJaxK5AT4frw :eQJvsjn9EeWJaxK5AT4frw~bYW5Lhn5EeaBXxJTkdMcSQ : 1 
 eQJvsjn9EeWJaxK5AT4frw~_8IdJBJvEeaNagrozOF-VQ : eQJvsjn9EeWJaxK5AT4frw :eQJvsjn9EeWJaxK5AT4frw~YoziwRO0EeaO1w7d1s7iLw : 1 
 eQJvsjn9EeWJaxK5AT4frw~_8IdJBJvEeaNagrozOF-VQ : eQJvsjn9EeWJaxK5AT4frw :eQJvsjn9EeWJaxK5AT4frw~_8IdJBJvEeaNagrozOF-VQ : 1 
 eQJvsjn9EeWJaxK5AT4frw~SBS4rhLvEeavcw5bns7DCQ : eQJvsjn9EeWJaxK5AT4frw :eQJvsjn9EeWJaxK5AT4frw~bjysABReEeaAVhLVpQtKaw : 1 
 eQJvsjn9EeWJaxK5AT4frw~SBS4rhLvEeavcw5bns7DCQ : eQJvsjn9EeWJaxK5AT4frw :eQJvsjn9EeWJaxK5AT4frw~bjysABReEeaAVhLVpQtKaw : 0 
 eQJvsjn9EeWJaxK5AT4frw~SBS4rhLvEeavcw5bns7DCQ : eQJvsjn9EeWJaxK5AT4frw :eQJvsjn9EeWJaxK5AT4frw~SBS4rhLvEeavcw5bns7DCQ : 1 
 eQJvsjn9EeWJaxK5AT4frw~MTo2sxiOEeaP6xImEh3H8w : eQJvsjn9EeWJaxK5AT4frw :eQJvsjn9EeWJaxK5AT4frw~MTo2sxiOEeaP6xImEh3H8w : 1 
 eQJvsjn9EeWJaxK5AT4frw~XHYgYxrKEeaVGhJkV5uBJw : eQJvsjn9EeWJaxK5AT4frw :eQJvsjn9EeWJaxK5AT4frw~XHYgYxrKEeaVGhJkV5uBJw : 1 
 eQJvsjn9EeWJaxK5AT4frw~_kYz3h9_EeanEw4Bwn2GsQ : eQJvsjn9EeWJaxK5AT4frw :eQJvsjn9EeWJaxK5AT4frw~YQHGtR-AEeaiOA521kQqww : 1 
 eQJvsjn9EeWJaxK5AT4frw~_kYz3h9_EeanEw4Bwn2GsQ : eQJvsjn9EeWJaxK5AT4frw :eQJvsjn9EeWJaxK5AT4frw~_kYz3h9_EeanEw4Bwn2GsQ : 1 
 eQJvsjn9EeWJaxK5AT4frw~snnIKCEEEea_TAo4ODIo0w : eQJvsjn9EeWJaxK5AT4frw :eQJvsjn9EeWJaxK5AT4frw~snnIKCEEEea_TAo4ODIo0w : 1 
 eQJvsjn9EeWJaxK5AT4frw~-Qr9eSP3EearfA7hVcWeXw : eQJvsjn9EeWJaxK5AT4frw :eQJvsjn9EeWJaxK5AT4frw~-Qr9eSP3EearfA7hVcWeXw : 1 
 eQJvsjn9EeWJaxK5AT4frw~S77MU4UoEearVhJfoMXTAQ : eQJvsjn9EeWJaxK5AT4frw :eQJvsjn9EeWJaxK5AT4frw~S77MU4UoEearVhJfoMXTAQ : 1 
 eQJvsjn9EeWJaxK5AT4frw~ivQ1ysgJEea7thLw1oXWkA : eQJvsjn9EeWJaxK5AT4frw :eQJvsjn9EeWJaxK5AT4frw~ivQ1ysgJEea7thLw1oXWkA : 1 