
 Writing feature file for potentially 130 threads

 Writing feature file for thread: eQJvsjn9EeWJaxK5AT4frw Lecture eQJvsjn9EeWJaxK5AT4frw~wBHH-RLaEeaSqwpdV4Ekkw 74 UNK
 Writing feature file for thread: eQJvsjn9EeWJaxK5AT4frw Lecture eQJvsjn9EeWJaxK5AT4frw~wb6ikBe-EeawBQpBGS9q9w 57 UNK
 Writing feature file for thread: eQJvsjn9EeWJaxK5AT4frw Lecture eQJvsjn9EeWJaxK5AT4frw~73hlsxrVEeagYwrS71wzzQ 60 UNK
 Writing feature file for thread: eQJvsjn9EeWJaxK5AT4frw Lecture eQJvsjn9EeWJaxK5AT4frw~P8Y8dxygEeaVDxK4na7kAw 129 UNK
 Writing feature file for thread: eQJvsjn9EeWJaxK5AT4frw Lecture eQJvsjn9EeWJaxK5AT4frw~EI7KBSJQEea3JA6-1_N9Kw 97 UNK
 Writing feature file for thread: eQJvsjn9EeWJaxK5AT4frw Lecture eQJvsjn9EeWJaxK5AT4frw~LYZ7XR_3EeaG3QqLdYDICw 100 UNK
 Writing feature file for thread: eQJvsjn9EeWJaxK5AT4frw Lecture eQJvsjn9EeWJaxK5AT4frw~48lPYBbtEeaQWw7GElusZw 92 UNK
 Writing feature file for thread: eQJvsjn9EeWJaxK5AT4frw Lecture eQJvsjn9EeWJaxK5AT4frw~hEIG-hRpEeaNagrozOF-VQ 15 UNK
 Writing feature file for thread: eQJvsjn9EeWJaxK5AT4frw Lecture eQJvsjn9EeWJaxK5AT4frw~VfTDViqQEeay0BJyTA_AJw 41 UNK
 Writing feature file for thread: eQJvsjn9EeWJaxK5AT4frw Lecture eQJvsjn9EeWJaxK5AT4frw~AVPmHhVjEeawWRJ2-Hqumw 93 UNK
 Writing feature file for thread: eQJvsjn9EeWJaxK5AT4frw Lecture eQJvsjn9EeWJaxK5AT4frw~h-Bd3xn8EeaVGhJkV5uBJw 83 UNK
 Writing feature file for thread: eQJvsjn9EeWJaxK5AT4frw Lecture eQJvsjn9EeWJaxK5AT4frw~vggJxxivEeagmg7UfyjMTw 11 UNK
 Writing feature file for thread: eQJvsjn9EeWJaxK5AT4frw Lecture eQJvsjn9EeWJaxK5AT4frw~c-cUUh0DEeaiOA521kQqww 8 UNK
 Writing feature file for thread: eQJvsjn9EeWJaxK5AT4frw Lecture eQJvsjn9EeWJaxK5AT4frw~QLwETRMlEeaSqwpdV4Ekkw 72 UNK
 Writing feature file for thread: eQJvsjn9EeWJaxK5AT4frw Lecture eQJvsjn9EeWJaxK5AT4frw~i7PlAxeUEeagmg7UfyjMTw 61 UNK
 Writing feature file for thread: eQJvsjn9EeWJaxK5AT4frw Lecture eQJvsjn9EeWJaxK5AT4frw~5XUvGRaREeaSqwpdV4Ekkw 58 UNK
 Writing feature file for thread: eQJvsjn9EeWJaxK5AT4frw Lecture eQJvsjn9EeWJaxK5AT4frw~r2-FOy-WEea88hLQJKBf0w 34 UNK
 Writing feature file for thread: eQJvsjn9EeWJaxK5AT4frw Lecture eQJvsjn9EeWJaxK5AT4frw~myqCRhazEeaqig5uXwUeGw 89 UNK
 Writing feature file for thread: eQJvsjn9EeWJaxK5AT4frw Lecture eQJvsjn9EeWJaxK5AT4frw~HwoAuhIzEeaSqwpdV4Ekkw 87 UNK
 Writing feature file for thread: eQJvsjn9EeWJaxK5AT4frw Lecture eQJvsjn9EeWJaxK5AT4frw~1ruLkRY9EeaxsBIihWq87Q 88 UNK
 Writing feature file for thread: eQJvsjn9EeWJaxK5AT4frw Lecture eQJvsjn9EeWJaxK5AT4frw~P7b2xhS1Eea84w5Krj7Aqw 90 UNK
 Writing feature file for thread: eQJvsjn9EeWJaxK5AT4frw Lecture eQJvsjn9EeWJaxK5AT4frw~ZsVV0Rl3Eeac7Ao-bdNLhQ 55 UNK
 Writing feature file for thread: eQJvsjn9EeWJaxK5AT4frw Lecture eQJvsjn9EeWJaxK5AT4frw~caOw7B0kEea_TAo4ODIo0w 68 UNK
 Writing feature file for thread: eQJvsjn9EeWJaxK5AT4frw Lecture eQJvsjn9EeWJaxK5AT4frw~7yep3Ll-EeWB9hL4Wm06nQ 95 UNK
 Writing feature file for thread: eQJvsjn9EeWJaxK5AT4frw Lecture eQJvsjn9EeWJaxK5AT4frw~qmjblRpgEea2HQ7RJsoMiQ 71 UNK
 Writing feature file for thread: eQJvsjn9EeWJaxK5AT4frw Lecture eQJvsjn9EeWJaxK5AT4frw~pD6pBhm6EeagYwrS71wzzQ 77 UNK
 Writing feature file for thread: eQJvsjn9EeWJaxK5AT4frw Lecture eQJvsjn9EeWJaxK5AT4frw~C3QnXRY4Eea84w5Krj7Aqw 14 UNK
 Writing feature file for thread: eQJvsjn9EeWJaxK5AT4frw Lecture eQJvsjn9EeWJaxK5AT4frw~twGJKBw-Eea3JA6-1_N9Kw 4 UNK
 Writing feature file for thread: eQJvsjn9EeWJaxK5AT4frw Lecture eQJvsjn9EeWJaxK5AT4frw~KoUsYyEREeaxVRJ-Fv2Eqw 121 UNK
 Writing feature file for thread: eQJvsjn9EeWJaxK5AT4frw Lecture eQJvsjn9EeWJaxK5AT4frw~Ngychhj8EeaQWw7GElusZw 82 UNK
 Writing feature file for thread: eQJvsjn9EeWJaxK5AT4frw Lecture eQJvsjn9EeWJaxK5AT4frw~VbqKxRQmEea0FgrDsuIyMQ 12 UNK
 Writing feature file for thread: eQJvsjn9EeWJaxK5AT4frw Lecture eQJvsjn9EeWJaxK5AT4frw~x7YHThpQEeaBXxJTkdMcSQ 73 UNK
 Writing feature file for thread: eQJvsjn9EeWJaxK5AT4frw Lecture eQJvsjn9EeWJaxK5AT4frw~YQGRIBybEeag6wpD-92Rcw 70 UNK
 Writing feature file for thread: eQJvsjn9EeWJaxK5AT4frw Lecture eQJvsjn9EeWJaxK5AT4frw~KCiCNBLbEeavcw5bns7DCQ 17 UNK
 Writing feature file for thread: eQJvsjn9EeWJaxK5AT4frw Lecture eQJvsjn9EeWJaxK5AT4frw~IQfnCjEcEeay0BJyTA_AJw 31 UNK
 Writing feature file for thread: eQJvsjn9EeWJaxK5AT4frw Lecture eQJvsjn9EeWJaxK5AT4frw~WA2Oaya4EeacKhJ2Eiev7Q 118 UNK
 Writing feature file for thread: eQJvsjn9EeWJaxK5AT4frw Lecture eQJvsjn9EeWJaxK5AT4frw~Nrou7Ri0EeaP6xImEh3H8w 84 UNK