
 Using database file at C:/Users/kevin/OneDrive/Documents/FYP/Muthu_api/lib4moocdata/coursera/bin/../data/coursera
 Using data from Errata, Lecture, Homework, Exam forumtypes
 Doing dfSoKyj3EeaZ8Apto8QB_w of eQJvsjn9EeWJaxK5AT4frw
 eQJvsjn9EeWJaxK5AT4frw 	 eQJvsjn9EeWJaxK5AT4frw~P8Y8dxygEeaVDxK4na7kAw 	 1463540446998 	 eQJvsjn9EeWJaxK5AT4frw~uBULhBykEea0fgo0T3qZ0Q
 eQJvsjn9EeWJaxK5AT4frw ||eQJvsjn9EeWJaxK5AT4frw~P8Y8dxygEeaVDxK4na7kAw ||eQJvsjn9EeWJaxK5AT4frw~6XUUaxyjEeaVDxK4na7kAw
 No cmnt records for eQJvsjn9EeWJaxK5AT4frw~P8Y8dxygEeaVDxK4na7kAw eQJvsjn9EeWJaxK5AT4frw dfSoKyj3EeaZ8Apto8QB_w
 eQJvsjn9EeWJaxK5AT4frw ||eQJvsjn9EeWJaxK5AT4frw~P8Y8dxygEeaVDxK4na7kAw ||eQJvsjn9EeWJaxK5AT4frw~P8Y8dxygEeaVDxK4na7kAw
 No cmnt records for eQJvsjn9EeWJaxK5AT4frw~P8Y8dxygEeaVDxK4na7kAw eQJvsjn9EeWJaxK5AT4frw dfSoKyj3EeaZ8Apto8QB_w
 eQJvsjn9EeWJaxK5AT4frw 	 eQJvsjn9EeWJaxK5AT4frw~KoUsYyEREeaxVRJ-Fv2Eqw 	 1464041857744 	 eQJvsjn9EeWJaxK5AT4frw~KC0dYyE0EeaNSw6v6KnGpw
 eQJvsjn9EeWJaxK5AT4frw ||eQJvsjn9EeWJaxK5AT4frw~KoUsYyEREeaxVRJ-Fv2Eqw ||eQJvsjn9EeWJaxK5AT4frw~KoUsYyEREeaxVRJ-Fv2Eqw
 No cmnt records for eQJvsjn9EeWJaxK5AT4frw~KoUsYyEREeaxVRJ-Fv2Eqw eQJvsjn9EeWJaxK5AT4frw dfSoKyj3EeaZ8Apto8QB_w
 eQJvsjn9EeWJaxK5AT4frw 	 eQJvsjn9EeWJaxK5AT4frw~WA2Oaya4EeacKhJ2Eiev7Q 	 1464734396202 	 eQJvsjn9EeWJaxK5AT4frw~mUOZOCeAEeah7Ap12GQcTQ
 eQJvsjn9EeWJaxK5AT4frw ||eQJvsjn9EeWJaxK5AT4frw~WA2Oaya4EeacKhJ2Eiev7Q ||eQJvsjn9EeWJaxK5AT4frw~WA2Oaya4EeacKhJ2Eiev7Q
 No cmnt records for eQJvsjn9EeWJaxK5AT4frw~WA2Oaya4EeacKhJ2Eiev7Q eQJvsjn9EeWJaxK5AT4frw dfSoKyj3EeaZ8Apto8QB_w
 eQJvsjn9EeWJaxK5AT4frw ||eQJvsjn9EeWJaxK5AT4frw~WA2Oaya4EeacKhJ2Eiev7Q ||eQJvsjn9EeWJaxK5AT4frw~iQaiXia4EeaUkQpCWfYnAQ
 No cmnt records for eQJvsjn9EeWJaxK5AT4frw~WA2Oaya4EeacKhJ2Eiev7Q eQJvsjn9EeWJaxK5AT4frw dfSoKyj3EeaZ8Apto8QB_w
 Doing ddvv7Cj3Eea7jBLLHPwd0w of eQJvsjn9EeWJaxK5AT4frw
 eQJvsjn9EeWJaxK5AT4frw 	 eQJvsjn9EeWJaxK5AT4frw~i7PlAxeUEeagmg7UfyjMTw 	 1462999487933 	 eQJvsjn9EeWJaxK5AT4frw~M1pm7Re5EeagYwrS71wzzQ
 eQJvsjn9EeWJaxK5AT4frw ||eQJvsjn9EeWJaxK5AT4frw~i7PlAxeUEeagmg7UfyjMTw ||eQJvsjn9EeWJaxK5AT4frw~i7PlAxeUEeagmg7UfyjMTw
 No cmnt records for eQJvsjn9EeWJaxK5AT4frw~i7PlAxeUEeagmg7UfyjMTw eQJvsjn9EeWJaxK5AT4frw ddvv7Cj3Eea7jBLLHPwd0w
 eQJvsjn9EeWJaxK5AT4frw 	 eQJvsjn9EeWJaxK5AT4frw~73hlsxrVEeagYwrS71wzzQ 	 1463599007481 	 eQJvsjn9EeWJaxK5AT4frw~ENmfRx0tEeaPqRI66g-Cyw
 eQJvsjn9EeWJaxK5AT4frw ||eQJvsjn9EeWJaxK5AT4frw~73hlsxrVEeagYwrS71wzzQ ||eQJvsjn9EeWJaxK5AT4frw~73hlsxrVEeagYwrS71wzzQ
 No cmnt records for eQJvsjn9EeWJaxK5AT4frw~73hlsxrVEeagYwrS71wzzQ eQJvsjn9EeWJaxK5AT4frw ddvv7Cj3Eea7jBLLHPwd0w
 eQJvsjn9EeWJaxK5AT4frw ||eQJvsjn9EeWJaxK5AT4frw~73hlsxrVEeagYwrS71wzzQ ||eQJvsjn9EeWJaxK5AT4frw~0Q61mh0GEeaHYQrA6vK1PQ
 No cmnt records for eQJvsjn9EeWJaxK5AT4frw~73hlsxrVEeagYwrS71wzzQ eQJvsjn9EeWJaxK5AT4frw ddvv7Cj3Eea7jBLLHPwd0w
 Doing deun1Sj3Eea8jw6UvTi2Tw of eQJvsjn9EeWJaxK5AT4frw
 eQJvsjn9EeWJaxK5AT4frw 	 eQJvsjn9EeWJaxK5AT4frw~7yep3Ll-EeWB9hL4Wm06nQ 	 1452643036171 	 eQJvsjn9EeWJaxK5AT4frw~NRGt0bmIEeWB9hL4Wm06nQ
 eQJvsjn9EeWJaxK5AT4frw ||eQJvsjn9EeWJaxK5AT4frw~7yep3Ll-EeWB9hL4Wm06nQ ||eQJvsjn9EeWJaxK5AT4frw~7yep3Ll-EeWB9hL4Wm06nQ
 No cmnt records for eQJvsjn9EeWJaxK5AT4frw~7yep3Ll-EeWB9hL4Wm06nQ eQJvsjn9EeWJaxK5AT4frw deun1Sj3Eea8jw6UvTi2Tw
 eQJvsjn9EeWJaxK5AT4frw 	 eQJvsjn9EeWJaxK5AT4frw~LYZ7XR_3EeaG3QqLdYDICw 	 1463942607993 	 eQJvsjn9EeWJaxK5AT4frw~Erb2oiBNEea3JA6-1_N9Kw
 eQJvsjn9EeWJaxK5AT4frw ||eQJvsjn9EeWJaxK5AT4frw~LYZ7XR_3EeaG3QqLdYDICw ||eQJvsjn9EeWJaxK5AT4frw~LYZ7XR_3EeaG3QqLdYDICw
 No cmnt records for eQJvsjn9EeWJaxK5AT4frw~LYZ7XR_3EeaG3QqLdYDICw eQJvsjn9EeWJaxK5AT4frw deun1Sj3Eea8jw6UvTi2Tw
 eQJvsjn9EeWJaxK5AT4frw ||eQJvsjn9EeWJaxK5AT4frw~LYZ7XR_3EeaG3QqLdYDICw ||eQJvsjn9EeWJaxK5AT4frw~7_SXFyAIEeanEw4Bwn2GsQ
 No cmnt records for eQJvsjn9EeWJaxK5AT4frw~LYZ7XR_3EeaG3QqLdYDICw eQJvsjn9EeWJaxK5AT4frw deun1Sj3Eea8jw6UvTi2Tw
 eQJvsjn9EeWJaxK5AT4frw 	 eQJvsjn9EeWJaxK5AT4frw~EI7KBSJQEea3JA6-1_N9Kw 	 1464232918209 	 eQJvsjn9EeWJaxK5AT4frw~ARZzmiLxEeaVDxK4na7kAw
 eQJvsjn9EeWJaxK5AT4frw ||eQJvsjn9EeWJaxK5AT4frw~EI7KBSJQEea3JA6-1_N9Kw ||eQJvsjn9EeWJaxK5AT4frw~EI7KBSJQEea3JA6-1_N9Kw
 No cmnt records for eQJvsjn9EeWJaxK5AT4frw~EI7KBSJQEea3JA6-1_N9Kw eQJvsjn9EeWJaxK5AT4frw deun1Sj3Eea8jw6UvTi2Tw
 eQJvsjn9EeWJaxK5AT4frw ||eQJvsjn9EeWJaxK5AT4frw~EI7KBSJQEea3JA6-1_N9Kw ||eQJvsjn9EeWJaxK5AT4frw~z6FuTiJQEeanEw4Bwn2GsQ
 No cmnt records for eQJvsjn9EeWJaxK5AT4frw~EI7KBSJQEea3JA6-1_N9Kw eQJvsjn9EeWJaxK5AT4frw deun1Sj3Eea8jw6UvTi2Tw
 Doing ddSdZCj3Eea8jw6UvTi2Tw of eQJvsjn9EeWJaxK5AT4frw
 eQJvsjn9EeWJaxK5AT4frw 	 eQJvsjn9EeWJaxK5AT4frw~5XUvGRaREeaSqwpdV4Ekkw 	 1462938682826 	 eQJvsjn9EeWJaxK5AT4frw~oK9i6xcrEeaQWw7GElusZw
 eQJvsjn9EeWJaxK5AT4frw ||eQJvsjn9EeWJaxK5AT4frw~5XUvGRaREeaSqwpdV4Ekkw ||eQJvsjn9EeWJaxK5AT4frw~5XUvGRaREeaSqwpdV4Ekkw
 No cmnt records for eQJvsjn9EeWJaxK5AT4frw~5XUvGRaREeaSqwpdV4Ekkw eQJvsjn9EeWJaxK5AT4frw ddSdZCj3Eea8jw6UvTi2Tw
 eQJvsjn9EeWJaxK5AT4frw 	 eQJvsjn9EeWJaxK5AT4frw~wb6ikBe-EeawBQpBGS9q9w 	 1463068374777 	 eQJvsjn9EeWJaxK5AT4frw~lxyevRhZEeasSgqcZTBEmw
 eQJvsjn9EeWJaxK5AT4frw ||eQJvsjn9EeWJaxK5AT4frw~wb6ikBe-EeawBQpBGS9q9w ||eQJvsjn9EeWJaxK5AT4frw~wb6ikBe-EeawBQpBGS9q9w
 No cmnt records for eQJvsjn9EeWJaxK5AT4frw~wb6ikBe-EeawBQpBGS9q9w eQJvsjn9EeWJaxK5AT4frw ddSdZCj3Eea8jw6UvTi2Tw
 eQJvsjn9EeWJaxK5AT4frw 	 eQJvsjn9EeWJaxK5AT4frw~ZsVV0Rl3Eeac7Ao-bdNLhQ 	 1463193724163 	 eQJvsjn9EeWJaxK5AT4frw~cSsFsBl9EeauxQoPktIdZw
 eQJvsjn9EeWJaxK5AT4frw ||eQJvsjn9EeWJaxK5AT4frw~ZsVV0Rl3Eeac7Ao-bdNLhQ ||eQJvsjn9EeWJaxK5AT4frw~ZsVV0Rl3Eeac7Ao-bdNLhQ
 No cmnt records for eQJvsjn9EeWJaxK5AT4frw~ZsVV0Rl3Eeac7Ao-bdNLhQ eQJvsjn9EeWJaxK5AT4frw ddSdZCj3Eea8jw6UvTi2Tw
 eQJvsjn9EeWJaxK5AT4frw 	 eQJvsjn9EeWJaxK5AT4frw~VfTDViqQEeay0BJyTA_AJw 	 1465195067436 	 eQJvsjn9EeWJaxK5AT4frw~Lrd3eiuxEeayaAoFBq8aPw
 eQJvsjn9EeWJaxK5AT4frw ||eQJvsjn9EeWJaxK5AT4frw~VfTDViqQEeay0BJyTA_AJw ||eQJvsjn9EeWJaxK5AT4frw~04WuKyr7Eeay0BJyTA_AJw
 No cmnt records for eQJvsjn9EeWJaxK5AT4frw~VfTDViqQEeay0BJyTA_AJw eQJvsjn9EeWJaxK5AT4frw ddSdZCj3Eea8jw6UvTi2Tw
 eQJvsjn9EeWJaxK5AT4frw ||eQJvsjn9EeWJaxK5AT4frw~VfTDViqQEeay0BJyTA_AJw ||eQJvsjn9EeWJaxK5AT4frw~VfTDViqQEeay0BJyTA_AJw
 No cmnt records for eQJvsjn9EeWJaxK5AT4frw~VfTDViqQEeay0BJyTA_AJw eQJvsjn9EeWJaxK5AT4frw ddSdZCj3Eea8jw6UvTi2Tw
 eQJvsjn9EeWJaxK5AT4frw 	 eQJvsjn9EeWJaxK5AT4frw~r2-FOy-WEea88hLQJKBf0w 	 1465702835169 	 eQJvsjn9EeWJaxK5AT4frw~a97FKDBPEeabvwrOSKMg4w
 eQJvsjn9EeWJaxK5AT4frw ||eQJvsjn9EeWJaxK5AT4frw~r2-FOy-WEea88hLQJKBf0w ||eQJvsjn9EeWJaxK5AT4frw~r2-FOy-WEea88hLQJKBf0w
 No cmnt records for eQJvsjn9EeWJaxK5AT4frw~r2-FOy-WEea88hLQJKBf0w eQJvsjn9EeWJaxK5AT4frw ddSdZCj3Eea8jw6UvTi2Tw
 eQJvsjn9EeWJaxK5AT4frw 	 eQJvsjn9EeWJaxK5AT4frw~IQfnCjEcEeay0BJyTA_AJw 	 1465956294039 	 eQJvsjn9EeWJaxK5AT4frw~jVaqGzKdEeakfw5ltszKlw
 eQJvsjn9EeWJaxK5AT4frw ||eQJvsjn9EeWJaxK5AT4frw~IQfnCjEcEeay0BJyTA_AJw ||eQJvsjn9EeWJaxK5AT4frw~IQfnCjEcEeay0BJyTA_AJw
 No cmnt records for eQJvsjn9EeWJaxK5AT4frw~IQfnCjEcEeay0BJyTA_AJw eQJvsjn9EeWJaxK5AT4frw ddSdZCj3Eea8jw6UvTi2Tw
 Doing deORDij3Eea7jBLLHPwd0w of eQJvsjn9EeWJaxK5AT4frw
 eQJvsjn9EeWJaxK5AT4frw 	 eQJvsjn9EeWJaxK5AT4frw~HwoAuhIzEeaSqwpdV4Ekkw 	 1462394109444 	 eQJvsjn9EeWJaxK5AT4frw~sae8aRI3EeaSqwpdV4Ekkw
 eQJvsjn9EeWJaxK5AT4frw ||eQJvsjn9EeWJaxK5AT4frw~HwoAuhIzEeaSqwpdV4Ekkw ||eQJvsjn9EeWJaxK5AT4frw~HwoAuhIzEeaSqwpdV4Ekkw
 No cmnt records for eQJvsjn9EeWJaxK5AT4frw~HwoAuhIzEeaSqwpdV4Ekkw eQJvsjn9EeWJaxK5AT4frw deORDij3Eea7jBLLHPwd0w
 eQJvsjn9EeWJaxK5AT4frw 	 eQJvsjn9EeWJaxK5AT4frw~wBHH-RLaEeaSqwpdV4Ekkw 	 1462510007791 	 eQJvsjn9EeWJaxK5AT4frw~inQIbxNFEea63hJ3Ni_BAw
 eQJvsjn9EeWJaxK5AT4frw ||eQJvsjn9EeWJaxK5AT4frw~wBHH-RLaEeaSqwpdV4Ekkw ||eQJvsjn9EeWJaxK5AT4frw~wBHH-RLaEeaSqwpdV4Ekkw
 No cmnt records for eQJvsjn9EeWJaxK5AT4frw~wBHH-RLaEeaSqwpdV4Ekkw eQJvsjn9EeWJaxK5AT4frw deORDij3Eea7jBLLHPwd0w
 eQJvsjn9EeWJaxK5AT4frw 	 eQJvsjn9EeWJaxK5AT4frw~QLwETRMlEeaSqwpdV4Ekkw 	 1462529550414 	 eQJvsjn9EeWJaxK5AT4frw~CsOnXBNzEeaZrBJIefqa4w
 eQJvsjn9EeWJaxK5AT4frw ||eQJvsjn9EeWJaxK5AT4frw~QLwETRMlEeaSqwpdV4Ekkw ||eQJvsjn9EeWJaxK5AT4frw~QLwETRMlEeaSqwpdV4Ekkw
 No cmnt records for eQJvsjn9EeWJaxK5AT4frw~QLwETRMlEeaSqwpdV4Ekkw eQJvsjn9EeWJaxK5AT4frw deORDij3Eea7jBLLHPwd0w
 eQJvsjn9EeWJaxK5AT4frw 	 eQJvsjn9EeWJaxK5AT4frw~P7b2xhS1Eea84w5Krj7Aqw 	 9999999999999 	 999999999
 eQJvsjn9EeWJaxK5AT4frw ||eQJvsjn9EeWJaxK5AT4frw~P7b2xhS1Eea84w5Krj7Aqw ||eQJvsjn9EeWJaxK5AT4frw~KKfJphTLEea44Qp49aJR6w
 No cmnt records for eQJvsjn9EeWJaxK5AT4frw~P7b2xhS1Eea84w5Krj7Aqw eQJvsjn9EeWJaxK5AT4frw deORDij3Eea7jBLLHPwd0w
 eQJvsjn9EeWJaxK5AT4frw ||eQJvsjn9EeWJaxK5AT4frw~P7b2xhS1Eea84w5Krj7Aqw ||eQJvsjn9EeWJaxK5AT4frw~P7b2xhS1Eea84w5Krj7Aqw
 No cmnt records for eQJvsjn9EeWJaxK5AT4frw~P7b2xhS1Eea84w5Krj7Aqw eQJvsjn9EeWJaxK5AT4frw deORDij3Eea7jBLLHPwd0w
 eQJvsjn9EeWJaxK5AT4frw ||eQJvsjn9EeWJaxK5AT4frw~P7b2xhS1Eea84w5Krj7Aqw ||eQJvsjn9EeWJaxK5AT4frw~ayBM_hYSEea44Qp49aJR6w
 eQJvsjn9EeWJaxK5AT4frw || eQJvsjn9EeWJaxK5AT4frw~10_SshbQEeaxsBIihWq87Q ||eQJvsjn9EeWJaxK5AT4frw~P7b2xhS1Eea84w5Krj7Aqw ||eQJvsjn9EeWJaxK5AT4frw~ayBM_hYSEea44Qp49aJR6w
 eQJvsjn9EeWJaxK5AT4frw || eQJvsjn9EeWJaxK5AT4frw~YNCJLRZ2EeaZrBJIefqa4w ||eQJvsjn9EeWJaxK5AT4frw~P7b2xhS1Eea84w5Krj7Aqw ||eQJvsjn9EeWJaxK5AT4frw~ayBM_hYSEea44Qp49aJR6w
 eQJvsjn9EeWJaxK5AT4frw || eQJvsjn9EeWJaxK5AT4frw~loA_7xaeEea44Qp49aJR6w ||eQJvsjn9EeWJaxK5AT4frw~P7b2xhS1Eea84w5Krj7Aqw ||eQJvsjn9EeWJaxK5AT4frw~ayBM_hYSEea44Qp49aJR6w
 eQJvsjn9EeWJaxK5AT4frw 	 eQJvsjn9EeWJaxK5AT4frw~AVPmHhVjEeawWRJ2-Hqumw 	 1462766731671 	 eQJvsjn9EeWJaxK5AT4frw~Rc9bPxWbEeaVPQ6kCMKyuQ
 eQJvsjn9EeWJaxK5AT4frw ||eQJvsjn9EeWJaxK5AT4frw~AVPmHhVjEeawWRJ2-Hqumw ||eQJvsjn9EeWJaxK5AT4frw~AVPmHhVjEeawWRJ2-Hqumw
 No cmnt records for eQJvsjn9EeWJaxK5AT4frw~AVPmHhVjEeawWRJ2-Hqumw eQJvsjn9EeWJaxK5AT4frw deORDij3Eea7jBLLHPwd0w
 eQJvsjn9EeWJaxK5AT4frw 	 eQJvsjn9EeWJaxK5AT4frw~1ruLkRY9EeaxsBIihWq87Q 	 9999999999999 	 999999999
 eQJvsjn9EeWJaxK5AT4frw ||eQJvsjn9EeWJaxK5AT4frw~1ruLkRY9EeaxsBIihWq87Q ||eQJvsjn9EeWJaxK5AT4frw~pgkayBZeEeaNagrozOF-VQ
 eQJvsjn9EeWJaxK5AT4frw || eQJvsjn9EeWJaxK5AT4frw~Ld68mhacEeaSqwpdV4Ekkw ||eQJvsjn9EeWJaxK5AT4frw~1ruLkRY9EeaxsBIihWq87Q ||eQJvsjn9EeWJaxK5AT4frw~pgkayBZeEeaNagrozOF-VQ
 eQJvsjn9EeWJaxK5AT4frw ||eQJvsjn9EeWJaxK5AT4frw~1ruLkRY9EeaxsBIihWq87Q ||eQJvsjn9EeWJaxK5AT4frw~1ruLkRY9EeaxsBIihWq87Q
 No cmnt records for eQJvsjn9EeWJaxK5AT4frw~1ruLkRY9EeaxsBIihWq87Q eQJvsjn9EeWJaxK5AT4frw deORDij3Eea7jBLLHPwd0w
 eQJvsjn9EeWJaxK5AT4frw 	 eQJvsjn9EeWJaxK5AT4frw~myqCRhazEeaqig5uXwUeGw 	 1462937269609 	 eQJvsjn9EeWJaxK5AT4frw~VleWRxcoEeaVGhJkV5uBJw
 eQJvsjn9EeWJaxK5AT4frw ||eQJvsjn9EeWJaxK5AT4frw~myqCRhazEeaqig5uXwUeGw ||eQJvsjn9EeWJaxK5AT4frw~myqCRhazEeaqig5uXwUeGw
 No cmnt records for eQJvsjn9EeWJaxK5AT4frw~myqCRhazEeaqig5uXwUeGw eQJvsjn9EeWJaxK5AT4frw deORDij3Eea7jBLLHPwd0w
 eQJvsjn9EeWJaxK5AT4frw 	 eQJvsjn9EeWJaxK5AT4frw~48lPYBbtEeaQWw7GElusZw 	 1462931632036 	 eQJvsjn9EeWJaxK5AT4frw~NhY2tBcbEeaP6xImEh3H8w
 eQJvsjn9EeWJaxK5AT4frw ||eQJvsjn9EeWJaxK5AT4frw~48lPYBbtEeaQWw7GElusZw ||eQJvsjn9EeWJaxK5AT4frw~48lPYBbtEeaQWw7GElusZw
 No cmnt records for eQJvsjn9EeWJaxK5AT4frw~48lPYBbtEeaQWw7GElusZw eQJvsjn9EeWJaxK5AT4frw deORDij3Eea7jBLLHPwd0w
 eQJvsjn9EeWJaxK5AT4frw 	 eQJvsjn9EeWJaxK5AT4frw~Nrou7Ri0EeaP6xImEh3H8w 	 1463130864552 	 eQJvsjn9EeWJaxK5AT4frw~FeuS7hjrEeagYwrS71wzzQ
 eQJvsjn9EeWJaxK5AT4frw ||eQJvsjn9EeWJaxK5AT4frw~Nrou7Ri0EeaP6xImEh3H8w ||eQJvsjn9EeWJaxK5AT4frw~Nrou7Ri0EeaP6xImEh3H8w
 No cmnt records for eQJvsjn9EeWJaxK5AT4frw~Nrou7Ri0EeaP6xImEh3H8w eQJvsjn9EeWJaxK5AT4frw deORDij3Eea7jBLLHPwd0w
 eQJvsjn9EeWJaxK5AT4frw 	 eQJvsjn9EeWJaxK5AT4frw~Ngychhj8EeaQWw7GElusZw 	 1463187433465 	 eQJvsjn9EeWJaxK5AT4frw~y56vahluEea8qw7iXbJ_IQ
 eQJvsjn9EeWJaxK5AT4frw ||eQJvsjn9EeWJaxK5AT4frw~Ngychhj8EeaQWw7GElusZw ||eQJvsjn9EeWJaxK5AT4frw~Ngychhj8EeaQWw7GElusZw
 No cmnt records for eQJvsjn9EeWJaxK5AT4frw~Ngychhj8EeaQWw7GElusZw eQJvsjn9EeWJaxK5AT4frw deORDij3Eea7jBLLHPwd0w
 eQJvsjn9EeWJaxK5AT4frw 	 eQJvsjn9EeWJaxK5AT4frw~pD6pBhm6EeagYwrS71wzzQ 	 1463243545907 	 eQJvsjn9EeWJaxK5AT4frw~cT3YfRnxEeaBXxJTkdMcSQ
 eQJvsjn9EeWJaxK5AT4frw ||eQJvsjn9EeWJaxK5AT4frw~pD6pBhm6EeagYwrS71wzzQ ||eQJvsjn9EeWJaxK5AT4frw~pD6pBhm6EeagYwrS71wzzQ
 No cmnt records for eQJvsjn9EeWJaxK5AT4frw~pD6pBhm6EeagYwrS71wzzQ eQJvsjn9EeWJaxK5AT4frw deORDij3Eea7jBLLHPwd0w
 eQJvsjn9EeWJaxK5AT4frw 	 eQJvsjn9EeWJaxK5AT4frw~h-Bd3xn8EeaVGhJkV5uBJw 	 1463250670769 	 eQJvsjn9EeWJaxK5AT4frw~B_2CnhoCEeac7Ao-bdNLhQ
 eQJvsjn9EeWJaxK5AT4frw ||eQJvsjn9EeWJaxK5AT4frw~h-Bd3xn8EeaVGhJkV5uBJw ||eQJvsjn9EeWJaxK5AT4frw~h-Bd3xn8EeaVGhJkV5uBJw
 No cmnt records for eQJvsjn9EeWJaxK5AT4frw~h-Bd3xn8EeaVGhJkV5uBJw eQJvsjn9EeWJaxK5AT4frw deORDij3Eea7jBLLHPwd0w
 eQJvsjn9EeWJaxK5AT4frw ||eQJvsjn9EeWJaxK5AT4frw~h-Bd3xn8EeaVGhJkV5uBJw ||eQJvsjn9EeWJaxK5AT4frw~4JeP_RoAEeaIJBLsrsqR1Q
 No cmnt records for eQJvsjn9EeWJaxK5AT4frw~h-Bd3xn8EeaVGhJkV5uBJw eQJvsjn9EeWJaxK5AT4frw deORDij3Eea7jBLLHPwd0w
 eQJvsjn9EeWJaxK5AT4frw 	 eQJvsjn9EeWJaxK5AT4frw~x7YHThpQEeaBXxJTkdMcSQ 	 1463447040234 	 eQJvsjn9EeWJaxK5AT4frw~PU_1ABvLEea7ohIwwrERow
 eQJvsjn9EeWJaxK5AT4frw ||eQJvsjn9EeWJaxK5AT4frw~x7YHThpQEeaBXxJTkdMcSQ ||eQJvsjn9EeWJaxK5AT4frw~x7YHThpQEeaBXxJTkdMcSQ
 No cmnt records for eQJvsjn9EeWJaxK5AT4frw~x7YHThpQEeaBXxJTkdMcSQ eQJvsjn9EeWJaxK5AT4frw deORDij3Eea7jBLLHPwd0w
 eQJvsjn9EeWJaxK5AT4frw ||eQJvsjn9EeWJaxK5AT4frw~x7YHThpQEeaBXxJTkdMcSQ ||eQJvsjn9EeWJaxK5AT4frw~hrL2tRteEeasSgqcZTBEmw
 No cmnt records for eQJvsjn9EeWJaxK5AT4frw~x7YHThpQEeaBXxJTkdMcSQ eQJvsjn9EeWJaxK5AT4frw deORDij3Eea7jBLLHPwd0w
 eQJvsjn9EeWJaxK5AT4frw ||eQJvsjn9EeWJaxK5AT4frw~x7YHThpQEeaBXxJTkdMcSQ ||eQJvsjn9EeWJaxK5AT4frw~Ps9x9BpaEeaVGhJkV5uBJw
 No cmnt records for eQJvsjn9EeWJaxK5AT4frw~x7YHThpQEeaBXxJTkdMcSQ eQJvsjn9EeWJaxK5AT4frw deORDij3Eea7jBLLHPwd0w
 eQJvsjn9EeWJaxK5AT4frw ||eQJvsjn9EeWJaxK5AT4frw~x7YHThpQEeaBXxJTkdMcSQ ||eQJvsjn9EeWJaxK5AT4frw~czPMExr2EeaVGhJkV5uBJw
 eQJvsjn9EeWJaxK5AT4frw || eQJvsjn9EeWJaxK5AT4frw~SNdiiRr6EeaP6xImEh3H8w ||eQJvsjn9EeWJaxK5AT4frw~x7YHThpQEeaBXxJTkdMcSQ ||eQJvsjn9EeWJaxK5AT4frw~czPMExr2EeaVGhJkV5uBJw
 eQJvsjn9EeWJaxK5AT4frw ||eQJvsjn9EeWJaxK5AT4frw~x7YHThpQEeaBXxJTkdMcSQ ||eQJvsjn9EeWJaxK5AT4frw~hntFVRteEeaVGhJkV5uBJw
 No cmnt records for eQJvsjn9EeWJaxK5AT4frw~x7YHThpQEeaBXxJTkdMcSQ eQJvsjn9EeWJaxK5AT4frw deORDij3Eea7jBLLHPwd0w
 eQJvsjn9EeWJaxK5AT4frw 	 eQJvsjn9EeWJaxK5AT4frw~qmjblRpgEea2HQ7RJsoMiQ 	 1463457532524 	 eQJvsjn9EeWJaxK5AT4frw~qzRa-hvjEea_TAo4ODIo0w
 eQJvsjn9EeWJaxK5AT4frw ||eQJvsjn9EeWJaxK5AT4frw~qmjblRpgEea2HQ7RJsoMiQ ||eQJvsjn9EeWJaxK5AT4frw~BnuydRrIEeaG9hJ5J1R7HQ
 No cmnt records for eQJvsjn9EeWJaxK5AT4frw~qmjblRpgEea2HQ7RJsoMiQ eQJvsjn9EeWJaxK5AT4frw deORDij3Eea7jBLLHPwd0w
 eQJvsjn9EeWJaxK5AT4frw ||eQJvsjn9EeWJaxK5AT4frw~qmjblRpgEea2HQ7RJsoMiQ ||eQJvsjn9EeWJaxK5AT4frw~mufeFBr3EeaVGhJkV5uBJw
 No cmnt records for eQJvsjn9EeWJaxK5AT4frw~qmjblRpgEea2HQ7RJsoMiQ eQJvsjn9EeWJaxK5AT4frw deORDij3Eea7jBLLHPwd0w
 eQJvsjn9EeWJaxK5AT4frw ||eQJvsjn9EeWJaxK5AT4frw~qmjblRpgEea2HQ7RJsoMiQ ||eQJvsjn9EeWJaxK5AT4frw~ETeyHxruEeac7Ao-bdNLhQ
 No cmnt records for eQJvsjn9EeWJaxK5AT4frw~qmjblRpgEea2HQ7RJsoMiQ eQJvsjn9EeWJaxK5AT4frw deORDij3Eea7jBLLHPwd0w
 eQJvsjn9EeWJaxK5AT4frw ||eQJvsjn9EeWJaxK5AT4frw~qmjblRpgEea2HQ7RJsoMiQ ||eQJvsjn9EeWJaxK5AT4frw~h7M4NRreEeaIJBLsrsqR1Q
 No cmnt records for eQJvsjn9EeWJaxK5AT4frw~qmjblRpgEea2HQ7RJsoMiQ eQJvsjn9EeWJaxK5AT4frw deORDij3Eea7jBLLHPwd0w
 eQJvsjn9EeWJaxK5AT4frw ||eQJvsjn9EeWJaxK5AT4frw~qmjblRpgEea2HQ7RJsoMiQ ||eQJvsjn9EeWJaxK5AT4frw~qmjblRpgEea2HQ7RJsoMiQ
 No cmnt records for eQJvsjn9EeWJaxK5AT4frw~qmjblRpgEea2HQ7RJsoMiQ eQJvsjn9EeWJaxK5AT4frw deORDij3Eea7jBLLHPwd0w
 eQJvsjn9EeWJaxK5AT4frw ||eQJvsjn9EeWJaxK5AT4frw~qmjblRpgEea2HQ7RJsoMiQ ||eQJvsjn9EeWJaxK5AT4frw~WGNbQRvREeanEw4Bwn2GsQ
 No cmnt records for eQJvsjn9EeWJaxK5AT4frw~qmjblRpgEea2HQ7RJsoMiQ eQJvsjn9EeWJaxK5AT4frw deORDij3Eea7jBLLHPwd0w
 eQJvsjn9EeWJaxK5AT4frw ||eQJvsjn9EeWJaxK5AT4frw~qmjblRpgEea2HQ7RJsoMiQ ||eQJvsjn9EeWJaxK5AT4frw~ZlFKMBryEeac7Ao-bdNLhQ
 eQJvsjn9EeWJaxK5AT4frw || eQJvsjn9EeWJaxK5AT4frw~mulFBBr0EeaQWw7GElusZw ||eQJvsjn9EeWJaxK5AT4frw~qmjblRpgEea2HQ7RJsoMiQ ||eQJvsjn9EeWJaxK5AT4frw~ZlFKMBryEeac7Ao-bdNLhQ
 eQJvsjn9EeWJaxK5AT4frw 	 eQJvsjn9EeWJaxK5AT4frw~YQGRIBybEeag6wpD-92Rcw 	 1463540903863 	 eQJvsjn9EeWJaxK5AT4frw~yGUc-xylEeaNSw6v6KnGpw
 eQJvsjn9EeWJaxK5AT4frw ||eQJvsjn9EeWJaxK5AT4frw~YQGRIBybEeag6wpD-92Rcw ||eQJvsjn9EeWJaxK5AT4frw~YQGRIBybEeag6wpD-92Rcw
 No cmnt records for eQJvsjn9EeWJaxK5AT4frw~YQGRIBybEeag6wpD-92Rcw eQJvsjn9EeWJaxK5AT4frw deORDij3Eea7jBLLHPwd0w
 eQJvsjn9EeWJaxK5AT4frw 	 eQJvsjn9EeWJaxK5AT4frw~caOw7B0kEea_TAo4ODIo0w 	 1463660474398 	 eQJvsjn9EeWJaxK5AT4frw~LfzT-B28EeaVDxK4na7kAw
 eQJvsjn9EeWJaxK5AT4frw ||eQJvsjn9EeWJaxK5AT4frw~caOw7B0kEea_TAo4ODIo0w ||eQJvsjn9EeWJaxK5AT4frw~caOw7B0kEea_TAo4ODIo0w
 No cmnt records for eQJvsjn9EeWJaxK5AT4frw~caOw7B0kEea_TAo4ODIo0w eQJvsjn9EeWJaxK5AT4frw deORDij3Eea7jBLLHPwd0w
 Doing daavFyj3Eea7jBLLHPwd0w of eQJvsjn9EeWJaxK5AT4frw
 Doing da_-BSj3EeaZ8Apto8QB_w of eQJvsjn9EeWJaxK5AT4frw
 eQJvsjn9EeWJaxK5AT4frw 	 eQJvsjn9EeWJaxK5AT4frw~KCiCNBLbEeavcw5bns7DCQ 	 1462507746999 	 eQJvsjn9EeWJaxK5AT4frw~RuqNXBNAEeaVPQ6kCMKyuQ
 eQJvsjn9EeWJaxK5AT4frw ||eQJvsjn9EeWJaxK5AT4frw~KCiCNBLbEeavcw5bns7DCQ ||eQJvsjn9EeWJaxK5AT4frw~KCiCNBLbEeavcw5bns7DCQ
 No cmnt records for eQJvsjn9EeWJaxK5AT4frw~KCiCNBLbEeavcw5bns7DCQ eQJvsjn9EeWJaxK5AT4frw da_-BSj3EeaZ8Apto8QB_w
 eQJvsjn9EeWJaxK5AT4frw 	 eQJvsjn9EeWJaxK5AT4frw~VbqKxRQmEea0FgrDsuIyMQ 	 1462734848031 	 eQJvsjn9EeWJaxK5AT4frw~CdiOChVREeaotQoPyNtt_Q
 eQJvsjn9EeWJaxK5AT4frw ||eQJvsjn9EeWJaxK5AT4frw~VbqKxRQmEea0FgrDsuIyMQ ||eQJvsjn9EeWJaxK5AT4frw~VbqKxRQmEea0FgrDsuIyMQ
 No cmnt records for eQJvsjn9EeWJaxK5AT4frw~VbqKxRQmEea0FgrDsuIyMQ eQJvsjn9EeWJaxK5AT4frw da_-BSj3EeaZ8Apto8QB_w
 eQJvsjn9EeWJaxK5AT4frw 	 eQJvsjn9EeWJaxK5AT4frw~hEIG-hRpEeaNagrozOF-VQ 	 1462669233074 	 eQJvsjn9EeWJaxK5AT4frw~RIO5qRS4EeaAVhLVpQtKaw
 eQJvsjn9EeWJaxK5AT4frw ||eQJvsjn9EeWJaxK5AT4frw~hEIG-hRpEeaNagrozOF-VQ ||eQJvsjn9EeWJaxK5AT4frw~hEIG-hRpEeaNagrozOF-VQ
 No cmnt records for eQJvsjn9EeWJaxK5AT4frw~hEIG-hRpEeaNagrozOF-VQ eQJvsjn9EeWJaxK5AT4frw da_-BSj3EeaZ8Apto8QB_w
 eQJvsjn9EeWJaxK5AT4frw 	 eQJvsjn9EeWJaxK5AT4frw~C3QnXRY4Eea84w5Krj7Aqw 	 1462834542000 	 eQJvsjn9EeWJaxK5AT4frw~J-prwBY5EeaAVhLVpQtKaw
 eQJvsjn9EeWJaxK5AT4frw ||eQJvsjn9EeWJaxK5AT4frw~C3QnXRY4Eea84w5Krj7Aqw ||eQJvsjn9EeWJaxK5AT4frw~C3QnXRY4Eea84w5Krj7Aqw
 No cmnt records for eQJvsjn9EeWJaxK5AT4frw~C3QnXRY4Eea84w5Krj7Aqw eQJvsjn9EeWJaxK5AT4frw da_-BSj3EeaZ8Apto8QB_w
 eQJvsjn9EeWJaxK5AT4frw 	 eQJvsjn9EeWJaxK5AT4frw~vggJxxivEeagmg7UfyjMTw 	 1463110071946 	 eQJvsjn9EeWJaxK5AT4frw~rI-uxBi6EeagYwrS71wzzQ
 eQJvsjn9EeWJaxK5AT4frw ||eQJvsjn9EeWJaxK5AT4frw~vggJxxivEeagmg7UfyjMTw ||eQJvsjn9EeWJaxK5AT4frw~vggJxxivEeagmg7UfyjMTw
 No cmnt records for eQJvsjn9EeWJaxK5AT4frw~vggJxxivEeagmg7UfyjMTw eQJvsjn9EeWJaxK5AT4frw da_-BSj3EeaZ8Apto8QB_w
 eQJvsjn9EeWJaxK5AT4frw 	 eQJvsjn9EeWJaxK5AT4frw~twGJKBw-Eea3JA6-1_N9Kw 	 1463541326252 	 eQJvsjn9EeWJaxK5AT4frw~xCiO7hymEeaVDxK4na7kAw
 eQJvsjn9EeWJaxK5AT4frw ||eQJvsjn9EeWJaxK5AT4frw~twGJKBw-Eea3JA6-1_N9Kw ||eQJvsjn9EeWJaxK5AT4frw~twGJKBw-Eea3JA6-1_N9Kw
 No cmnt records for eQJvsjn9EeWJaxK5AT4frw~twGJKBw-Eea3JA6-1_N9Kw eQJvsjn9EeWJaxK5AT4frw da_-BSj3EeaZ8Apto8QB_w
 eQJvsjn9EeWJaxK5AT4frw 	 eQJvsjn9EeWJaxK5AT4frw~c-cUUh0DEeaiOA521kQqww 	 1463582199362 	 eQJvsjn9EeWJaxK5AT4frw~7m4y6B0FEeaGvwq7P--E0Q
 eQJvsjn9EeWJaxK5AT4frw ||eQJvsjn9EeWJaxK5AT4frw~c-cUUh0DEeaiOA521kQqww ||eQJvsjn9EeWJaxK5AT4frw~c-cUUh0DEeaiOA521kQqww
 No cmnt records for eQJvsjn9EeWJaxK5AT4frw~c-cUUh0DEeaiOA521kQqww eQJvsjn9EeWJaxK5AT4frw da_-BSj3EeaZ8Apto8QB_w
 #Done#